{"/Users/Adam_Pisky-Nagy/Documents/learning/repos/vue-mentoring/mocks/movieData.mock.ts": {"path":"/Users/Adam_Pisky-Nagy/Documents/learning/repos/vue-mentoring/mocks/movieData.mock.ts","statementMap":{"0":{"start":{"line":3,"column":13},"end":{"line":94,"column":null}}},"fnMap":{},"branchMap":{},"s":{"0":3},"f":{},"b":{}}
,"/Users/Adam_Pisky-Nagy/Documents/learning/repos/vue-mentoring/src/assets/anh.png": {"path":"/Users/Adam_Pisky-Nagy/Documents/learning/repos/vue-mentoring/src/assets/anh.png","statementMap":{"0":{"start":{"line":1,"column":0},"end":{"line":1,"column":19}}},"fnMap":{},"branchMap":{},"s":{"0":3},"f":{},"b":{},"_coverageSchema":"1a1c01bbd47fc00a2c39e90264f33305004495a9","hash":"bd017fd22e9a96478010ede9d85af4f8d093cf97"}
,"/Users/Adam_Pisky-Nagy/Documents/learning/repos/vue-mentoring/src/assets/aotc.png": {"path":"/Users/Adam_Pisky-Nagy/Documents/learning/repos/vue-mentoring/src/assets/aotc.png","statementMap":{"0":{"start":{"line":1,"column":0},"end":{"line":1,"column":19}}},"fnMap":{},"branchMap":{},"s":{"0":1},"f":{},"b":{},"_coverageSchema":"1a1c01bbd47fc00a2c39e90264f33305004495a9","hash":"5f9deb3000c2dd590372f70020dff42d930897c3"}
,"/Users/Adam_Pisky-Nagy/Documents/learning/repos/vue-mentoring/src/assets/rotj.png": {"path":"/Users/Adam_Pisky-Nagy/Documents/learning/repos/vue-mentoring/src/assets/rotj.png","statementMap":{"0":{"start":{"line":1,"column":0},"end":{"line":1,"column":19}}},"fnMap":{},"branchMap":{},"s":{"0":1},"f":{},"b":{},"_coverageSchema":"1a1c01bbd47fc00a2c39e90264f33305004495a9","hash":"612c90a56e16b5aa2b3ce378a88a99593d45f0d8"}
,"/Users/Adam_Pisky-Nagy/Documents/learning/repos/vue-mentoring/src/assets/rots.png": {"path":"/Users/Adam_Pisky-Nagy/Documents/learning/repos/vue-mentoring/src/assets/rots.png","statementMap":{"0":{"start":{"line":1,"column":0},"end":{"line":1,"column":19}}},"fnMap":{},"branchMap":{},"s":{"0":1},"f":{},"b":{},"_coverageSchema":"1a1c01bbd47fc00a2c39e90264f33305004495a9","hash":"1c3c8600be221438bed754a24fef5b9effa7b968"}
,"/Users/Adam_Pisky-Nagy/Documents/learning/repos/vue-mentoring/src/assets/tesb.png": {"path":"/Users/Adam_Pisky-Nagy/Documents/learning/repos/vue-mentoring/src/assets/tesb.png","statementMap":{"0":{"start":{"line":1,"column":0},"end":{"line":1,"column":19}}},"fnMap":{},"branchMap":{},"s":{"0":1},"f":{},"b":{},"_coverageSchema":"1a1c01bbd47fc00a2c39e90264f33305004495a9","hash":"7cc2a64c382dfa9d2cb80f84b1b1ac302a169e54"}
,"/Users/Adam_Pisky-Nagy/Documents/learning/repos/vue-mentoring/src/assets/tpm.png": {"path":"/Users/Adam_Pisky-Nagy/Documents/learning/repos/vue-mentoring/src/assets/tpm.png","statementMap":{"0":{"start":{"line":1,"column":0},"end":{"line":1,"column":19}}},"fnMap":{},"branchMap":{},"s":{"0":1},"f":{},"b":{},"_coverageSchema":"1a1c01bbd47fc00a2c39e90264f33305004495a9","hash":"7dc591b00b72f9b51592b91ce027c4fa94e5d7ee"}
,"/Users/Adam_Pisky-Nagy/Documents/learning/repos/vue-mentoring/src/components/MyButton.vue": {"path":"/Users/Adam_Pisky-Nagy/Documents/learning/repos/vue-mentoring/src/components/MyButton.vue","statementMap":{"0":{"start":{"line":3,"column":0},"end":{"line":5,"column":3}},"1":{"start":{"line":6,"column":12},"end":{"line":6,"column":26}},"2":{"start":{"line":7,"column":0},"end":{"line":57,"column":3}},"3":{"start":{"line":24,"column":4},"end":{"line":26,"column":6}},"4":{"start":{"line":30,"column":6},"end":{"line":33,"column":8}},"5":{"start":{"line":38,"column":18},"end":{"line":38,"column":22}},"6":{"start":{"line":44,"column":6},"end":{"line":53,"column":7}},"7":{"start":{"line":45,"column":27},"end":{"line":48,"column":10}},"8":{"start":{"line":46,"column":22},"end":{"line":46,"column":30}},"9":{"start":{"line":47,"column":10},"end":{"line":47,"column":42}},"10":{"start":{"line":49,"column":8},"end":{"line":49,"column":43}},"11":{"start":{"line":50,"column":8},"end":{"line":50,"column":56}},"12":{"start":{"line":52,"column":8},"end":{"line":52,"column":36}},"13":{"start":{"line":54,"column":6},"end":{"line":54,"column":36}},"14":{"start":{"line":58,"column":0},"end":{"line":58,"column":13}},"15":{"start":{"line":59,"column":0},"end":{"line":59,"column":62}},"16":{"start":{"line":60,"column":0},"end":{"line":60,"column":24}},"17":{"start":{"line":61,"column":12},"end":{"line":61,"column":26}},"18":{"start":{"line":63,"column":4},"end":{"line":84,"column":23}},"19":{"start":{"line":68,"column":27},"end":{"line":68,"column":29}},"20":{"start":{"line":69,"column":16},"end":{"line":71,"column":17}},"21":{"start":{"line":69,"column":30},"end":{"line":69,"column":31}},"22":{"start":{"line":70,"column":20},"end":{"line":70,"column":45}},"23":{"start":{"line":72,"column":16},"end":{"line":72,"column":72}},"24":{"start":{"line":78,"column":16},"end":{"line":81,"column":135}},"25":{"start":{"line":86,"column":0},"end":{"line":86,"column":24}},"26":{"start":{"line":87,"column":1},"end":{"line":87,"column":48}}},"fnMap":{"0":{"name":"(anonymous_0)","decl":{"start":{"line":23,"column":8},"end":{"line":23,"column":9}},"loc":{"start":{"line":23,"column":20},"end":{"line":27,"column":3}},"line":23},"1":{"name":"(anonymous_1)","decl":{"start":{"line":29,"column":14},"end":{"line":29,"column":15}},"loc":{"start":{"line":29,"column":26},"end":{"line":34,"column":5}},"line":29},"2":{"name":"(anonymous_2)","decl":{"start":{"line":37,"column":13},"end":{"line":37,"column":14}},"loc":{"start":{"line":37,"column":25},"end":{"line":55,"column":5}},"line":37},"3":{"name":"(anonymous_3)","decl":{"start":{"line":45,"column":47},"end":{"line":45,"column":48}},"loc":{"start":{"line":45,"column":61},"end":{"line":48,"column":9}},"line":45},"4":{"name":"render","decl":{"start":{"line":62,"column":9},"end":{"line":62,"column":15}},"loc":{"start":{"line":62,"column":30},"end":{"line":85,"column":1}},"line":62},"5":{"name":"(anonymous_5)","decl":{"start":{"line":67,"column":12},"end":{"line":67,"column":13}},"loc":{"start":{"line":67,"column":24},"end":{"line":73,"column":13}},"line":67},"6":{"name":"(anonymous_6)","decl":{"start":{"line":77,"column":139},"end":{"line":77,"column":140}},"loc":{"start":{"line":77,"column":162},"end":{"line":82,"column":13}},"line":77}},"branchMap":{"0":{"loc":{"start":{"line":25,"column":16},"end":{"line":25,"column":88}},"type":"cond-expr","locations":[{"start":{"line":25,"column":48},"end":{"line":25,"column":71}},{"start":{"line":25,"column":74},"end":{"line":25,"column":88}}],"line":25},"1":{"loc":{"start":{"line":44,"column":6},"end":{"line":53,"column":7}},"type":"if","locations":[{"start":{"line":44,"column":6},"end":{"line":53,"column":7}},{"start":{"line":51,"column":13},"end":{"line":53,"column":7}}],"line":44},"2":{"loc":{"start":{"line":65,"column":17},"end":{"line":73,"column":14}},"type":"binary-expr","locations":[{"start":{"line":65,"column":17},"end":{"line":65,"column":26}},{"start":{"line":65,"column":31},"end":{"line":73,"column":13}}],"line":65},"3":{"loc":{"start":{"line":72,"column":24},"end":{"line":72,"column":70}},"type":"binary-expr","locations":[{"start":{"line":72,"column":24},"end":{"line":72,"column":36}},{"start":{"line":72,"column":40},"end":{"line":72,"column":70}}],"line":72},"4":{"loc":{"start":{"line":75,"column":62},"end":{"line":75,"column":134}},"type":"cond-expr","locations":[{"start":{"line":75,"column":99},"end":{"line":75,"column":127}},{"start":{"line":75,"column":130},"end":{"line":75,"column":134}}],"line":75},"5":{"loc":{"start":{"line":76,"column":8},"end":{"line":83,"column":57}},"type":"cond-expr","locations":[{"start":{"line":77,"column":15},"end":{"line":82,"column":41}},{"start":{"line":83,"column":14},"end":{"line":83,"column":57}}],"line":76},"6":{"loc":{"start":{"line":81,"column":46},"end":{"line":81,"column":110}},"type":"cond-expr","locations":[{"start":{"line":81,"column":79},"end":{"line":81,"column":103}},{"start":{"line":81,"column":106},"end":{"line":81,"column":110}}],"line":81}},"s":{"0":3,"1":3,"2":3,"3":17,"4":17,"5":1,"6":1,"7":0,"8":0,"9":0,"10":0,"11":0,"12":1,"13":1,"14":3,"15":3,"16":3,"17":3,"18":17,"19":1,"20":1,"21":1,"22":1,"23":1,"24":18,"25":3,"26":3},"f":{"0":17,"1":17,"2":1,"3":0,"4":17,"5":1,"6":18},"b":{"0":[9,8],"1":[0,1],"2":[17,17],"3":[1,1],"4":[8,9],"5":[9,8],"6":[18,0]},"inputSourceMap":{"0":"{","1":"\"","2":"v","3":"e","4":"r","5":"s","6":"i","7":"o","8":"n","9":"\"","10":":","11":"3","12":",","13":"\"","14":"s","15":"o","16":"u","17":"r","18":"c","19":"e","20":"s","21":"\"","22":":","23":"[","24":"\"","25":"/","26":"U","27":"s","28":"e","29":"r","30":"s","31":"/","32":"A","33":"d","34":"a","35":"m","36":"_","37":"P","38":"i","39":"s","40":"k","41":"y","42":"-","43":"N","44":"a","45":"g","46":"y","47":"/","48":"D","49":"o","50":"c","51":"u","52":"m","53":"e","54":"n","55":"t","56":"s","57":"/","58":"l","59":"e","60":"a","61":"r","62":"n","63":"i","64":"n","65":"g","66":"/","67":"r","68":"e","69":"p","70":"o","71":"s","72":"/","73":"v","74":"u","75":"e","76":"-","77":"m","78":"e","79":"n","80":"t","81":"o","82":"r","83":"i","84":"n","85":"g","86":"/","87":"s","88":"r","89":"c","90":"/","91":"c","92":"o","93":"m","94":"p","95":"o","96":"n","97":"e","98":"n","99":"t","100":"s","101":"/","102":"M","103":"y","104":"B","105":"u","106":"t","107":"t","108":"o","109":"n","110":".","111":"v","112":"u","113":"e","114":"\"","115":"]","116":",","117":"\"","118":"n","119":"a","120":"m","121":"e","122":"s","123":"\"","124":":","125":"[","126":"]","127":",","128":"\"","129":"m","130":"a","131":"p","132":"p","133":"i","134":"n","135":"g","136":"s","137":"\"","138":":","139":"\"","140":";","141":";","142":";","143":";","144":";","145":"A","146":"A","147":"i","148":"B","149":"A","150":";","151":"A","152":"A","153":"E","154":"A","155":",","156":"k","157":"B","158":"A","159":"A","160":"e","161":",","162":"y","163":"B","164":"A","165":"A","166":"e","167":",","168":"E","169":"A","170":"A","171":"C","172":";","173":"E","174":"A","175":"C","176":"7","177":"B","178":",","179":"I","180":"A","181":"A","182":"I","183":",","184":"E","185":"A","186":"A","187":"E","188":",","189":"W","190":"A","191":"A","192":"W","193":";","194":"E","195":"A","196":"C","197":"j","198":"B","199":",","200":"K","201":"A","202":"A","203":"K","204":",","205":"E","206":"A","207":"A","208":"E","209":";","210":"I","211":"A","212":"C","213":"L","214":",","215":"S","216":"A","217":"A","218":"S","219":",","220":"E","221":"A","222":"A","223":"E","224":";","225":"M","226":"A","227":"C","228":"T","229":",","230":"Q","231":"A","232":"A","233":"Q","234":",","235":"E","236":"A","237":"A","238":"E","239":",","240":"I","241":"A","242":"A","243":"I","244":",","245":"C","246":"A","247":"A","248":"C","249":";","250":";","251":";","252":";","253":";","254":";","255":";","256":";","257":";","258":";","259":"G","260":"A","261":"U","262":"l","263":"B","264":";","265":";","266":"E","267":"A","268":"C","269":"D","270":",","271":"I","272":"A","273":"A","274":"I","275":";","276":"I","277":"A","278":"C","279":"F","280":",","281":"O","282":"A","283":"A","284":"O","285":";","286":"M","287":"A","288":"C","289":"L","290":",","291":"Q","292":"A","293":"A","294":"Q","295":",","296":"E","297":"A","298":"A","299":"E","300":",","301":"K","302":"A","303":"A","304":"K","305":",","306":"C","307":"A","308":"A","309":"C","310":",","311":"O","312":"A","313":"A","314":"O","315":",","316":"C","317":"A","318":"A","319":"C","320":",","321":"I","322":"A","323":"A","324":"I","325":",","326":"C","327":"A","328":"A","329":"C","330":",","331":"S","332":"A","333":"A","334":"S","335":",","336":"C","337":"A","338":"A","339":"C","340":",","341":"G","342":"A","343":"C","344":"n","345":"C","346":",","347":"I","348":"A","349":"A","350":"I","351":",","352":"C","353":"A","354":"A","355":"C","356":",","357":"S","358":"A","359":"A","360":"S","361":",","362":"C","363":"A","364":"A","365":"C","366":",","367":"C","368":"A","369":"A","370":"C","371":",","372":"C","373":"A","374":"A","375":"C","376":",","377":"C","378":"A","379":"A","380":"C","381":",","382":"K","383":"A","384":"A","385":"K","386":",","387":"G","388":"A","389":"C","390":"v","391":"B","392":",","393":"I","394":"A","395":"A","396":"I","397":",","398":"C","399":"A","400":"A","401":"C","402":";","403":"K","404":"A","405":"C","406":"V","407":";","408":"E","409":"A","410":"C","411":"H","412":",","413":"C","414":"A","415":"A","416":"C","417":";","418":"E","419":"A","420":"C","421":"D","422":",","423":"Q","424":"A","425":"A","426":"Q","427":",","428":"E","429":"A","430":"A","431":"E","432":";","433":"I","434":"A","435":"C","436":"R","437":",","438":"Q","439":"A","440":"A","441":"Q","442":";","443":"M","444":"A","445":"C","446":"N","447":",","448":"O","449":"A","450":"A","451":"O","452":";","453":"Q","454":"A","455":"C","456":"L","457":",","458":"e","459":"A","460":"A","461":"e","462":",","463":"E","464":"A","465":"A","466":"E","467":",","468":"C","469":"A","470":"A","471":"C","472":",","473":"K","474":"A","475":"A","476":"K","477":",","478":"C","479":"A","480":"A","481":"C","482":",","483":"O","484":"A","485":"A","486":"O","487":",","488":"C","489":"A","490":"A","491":"C","492":",","493":"I","494":"A","495":"A","496":"I","497":",","498":"C","499":"A","500":"A","501":"C","502":",","503":"S","504":"A","505":"A","506":"S","507":",","508":"C","509":"A","510":"A","511":"C","512":";","513":"Q","514":"A","515":"C","516":"/","517":"C","518":",","519":"e","520":"A","521":"A","522":"e","523":",","524":"E","525":"A","526":"A","527":"E","528":",","529":"K","530":"A","531":"A","532":"K","533":",","534":"C","535":"A","536":"A","537":"C","538":",","539":"O","540":"A","541":"A","542":"O","543":",","544":"C","545":"A","546":"A","547":"C","548":",","549":"I","550":"A","551":"A","552":"I","553":",","554":"C","555":"A","556":"A","557":"C","558":",","559":"S","560":"A","561":"A","562":"S","563":";","564":"O","565":"A","566":"C","567":"9","568":"C","569":";","570":"I","571":"A","572":"C","573":"H","574":";","575":"G","576":"A","577":"C","578":"D","579":";","580":"E","581":"A","582":"C","583":"D","584":",","585":"O","586":"A","587":"A","588":"O","589":",","590":"E","591":"A","592":"A","593":"E","594":";","595":"I","596":"A","597":"C","598":"P","599":",","600":"O","601":"A","602":"A","603":"O","604":";","605":"M","606":"A","607":"A","608":"P","609":";","610":"M","611":"A","612":"C","613":"E","614":";","615":";","616":";","617":";","618":";","619":"M","620":"A","621":"K","622":"A","623":",","624":"I","625":"A","626":"A","627":"I","628":",","629":"K","630":"A","631":"A","632":"K","633":",","634":"C","635":"A","636":"A","637":"C","638":",","639":"O","640":"A","641":"A","642":"O","643":",","644":"C","645":"A","646":"A","647":"C","648":",","649":"I","650":"A","651":"A","652":"I","653":",","654":"C","655":"A","656":"A","657":"C","658":",","659":"S","660":"A","661":"A","662":"S","663":",","664":"C","665":"A","666":"A","667":"C","668":",","669":"E","670":"A","671":"A","672":"E","673":";","674":"Q","675":"A","676":"C","677":"j","678":"C","679":",","680":"I","681":"A","682":"A","683":"M","684":",","685":"Y","686":"A","687":"A","688":"Y","689":",","690":"G","691":"A","692":"A","693":"G","694":",","695":"I","696":"A","697":"A","698":"I","699":",","700":"C","701":"A","702":"A","703":"C","704":",","705":"S","706":"A","707":"A","708":"S","709":",","710":"C","711":"A","712":"A","713":"C","714":",","715":"I","716":"A","717":"A","718":"I","719":",","720":"C","721":"A","722":"C","723":"t","724":"C","725":",","726":"U","727":"A","728":"A","729":"C","730":",","731":"E","732":"A","733":"A","734":"S","735":";","736":"c","737":"A","738":"A","739":"P","740":",","741":"K","742":"A","743":"A","744":"K","745":";","746":"U","747":"A","748":"A","749":"O","750":",","751":"Y","752":"A","753":"A","754":"K","755":",","756":"K","757":"A","758":"A","759":"K","760":",","761":"K","762":"A","763":"A","764":"I","765":",","766":"C","767":"A","768":"A","769":"C","770":",","771":"Q","772":"A","773":"A","774":"Q","775":";","776":"Q","777":"A","778":"A","779":"v","780":"B","781":",","782":"C","783":"A","784":"A","785":"u","786":"B","787":",","788":"C","789":"A","790":"C","791":"v","792":"C","793":";","794":"Q","795":"A","796":"C","797":"D","798":",","799":"I","800":"A","801":"A","802":"I","803":",","804":"C","805":"A","806":"A","807":"C","808":",","809":"Q","810":"A","811":"A","812":"Q","813":",","814":"G","815":"A","816":"A","817":"G","818":",","819":"Y","820":"A","821":"A","822":"Y","823":",","824":"C","825":"A","826":"A","827":"C","828":",","829":"K","830":"A","831":"A","832":"K","833":";","834":"Q","835":"A","836":"C","837":"l","838":"C","839":",","840":"I","841":"A","842":"A","843":"I","844":",","845":"C","846":"A","847":"A","848":"C","849":",","850":"K","851":"A","852":"A","853":"K","854":",","855":"C","856":"A","857":"A","858":"C","859":",","860":"e","861":"A","862":"A","863":"e","864":",","865":"E","866":"A","867":"A","868":"E","869":",","870":"Y","871":"A","872":"A","873":"Y","874":",","875":"C","876":"A","877":"A","878":"C","879":",","880":"K","881":"A","882":"A","883":"K","884":",","885":"C","886":"A","887":"A","888":"C","889":";","890":"O","891":"A","892":"C","893":"h","894":"D","895":",","896":"M","897":"A","898":"A","899":"M","900":";","901":"Q","902":"A","903":"C","904":"L","905":",","906":"I","907":"A","908":"A","909":"I","910":",","911":"C","912":"A","913":"A","914":"C","915":",","916":"K","917":"A","918":"A","919":"K","920":",","921":"C","922":"A","923":"A","924":"C","925":",","926":"e","927":"A","928":"A","929":"e","930":",","931":"C","932":"A","933":"A","934":"C","935":";","936":";","937":"M","938":"A","939":"E","940":"7","941":"B","942":",","943":"O","944":"A","945":"A","946":"O","947":",","948":"C","949":"A","950":"A","951":"C","952":",","953":"G","954":"A","955":"A","956":"G","957":",","958":"C","959":"A","960":"A","961":"C","962":",","963":"g","964":"B","965":"A","966":"A","967":"g","968":"B","969":",","970":"C","971":"A","972":"A","973":"C","974":";","975":"I","976":"A","977":"C","978":"/","979":"B","980":";","981":";","982":"C","983":"A","984":"E","985":"H","986":",","987":"C","988":"A","989":"A","990":"C","991":"\"","992":",","993":"\"","994":"f","995":"i","996":"l","997":"e","998":"\"","999":":","1000":"\"","1001":"/","1002":"U","1003":"s","1004":"e","1005":"r","1006":"s","1007":"/","1008":"A","1009":"d","1010":"a","1011":"m","1012":"_","1013":"P","1014":"i","1015":"s","1016":"k","1017":"y","1018":"-","1019":"N","1020":"a","1021":"g","1022":"y","1023":"/","1024":"D","1025":"o","1026":"c","1027":"u","1028":"m","1029":"e","1030":"n","1031":"t","1032":"s","1033":"/","1034":"l","1035":"e","1036":"a","1037":"r","1038":"n","1039":"i","1040":"n","1041":"g","1042":"/","1043":"r","1044":"e","1045":"p","1046":"o","1047":"s","1048":"/","1049":"v","1050":"u","1051":"e","1052":"-","1053":"m","1054":"e","1055":"n","1056":"t","1057":"o","1058":"r","1059":"i","1060":"n","1061":"g","1062":"/","1063":"s","1064":"r","1065":"c","1066":"/","1067":"c","1068":"o","1069":"m","1070":"p","1071":"o","1072":"n","1073":"e","1074":"n","1075":"t","1076":"s","1077":"/","1078":"M","1079":"y","1080":"B","1081":"u","1082":"t","1083":"t","1084":"o","1085":"n","1086":".","1087":"v","1088":"u","1089":"e","1090":"\"","1091":",","1092":"\"","1093":"s","1094":"o","1095":"u","1096":"r","1097":"c","1098":"e","1099":"s","1100":"C","1101":"o","1102":"n","1103":"t","1104":"e","1105":"n","1106":"t","1107":"\"","1108":":","1109":"[","1110":"\"","1111":"<","1112":"t","1113":"e","1114":"m","1115":"p","1116":"l","1117":"a","1118":"t","1119":"e","1120":">","1121":"\\","1122":"n","1123":" ","1124":" ","1125":"<","1126":"b","1127":"u","1128":"t","1129":"t","1130":"o","1131":"n","1132":" ","1133":":","1134":"c","1135":"l","1136":"a","1137":"s","1138":"s","1139":"=","1140":"\\","1141":"\"","1142":"c","1143":"l","1144":"a","1145":"s","1146":"s","1147":"O","1148":"b","1149":"j","1150":"\\","1151":"\"","1152":" ","1153":"@","1154":"c","1155":"l","1156":"i","1157":"c","1158":"k","1159":"=","1160":"\\","1161":"\"","1162":"o","1163":"n","1164":"C","1165":"l","1166":"i","1167":"c","1168":"k","1169":"\\","1170":"\"","1171":">","1172":"\\","1173":"n","1174":" ","1175":" ","1176":" ","1177":" ","1178":"{","1179":"{","1180":" ","1181":"t","1182":"y","1183":"p","1184":"e","1185":"o","1186":"f","1187":" ","1188":"i","1189":"n","1190":"n","1191":"e","1192":"r","1193":"T","1194":"e","1195":"x","1196":"t","1197":" ","1198":"=","1199":"=","1200":"=","1201":" ","1202":"\\","1203":"\"","1204":"s","1205":"t","1206":"r","1207":"i","1208":"n","1209":"g","1210":"\\","1211":"\"","1212":" ","1213":"?","1214":" ","1215":"i","1216":"n","1217":"n","1218":"e","1219":"r","1220":"T","1221":"e","1222":"x","1223":"t","1224":".","1225":"t","1226":"o","1227":"U","1228":"p","1229":"p","1230":"e","1231":"r","1232":"C","1233":"a","1234":"s","1235":"e","1236":"(","1237":")","1238":" ","1239":":","1240":" ","1241":"n","1242":"u","1243":"l","1244":"l","1245":" ","1246":"}","1247":"}","1248":"\\","1249":"n","1250":" ","1251":" ","1252":" ","1253":" ","1254":"<","1255":"t","1256":"e","1257":"m","1258":"p","1259":"l","1260":"a","1261":"t","1262":"e","1263":" ","1264":"v","1265":"-","1266":"i","1267":"f","1268":"=","1269":"\\","1270":"\"","1271":"A","1272":"r","1273":"r","1274":"a","1275":"y","1276":".","1277":"i","1278":"s","1279":"A","1280":"r","1281":"r","1282":"a","1283":"y","1284":"(","1285":"i","1286":"n","1287":"n","1288":"e","1289":"r","1290":"T","1291":"e","1292":"x","1293":"t","1294":")","1295":"\\","1296":"\"","1297":">","1298":"\\","1299":"n","1300":" ","1301":" ","1302":" ","1303":" ","1304":" ","1305":" ","1306":"<","1307":"s","1308":"p","1309":"a","1310":"n","1311":"\\","1312":"n","1313":" ","1314":" ","1315":" ","1316":" ","1317":" ","1318":" ","1319":" ","1320":" ","1321":"v","1322":"-","1323":"f","1324":"o","1325":"r","1326":"=","1327":"\\","1328":"\"","1329":"(","1330":"i","1331":"t","1332":"e","1333":"m","1334":",","1335":" ","1336":"i","1337":"n","1338":"d","1339":"e","1340":"x","1341":")","1342":" ","1343":"i","1344":"n","1345":" ","1346":"i","1347":"n","1348":"n","1349":"e","1350":"r","1351":"T","1352":"e","1353":"x","1354":"t","1355":"\\","1356":"\"","1357":"\\","1358":"n","1359":" ","1360":" ","1361":" ","1362":" ","1363":" ","1364":" ","1365":" ","1366":" ","1367":":","1368":"k","1369":"e","1370":"y","1371":"=","1372":"\\","1373":"\"","1374":"`","1375":"t","1376":"o","1377":"g","1378":"g","1379":"l","1380":"e","1381":"-","1382":"i","1383":"t","1384":"e","1385":"m","1386":"-","1387":"$","1388":"{","1389":"i","1390":"n","1391":"d","1392":"e","1393":"x","1394":"}","1395":"`","1396":"\\","1397":"\"","1398":"\\","1399":"n","1400":" ","1401":" ","1402":" ","1403":" ","1404":" ","1405":" ","1406":" ","1407":" ","1408":":","1409":"c","1410":"l","1411":"a","1412":"s","1413":"s","1414":"=","1415":"\\","1416":"\"","1417":"{","1418":" ","1419":"s","1420":"e","1421":"l","1422":"e","1423":"c","1424":"t","1425":"e","1426":"d","1427":":","1428":" ","1429":"i","1430":"t","1431":"e","1432":"m","1433":".","1434":"v","1435":"a","1436":"l","1437":"u","1438":"e","1439":" ","1440":"=","1441":"=","1442":"=","1443":" ","1444":"s","1445":"e","1446":"l","1447":"e","1448":"c","1449":"t","1450":"e","1451":"d","1452":" ","1453":"}","1454":"\\","1455":"\"","1456":"\\","1457":"n","1458":" ","1459":" ","1460":" ","1461":" ","1462":" ","1463":" ","1464":" ","1465":" ","1466":">","1467":"{","1468":"{","1469":"\\","1470":"n","1471":" ","1472":" ","1473":" ","1474":" ","1475":" ","1476":" ","1477":" ","1478":" ","1479":" ","1480":" ","1481":"t","1482":"y","1483":"p","1484":"e","1485":"o","1486":"f","1487":" ","1488":"i","1489":"t","1490":"e","1491":"m","1492":".","1493":"l","1494":"a","1495":"b","1496":"e","1497":"l","1498":" ","1499":"=","1500":"=","1501":"=","1502":" ","1503":"\\","1504":"\"","1505":"s","1506":"t","1507":"r","1508":"i","1509":"n","1510":"g","1511":"\\","1512":"\"","1513":" ","1514":"?","1515":" ","1516":"i","1517":"t","1518":"e","1519":"m","1520":".","1521":"l","1522":"a","1523":"b","1524":"e","1525":"l","1526":".","1527":"t","1528":"o","1529":"U","1530":"p","1531":"p","1532":"e","1533":"r","1534":"C","1535":"a","1536":"s","1537":"e","1538":"(","1539":")","1540":" ","1541":":","1542":" ","1543":"n","1544":"u","1545":"l","1546":"l","1547":"\\","1548":"n","1549":" ","1550":" ","1551":" ","1552":" ","1553":" ","1554":" ","1555":" ","1556":" ","1557":"}","1558":"}","1559":"<","1560":"/","1561":"s","1562":"p","1563":"a","1564":"n","1565":"\\","1566":"n","1567":" ","1568":" ","1569":" ","1570":" ","1571":" ","1572":" ","1573":">","1574":"\\","1575":"n","1576":" ","1577":" ","1578":" ","1579":" ","1580":"<","1581":"/","1582":"t","1583":"e","1584":"m","1585":"p","1586":"l","1587":"a","1588":"t","1589":"e","1590":">","1591":"\\","1592":"n","1593":" ","1594":" ","1595":"<","1596":"/","1597":"b","1598":"u","1599":"t","1600":"t","1601":"o","1602":"n","1603":">","1604":"\\","1605":"n","1606":"<","1607":"/","1608":"t","1609":"e","1610":"m","1611":"p","1612":"l","1613":"a","1614":"t","1615":"e","1616":">","1617":"\\","1618":"n","1619":"\\","1620":"n","1621":"<","1622":"s","1623":"c","1624":"r","1625":"i","1626":"p","1627":"t","1628":" ","1629":"l","1630":"a","1631":"n","1632":"g","1633":"=","1634":"\\","1635":"\"","1636":"t","1637":"s","1638":"\\","1639":"\"","1640":">","1641":"\\","1642":"n","1643":"i","1644":"m","1645":"p","1646":"o","1647":"r","1648":"t","1649":" ","1650":"{","1651":" ","1652":"d","1653":"e","1654":"f","1655":"i","1656":"n","1657":"e","1658":"C","1659":"o","1660":"m","1661":"p","1662":"o","1663":"n","1664":"e","1665":"n","1666":"t","1667":" ","1668":"}","1669":" ","1670":"f","1671":"r","1672":"o","1673":"m","1674":" ","1675":"\\","1676":"\"","1677":"v","1678":"u","1679":"e","1680":"\\","1681":"\"","1682":";","1683":"\\","1684":"n","1685":"\\","1686":"n","1687":"e","1688":"x","1689":"p","1690":"o","1691":"r","1692":"t","1693":" ","1694":"d","1695":"e","1696":"f","1697":"a","1698":"u","1699":"l","1700":"t","1701":" ","1702":"d","1703":"e","1704":"f","1705":"i","1706":"n","1707":"e","1708":"C","1709":"o","1710":"m","1711":"p","1712":"o","1713":"n","1714":"e","1715":"n","1716":"t","1717":"(","1718":"{","1719":"\\","1720":"n","1721":" ","1722":" ","1723":"n","1724":"a","1725":"m","1726":"e","1727":":","1728":" ","1729":"\\","1730":"\"","1731":"m","1732":"y","1733":"-","1734":"b","1735":"u","1736":"t","1737":"t","1738":"o","1739":"n","1740":"\\","1741":"\"","1742":",","1743":"\\","1744":"n","1745":" ","1746":" ","1747":"p","1748":"r","1749":"o","1750":"p","1751":"s","1752":":","1753":" ","1754":"{","1755":"\\","1756":"n","1757":" ","1758":" ","1759":" ","1760":" ","1761":"i","1762":"n","1763":"n","1764":"e","1765":"r","1766":"T","1767":"e","1768":"x","1769":"t","1770":":","1771":" ","1772":"{","1773":"\\","1774":"n","1775":" ","1776":" ","1777":" ","1778":" ","1779":" ","1780":" ","1781":"r","1782":"e","1783":"q","1784":"u","1785":"i","1786":"r","1787":"e","1788":"d","1789":":","1790":" ","1791":"t","1792":"r","1793":"u","1794":"e","1795":" ","1796":"/","1797":"*","1798":" ","1799":"\\","1800":"n","1801":" ","1802":" ","1803":" ","1804":" ","1805":" ","1806":" ","1807":" ","1808":" ","1809":"v","1810":"a","1811":"l","1812":"i","1813":"d","1814":"a","1815":"t","1816":"o","1817":"r","1818":"(","1819":"v","1820":"a","1821":"l","1822":"u","1823":"e","1824":")","1825":" ","1826":"{","1827":"\\","1828":"n","1829":" ","1830":" ","1831":" ","1832":" ","1833":" ","1834":" ","1835":" ","1836":" ","1837":"c","1838":"o","1839":"n","1840":"s","1841":"t","1842":" ","1843":"i","1844":"s","1845":"S","1846":"t","1847":"r","1848":"i","1849":"n","1850":"g","1851":" ","1852":"=","1853":" ","1854":"t","1855":"y","1856":"p","1857":"e","1858":"o","1859":"f","1860":" ","1861":"v","1862":"a","1863":"l","1864":"u","1865":"e","1866":" ","1867":"=","1868":"=","1869":"=","1870":" ","1871":"\\","1872":"\"","1873":"s","1874":"t","1875":"r","1876":"i","1877":"n","1878":"g","1879":"\\","1880":"\"","1881":";","1882":"\\","1883":"n","1884":" ","1885":" ","1886":" ","1887":" ","1888":" ","1889":" ","1890":" ","1891":" ","1892":"c","1893":"o","1894":"n","1895":"s","1896":"t","1897":" ","1898":"i","1899":"s","1900":"T","1901":"w","1902":"o","1903":"M","1904":"e","1905":"m","1906":"b","1907":"e","1908":"r","1909":"S","1910":"t","1911":"r","1912":"i","1913":"n","1914":"g","1915":"L","1916":"i","1917":"s","1918":"t","1919":" ","1920":"=","1921":"\\","1922":"n","1923":" ","1924":" ","1925":" ","1926":" ","1927":" ","1928":" ","1929":" ","1930":" ","1931":" ","1932":" ","1933":"A","1934":"r","1935":"r","1936":"a","1937":"y","1938":".","1939":"i","1940":"s","1941":"A","1942":"r","1943":"r","1944":"a","1945":"y","1946":"(","1947":"v","1948":"a","1949":"l","1950":"u","1951":"e","1952":")","1953":" ","1954":"&","1955":"&","1956":"\\","1957":"n","1958":" ","1959":" ","1960":" ","1961":" ","1962":" ","1963":" ","1964":" ","1965":" ","1966":" ","1967":" ","1968":"v","1969":"a","1970":"l","1971":"u","1972":"e","1973":".","1974":"e","1975":"v","1976":"e","1977":"r","1978":"y","1979":"(","1980":"(","1981":"i","1982":"t","1983":"e","1984":"m","1985":")","1986":" ","1987":"=","1988":">","1989":" ","1990":"t","1991":"y","1992":"p","1993":"e","1994":"o","1995":"f","1996":" ","1997":"i","1998":"t","1999":"e","2000":"m","2001":" ","2002":"=","2003":"=","2004":"=","2005":" ","2006":"\\","2007":"\"","2008":"s","2009":"t","2010":"r","2011":"i","2012":"n","2013":"g","2014":"\\","2015":"\"","2016":")","2017":" ","2018":"&","2019":"&","2020":"\\","2021":"n","2022":" ","2023":" ","2024":" ","2025":" ","2026":" ","2027":" ","2028":" ","2029":" ","2030":" ","2031":" ","2032":"v","2033":"a","2034":"l","2035":"u","2036":"e","2037":".","2038":"l","2039":"e","2040":"n","2041":"g","2042":"t","2043":"h","2044":" ","2045":"=","2046":"=","2047":"=","2048":" ","2049":"2","2050":";","2051":"\\","2052":"n","2053":" ","2054":" ","2055":" ","2056":" ","2057":" ","2058":" ","2059":" ","2060":" ","2061":"r","2062":"e","2063":"t","2064":"u","2065":"r","2066":"n","2067":" ","2068":"i","2069":"s","2070":"S","2071":"t","2072":"r","2073":"i","2074":"n","2075":"g","2076":" ","2077":"|","2078":"|","2079":" ","2080":"i","2081":"s","2082":"T","2083":"w","2084":"o","2085":"M","2086":"e","2087":"m","2088":"b","2089":"e","2090":"r","2091":"S","2092":"t","2093":"r","2094":"i","2095":"n","2096":"g","2097":"L","2098":"i","2099":"s","2100":"t","2101":";","2102":"\\","2103":"n","2104":" ","2105":" ","2106":" ","2107":" ","2108":" ","2109":" ","2110":"}","2111":",","2112":" ","2113":"*","2114":"/","2115":",","2116":"\\","2117":"n","2118":" ","2119":" ","2120":" ","2121":" ","2122":"}","2123":",","2124":"\\","2125":"n","2126":" ","2127":" ","2128":"}","2129":",","2130":"\\","2131":"n","2132":" ","2133":" ","2134":"d","2135":"a","2136":"t","2137":"a","2138":"(","2139":")","2140":" ","2141":"{","2142":"\\","2143":"n","2144":" ","2145":" ","2146":" ","2147":" ","2148":"r","2149":"e","2150":"t","2151":"u","2152":"r","2153":"n","2154":" ","2155":"{","2156":"\\","2157":"n","2158":" ","2159":" ","2160":" ","2161":" ","2162":" ","2163":" ","2164":"s","2165":"e","2166":"l","2167":"e","2168":"c","2169":"t","2170":"e","2171":"d","2172":":","2173":" ","2174":"A","2175":"r","2176":"r","2177":"a","2178":"y","2179":".","2180":"i","2181":"s","2182":"A","2183":"r","2184":"r","2185":"a","2186":"y","2187":"(","2188":"t","2189":"h","2190":"i","2191":"s","2192":".","2193":"i","2194":"n","2195":"n","2196":"e","2197":"r","2198":"T","2199":"e","2200":"x","2201":"t","2202":")","2203":"\\","2204":"n","2205":" ","2206":" ","2207":" ","2208":" ","2209":" ","2210":" ","2211":" ","2212":" ","2213":"?","2214":" ","2215":"t","2216":"h","2217":"i","2218":"s","2219":".","2220":"i","2221":"n","2222":"n","2223":"e","2224":"r","2225":"T","2226":"e","2227":"x","2228":"t","2229":"[","2230":"0","2231":"]","2232":".","2233":"v","2234":"a","2235":"l","2236":"u","2237":"e","2238":"\\","2239":"n","2240":" ","2241":" ","2242":" ","2243":" ","2244":" ","2245":" ","2246":" ","2247":" ","2248":":","2249":" ","2250":"t","2251":"h","2252":"i","2253":"s","2254":".","2255":"i","2256":"n","2257":"n","2258":"e","2259":"r","2260":"T","2261":"e","2262":"x","2263":"t","2264":",","2265":"\\","2266":"n","2267":" ","2268":" ","2269":" ","2270":" ","2271":"}","2272":";","2273":"\\","2274":"n","2275":" ","2276":" ","2277":"}","2278":",","2279":"\\","2280":"n","2281":" ","2282":" ","2283":"c","2284":"o","2285":"m","2286":"p","2287":"u","2288":"t","2289":"e","2290":"d","2291":":","2292":" ","2293":"{","2294":"\\","2295":"n","2296":" ","2297":" ","2298":" ","2299":" ","2300":"c","2301":"l","2302":"a","2303":"s","2304":"s","2305":"O","2306":"b","2307":"j","2308":"(","2309":")","2310":" ","2311":"{","2312":"\\","2313":"n","2314":" ","2315":" ","2316":" ","2317":" ","2318":" ","2319":" ","2320":"r","2321":"e","2322":"t","2323":"u","2324":"r","2325":"n","2326":" ","2327":"{","2328":"\\","2329":"n","2330":" ","2331":" ","2332":" ","2333":" ","2334":" ","2335":" ","2336":" ","2337":" ","2338":"\\","2339":"\"","2340":"n","2341":"o","2342":"r","2343":"m","2344":"a","2345":"l","2346":"-","2347":"b","2348":"u","2349":"t","2350":"t","2351":"o","2352":"n","2353":"\\","2354":"\"","2355":":","2356":" ","2357":"!","2358":"A","2359":"r","2360":"r","2361":"a","2362":"y","2363":".","2364":"i","2365":"s","2366":"A","2367":"r","2368":"r","2369":"a","2370":"y","2371":"(","2372":"t","2373":"h","2374":"i","2375":"s","2376":".","2377":"i","2378":"n","2379":"n","2380":"e","2381":"r","2382":"T","2383":"e","2384":"x","2385":"t","2386":")","2387":",","2388":"\\","2389":"n","2390":" ","2391":" ","2392":" ","2393":" ","2394":" ","2395":" ","2396":" ","2397":" ","2398":"\\","2399":"\"","2400":"t","2401":"o","2402":"g","2403":"g","2404":"l","2405":"e","2406":"-","2407":"b","2408":"u","2409":"t","2410":"t","2411":"o","2412":"n","2413":"\\","2414":"\"","2415":":","2416":" ","2417":"A","2418":"r","2419":"r","2420":"a","2421":"y","2422":".","2423":"i","2424":"s","2425":"A","2426":"r","2427":"r","2428":"a","2429":"y","2430":"(","2431":"t","2432":"h","2433":"i","2434":"s","2435":".","2436":"i","2437":"n","2438":"n","2439":"e","2440":"r","2441":"T","2442":"e","2443":"x","2444":"t","2445":")","2446":",","2447":"\\","2448":"n","2449":" ","2450":" ","2451":" ","2452":" ","2453":" ","2454":" ","2455":"}","2456":";","2457":"\\","2458":"n","2459":" ","2460":" ","2461":" ","2462":" ","2463":"}","2464":",","2465":"\\","2466":"n","2467":" ","2468":" ","2469":"}","2470":",","2471":"\\","2472":"n","2473":" ","2474":" ","2475":"m","2476":"e","2477":"t","2478":"h","2479":"o","2480":"d","2481":"s","2482":":","2483":" ","2484":"{","2485":"\\","2486":"n","2487":" ","2488":" ","2489":" ","2490":" ","2491":"o","2492":"n","2493":"C","2494":"l","2495":"i","2496":"c","2497":"k","2498":"(","2499":")","2500":" ","2501":"{","2502":"\\","2503":"n","2504":" ","2505":" ","2506":" ","2507":" ","2508":" ","2509":" ","2510":"/","2511":"*","2512":"*","2513":"\\","2514":"n","2515":" ","2516":" ","2517":" ","2518":" ","2519":" ","2520":" ","2521":" ","2522":"*","2523":" ","2524":"C","2525":"l","2526":"i","2527":"c","2528":"k","2529":" ","2530":"e","2531":"v","2532":"e","2533":"n","2534":"t","2535":"\\","2536":"n","2537":" ","2538":" ","2539":" ","2540":" ","2541":" ","2542":" ","2543":" ","2544":"*","2545":"\\","2546":"n","2547":" ","2548":" ","2549":" ","2550":" ","2551":" ","2552":" ","2553":" ","2554":"*","2555":" ","2556":"@","2557":"e","2558":"v","2559":"e","2560":"n","2561":"t","2562":" ","2563":"c","2564":"l","2565":"i","2566":"c","2567":"k","2568":"\\","2569":"n","2570":" ","2571":" ","2572":" ","2573":" ","2574":" ","2575":" ","2576":" ","2577":"*","2578":"/","2579":"\\","2580":"n","2581":" ","2582":" ","2583":" ","2584":" ","2585":" ","2586":" ","2587":"i","2588":"f","2589":" ","2590":"(","2591":"A","2592":"r","2593":"r","2594":"a","2595":"y","2596":".","2597":"i","2598":"s","2599":"A","2600":"r","2601":"r","2602":"a","2603":"y","2604":"(","2605":"t","2606":"h","2607":"i","2608":"s","2609":".","2610":"i","2611":"n","2612":"n","2613":"e","2614":"r","2615":"T","2616":"e","2617":"x","2618":"t","2619":")","2620":")","2621":" ","2622":"{","2623":"\\","2624":"n","2625":" ","2626":" ","2627":" ","2628":" ","2629":" ","2630":" ","2631":" ","2632":" ","2633":"c","2634":"o","2635":"n","2636":"s","2637":"t","2638":" ","2639":"t","2640":"o","2641":"g","2642":"g","2643":"l","2644":"e","2645":"d","2646":"V","2647":"a","2648":"l","2649":"u","2650":"e","2651":" ","2652":"=","2653":" ","2654":"t","2655":"h","2656":"i","2657":"s","2658":".","2659":"i","2660":"n","2661":"n","2662":"e","2663":"r","2664":"T","2665":"e","2666":"x","2667":"t","2668":".","2669":"f","2670":"i","2671":"n","2672":"d","2673":"(","2674":"\\","2675":"n","2676":" ","2677":" ","2678":" ","2679":" ","2680":" ","2681":" ","2682":" ","2683":" ","2684":" ","2685":" ","2686":"(","2687":"{","2688":" ","2689":"v","2690":"a","2691":"l","2692":"u","2693":"e","2694":" ","2695":"}","2696":")","2697":" ","2698":"=","2699":">","2700":" ","2701":"v","2702":"a","2703":"l","2704":"u","2705":"e","2706":" ","2707":"!","2708":"=","2709":"=","2710":" ","2711":"t","2712":"h","2713":"i","2714":"s","2715":".","2716":"s","2717":"e","2718":"l","2719":"e","2720":"c","2721":"t","2722":"e","2723":"d","2724":"\\","2725":"n","2726":" ","2727":" ","2728":" ","2729":" ","2730":" ","2731":" ","2732":" ","2733":" ","2734":")","2735":";","2736":"\\","2737":"n","2738":" ","2739":" ","2740":" ","2741":" ","2742":" ","2743":" ","2744":" ","2745":" ","2746":"t","2747":"h","2748":"i","2749":"s","2750":".","2751":"s","2752":"e","2753":"l","2754":"e","2755":"c","2756":"t","2757":"e","2758":"d","2759":" ","2760":"=","2761":" ","2762":"t","2763":"o","2764":"g","2765":"g","2766":"l","2767":"e","2768":"d","2769":"V","2770":"a","2771":"l","2772":"u","2773":"e","2774":".","2775":"v","2776":"a","2777":"l","2778":"u","2779":"e","2780":";","2781":"\\","2782":"n","2783":" ","2784":" ","2785":" ","2786":" ","2787":" ","2788":" ","2789":" ","2790":" ","2791":"t","2792":"h","2793":"i","2794":"s","2795":".","2796":"$","2797":"e","2798":"m","2799":"i","2800":"t","2801":"(","2802":"\\","2803":"\"","2804":"t","2805":"o","2806":"g","2807":"g","2808":"l","2809":"e","2810":"C","2811":"h","2812":"a","2813":"n","2814":"g","2815":"e","2816":"d","2817":"\\","2818":"\"","2819":",","2820":" ","2821":"t","2822":"o","2823":"g","2824":"g","2825":"l","2826":"e","2827":"d","2828":"V","2829":"a","2830":"l","2831":"u","2832":"e","2833":".","2834":"v","2835":"a","2836":"l","2837":"u","2838":"e","2839":")","2840":";","2841":"\\","2842":"n","2843":" ","2844":" ","2845":" ","2846":" ","2847":" ","2848":" ","2849":"}","2850":" ","2851":"e","2852":"l","2853":"s","2854":"e","2855":" ","2856":"{","2857":"\\","2858":"n","2859":" ","2860":" ","2861":" ","2862":" ","2863":" ","2864":" ","2865":" ","2866":" ","2867":"t","2868":"h","2869":"i","2870":"s","2871":".","2872":"$","2873":"e","2874":"m","2875":"i","2876":"t","2877":"(","2878":"\\","2879":"\"","2880":"t","2881":"o","2882":"g","2883":"g","2884":"l","2885":"e","2886":"C","2887":"h","2888":"a","2889":"n","2890":"g","2891":"e","2892":"d","2893":"\\","2894":"\"","2895":")","2896":";","2897":"\\","2898":"n","2899":" ","2900":" ","2901":" ","2902":" ","2903":" ","2904":" ","2905":"}","2906":"\\","2907":"n","2908":" ","2909":" ","2910":" ","2911":" ","2912":" ","2913":" ","2914":"c","2915":"o","2916":"n","2917":"s","2918":"o","2919":"l","2920":"e","2921":".","2922":"l","2923":"o","2924":"g","2925":"(","2926":"\\","2927":"\"","2928":"b","2929":"u","2930":"t","2931":"t","2932":"o","2933":"n","2934":" ","2935":"p","2936":"r","2937":"e","2938":"s","2939":"s","2940":"e","2941":"d","2942":"\\","2943":"\"","2944":")","2945":";","2946":"\\","2947":"n","2948":" ","2949":" ","2950":" ","2951":" ","2952":"}","2953":",","2954":"\\","2955":"n","2956":" ","2957":" ","2958":"}","2959":",","2960":"\\","2961":"n","2962":"}","2963":")","2964":";","2965":"\\","2966":"n","2967":"<","2968":"/","2969":"s","2970":"c","2971":"r","2972":"i","2973":"p","2974":"t","2975":">","2976":"\\","2977":"n","2978":"\\","2979":"n","2980":"<","2981":"s","2982":"t","2983":"y","2984":"l","2985":"e","2986":" ","2987":"s","2988":"c","2989":"o","2990":"p","2991":"e","2992":"d","2993":" ","2994":"l","2995":"a","2996":"n","2997":"g","2998":"=","2999":"\\","3000":"\"","3001":"s","3002":"c","3003":"s","3004":"s","3005":"\\","3006":"\"","3007":">","3008":"\\","3009":"n","3010":"b","3011":"u","3012":"t","3013":"t","3014":"o","3015":"n","3016":" ","3017":"{","3018":"\\","3019":"n","3020":" ","3021":" ","3022":"b","3023":"o","3024":"r","3025":"d","3026":"e","3027":"r","3028":":","3029":" ","3030":"n","3031":"o","3032":"n","3033":"e","3034":";","3035":"\\","3036":"n","3037":" ","3038":" ","3039":"c","3040":"u","3041":"r","3042":"s","3043":"o","3044":"r","3045":":","3046":" ","3047":"p","3048":"o","3049":"i","3050":"n","3051":"t","3052":"e","3053":"r","3054":";","3055":"\\","3056":"n","3057":" ","3058":" ","3059":"f","3060":"o","3061":"n","3062":"t","3063":"-","3064":"s","3065":"i","3066":"z","3067":"e","3068":":","3069":" ","3070":"i","3071":"n","3072":"h","3073":"e","3074":"r","3075":"i","3076":"t","3077":";","3078":"\\","3079":"n","3080":" ","3081":" ","3082":"b","3083":"o","3084":"r","3085":"d","3086":"e","3087":"r","3088":"-","3089":"r","3090":"a","3091":"d","3092":"i","3093":"u","3094":"s","3095":":","3096":" ","3097":"5","3098":"p","3099":"x","3100":";","3101":"\\","3102":"n","3103":" ","3104":" ","3105":"m","3106":"a","3107":"r","3108":"g","3109":"i","3110":"n","3111":":","3112":" ","3113":"1","3114":"0","3115":"p","3116":"x","3117":";","3118":"\\","3119":"n","3120":" ","3121":" ","3122":"c","3123":"o","3124":"l","3125":"o","3126":"r","3127":":","3128":" ","3129":"w","3130":"h","3131":"i","3132":"t","3133":"e","3134":";","3135":"\\","3136":"n","3137":"}","3138":"\\","3139":"n","3140":"\\","3141":"n","3142":".","3143":"t","3144":"o","3145":"g","3146":"g","3147":"l","3148":"e","3149":"-","3150":"b","3151":"u","3152":"t","3153":"t","3154":"o","3155":"n","3156":" ","3157":"{","3158":"\\","3159":"n","3160":" ","3161":" ","3162":"p","3163":"a","3164":"d","3165":"d","3166":"i","3167":"n","3168":"g","3169":":","3170":" ","3171":"0","3172":".","3173":"4","3174":"e","3175":"m","3176":" ","3177":"0","3178":";","3179":"\\","3180":"n","3181":" ","3182":" ","3183":"b","3184":"a","3185":"c","3186":"k","3187":"g","3188":"r","3189":"o","3190":"u","3191":"n","3192":"d","3193":"-","3194":"c","3195":"o","3196":"l","3197":"o","3198":"r","3199":":","3200":" ","3201":"#","3202":"2","3203":"3","3204":"2","3205":"3","3206":"2","3207":"3","3208":"b","3209":"3","3210":";","3211":"\\","3212":"n","3213":"\\","3214":"n","3215":" ","3216":" ","3217":"s","3218":"p","3219":"a","3220":"n","3221":" ","3222":"{","3223":"\\","3224":"n","3225":" ","3226":" ","3227":" ","3228":" ","3229":"p","3230":"a","3231":"d","3232":"d","3233":"i","3234":"n","3235":"g","3236":":","3237":" ","3238":"0","3239":".","3240":"4","3241":"e","3242":"m","3243":" ","3244":"1","3245":".","3246":"5","3247":"e","3248":"m","3249":";","3250":"\\","3251":"n","3252":" ","3253":" ","3254":" ","3255":" ","3256":"f","3257":"o","3258":"n","3259":"t","3260":"-","3261":"s","3262":"i","3263":"z","3264":"e","3265":":","3266":" ","3267":"i","3268":"n","3269":"h","3270":"e","3271":"r","3272":"i","3273":"t","3274":";","3275":"\\","3276":"n","3277":" ","3278":" ","3279":" ","3280":" ","3281":"&","3282":":","3283":"n","3284":"t","3285":"h","3286":"-","3287":"c","3288":"h","3289":"i","3290":"l","3291":"d","3292":"(","3293":"1","3294":")","3295":" ","3296":"{","3297":"\\","3298":"n","3299":" ","3300":" ","3301":" ","3302":" ","3303":" ","3304":" ","3305":"b","3306":"o","3307":"r","3308":"d","3309":"e","3310":"r","3311":"-","3312":"r","3313":"a","3314":"d","3315":"i","3316":"u","3317":"s","3318":":","3319":" ","3320":"5","3321":"p","3322":"x","3323":" ","3324":"0","3325":" ","3326":"0","3327":" ","3328":"5","3329":"p","3330":"x","3331":";","3332":"\\","3333":"n","3334":" ","3335":" ","3336":" ","3337":" ","3338":"}","3339":"\\","3340":"n","3341":" ","3342":" ","3343":" ","3344":" ","3345":"&","3346":":","3347":"n","3348":"t","3349":"h","3350":"-","3351":"c","3352":"h","3353":"i","3354":"l","3355":"d","3356":"(","3357":"2","3358":")","3359":" ","3360":"{","3361":"\\","3362":"n","3363":" ","3364":" ","3365":" ","3366":" ","3367":" ","3368":" ","3369":"b","3370":"o","3371":"r","3372":"d","3373":"e","3374":"r","3375":"-","3376":"r","3377":"a","3378":"d","3379":"i","3380":"u","3381":"s","3382":":","3383":" ","3384":"0","3385":" ","3386":"5","3387":"p","3388":"x","3389":" ","3390":"5","3391":"p","3392":"x","3393":" ","3394":"0","3395":";","3396":"\\","3397":"n","3398":" ","3399":" ","3400":" ","3401":" ","3402":"}","3403":"\\","3404":"n","3405":" ","3406":" ","3407":"}","3408":"\\","3409":"n","3410":"}","3411":"\\","3412":"n","3413":"\\","3414":"n","3415":".","3416":"s","3417":"e","3418":"l","3419":"e","3420":"c","3421":"t","3422":"e","3423":"d","3424":",","3425":"\\","3426":"n","3427":".","3428":"n","3429":"o","3430":"r","3431":"m","3432":"a","3433":"l","3434":"-","3435":"b","3436":"u","3437":"t","3438":"t","3439":"o","3440":"n","3441":" ","3442":"{","3443":"\\","3444":"n","3445":" ","3446":" ","3447":"b","3448":"a","3449":"c","3450":"k","3451":"g","3452":"r","3453":"o","3454":"u","3455":"n","3456":"d","3457":"-","3458":"c","3459":"o","3460":"l","3461":"o","3462":"r","3463":":","3464":" ","3465":"#","3466":"f","3467":"6","3468":"5","3469":"2","3470":"6","3471":"1","3472":";","3473":"\\","3474":"n","3475":"}","3476":"\\","3477":"n","3478":"\\","3479":"n","3480":".","3481":"n","3482":"o","3483":"r","3484":"m","3485":"a","3486":"l","3487":"-","3488":"b","3489":"u","3490":"t","3491":"t","3492":"o","3493":"n","3494":" ","3495":"{","3496":"\\","3497":"n","3498":" ","3499":" ","3500":"p","3501":"a","3502":"d","3503":"d","3504":"i","3505":"n","3506":"g","3507":":","3508":" ","3509":"0","3510":".","3511":"5","3512":"e","3513":"m","3514":" ","3515":"2","3516":"e","3517":"m","3518":";","3519":"\\","3520":"n","3521":"}","3522":"\\","3523":"n","3524":"<","3525":"/","3526":"s","3527":"t","3528":"y","3529":"l","3530":"e","3531":">","3532":"\\","3533":"n","3534":"\"","3535":"]","3536":"}"},"_coverageSchema":"1a1c01bbd47fc00a2c39e90264f33305004495a9","hash":"1ad3f05871e80d8e404eed8aeb57fab27e439e51"}
,"/Users/Adam_Pisky-Nagy/Documents/learning/repos/vue-mentoring/src/components/MyLogo.vue": {"path":"/Users/Adam_Pisky-Nagy/Documents/learning/repos/vue-mentoring/src/components/MyLogo.vue","statementMap":{"0":{"start":{"line":3,"column":0},"end":{"line":5,"column":3}},"1":{"start":{"line":6,"column":12},"end":{"line":6,"column":26}},"2":{"start":{"line":7,"column":27},"end":{"line":7,"column":71}},"3":{"start":{"line":8,"column":0},"end":{"line":16,"column":3}},"4":{"start":{"line":17,"column":0},"end":{"line":17,"column":13}},"5":{"start":{"line":18,"column":0},"end":{"line":18,"column":62}},"6":{"start":{"line":19,"column":0},"end":{"line":19,"column":24}},"7":{"start":{"line":20,"column":12},"end":{"line":20,"column":26}},"8":{"start":{"line":21,"column":31},"end":{"line":21,"column":103}},"9":{"start":{"line":22,"column":31},"end":{"line":22,"column":104}},"10":{"start":{"line":23,"column":17},"end":{"line":26,"column":1}},"11":{"start":{"line":28,"column":4},"end":{"line":30,"column":35}},"12":{"start":{"line":32,"column":0},"end":{"line":32,"column":24}},"13":{"start":{"line":33,"column":1},"end":{"line":33,"column":48}}},"fnMap":{"0":{"name":"render","decl":{"start":{"line":27,"column":9},"end":{"line":27,"column":15}},"loc":{"start":{"line":27,"column":30},"end":{"line":31,"column":1}},"line":27}},"branchMap":{},"s":{"0":2,"1":2,"2":2,"3":2,"4":2,"5":2,"6":2,"7":2,"8":2,"9":2,"10":2,"11":15,"12":2,"13":2},"f":{"0":15},"b":{},"inputSourceMap":{"0":"{","1":"\"","2":"v","3":"e","4":"r","5":"s","6":"i","7":"o","8":"n","9":"\"","10":":","11":"3","12":",","13":"\"","14":"s","15":"o","16":"u","17":"r","18":"c","19":"e","20":"s","21":"\"","22":":","23":"[","24":"\"","25":"/","26":"U","27":"s","28":"e","29":"r","30":"s","31":"/","32":"A","33":"d","34":"a","35":"m","36":"_","37":"P","38":"i","39":"s","40":"k","41":"y","42":"-","43":"N","44":"a","45":"g","46":"y","47":"/","48":"D","49":"o","50":"c","51":"u","52":"m","53":"e","54":"n","55":"t","56":"s","57":"/","58":"l","59":"e","60":"a","61":"r","62":"n","63":"i","64":"n","65":"g","66":"/","67":"r","68":"e","69":"p","70":"o","71":"s","72":"/","73":"v","74":"u","75":"e","76":"-","77":"m","78":"e","79":"n","80":"t","81":"o","82":"r","83":"i","84":"n","85":"g","86":"/","87":"s","88":"r","89":"c","90":"/","91":"c","92":"o","93":"m","94":"p","95":"o","96":"n","97":"e","98":"n","99":"t","100":"s","101":"/","102":"M","103":"y","104":"L","105":"o","106":"g","107":"o","108":".","109":"v","110":"u","111":"e","112":"\"","113":"]","114":",","115":"\"","116":"n","117":"a","118":"m","119":"e","120":"s","121":"\"","122":":","123":"[","124":"]","125":",","126":"\"","127":"m","128":"a","129":"p","130":"p","131":"i","132":"n","133":"g","134":"s","135":"\"","136":":","137":"\"","138":";","139":";","140":";","141":";","142":";","143":"A","144":"A","145":"Q","146":"A","147":";","148":"A","149":"A","150":"C","151":"A","152":";","153":"A","154":"A","155":"E","156":"A","157":",","158":"k","159":"B","160":"A","161":"A","162":"e","163":",","164":"y","165":"B","166":"A","167":"A","168":"e","169":",","170":"E","171":"A","172":"A","173":"C","174":";","175":"E","176":"A","177":"C","178":"7","179":"B","180":",","181":"I","182":"A","183":"A","184":"I","185":",","186":"E","187":"A","188":"A","189":"E","190":",","191":"S","192":"A","193":"A","194":"S","195":";","196":"E","197":"A","198":"C","199":"f","200":",","201":"K","202":"A","203":"A","204":"K","205":",","206":"E","207":"A","208":"A","209":"E","210":";","211":"I","212":"A","213":"C","214":"L","215":",","216":"I","217":"A","218":"A","219":"I","220":",","221":"E","222":"A","223":"A","224":"E","225":";","226":"M","227":"A","228":"C","229":"J","230":",","231":"I","232":"A","233":"A","234":"I","235":",","236":"E","237":"A","238":"A","239":"E","240":",","241":"M","242":"A","243":"A","244":"4","245":"B","246":";","247":"M","248":"A","249":"C","250":"l","251":"C","252":",","253":"O","254":"A","255":"A","256":"O","257":",","258":"E","259":"A","260":"A","261":"E","262":",","263":"6","264":"B","265":"A","266":"A","267":"Q","268":",","269":"C","270":"A","271":"A","272":"C","273":";","274":";","275":";","276":"C","277":"A","278":"G","279":"v","280":"B","281":",","282":"C","283":"A","284":"A","285":"C","286":"\"","287":",","288":"\"","289":"f","290":"i","291":"l","292":"e","293":"\"","294":":","295":"\"","296":"/","297":"U","298":"s","299":"e","300":"r","301":"s","302":"/","303":"A","304":"d","305":"a","306":"m","307":"_","308":"P","309":"i","310":"s","311":"k","312":"y","313":"-","314":"N","315":"a","316":"g","317":"y","318":"/","319":"D","320":"o","321":"c","322":"u","323":"m","324":"e","325":"n","326":"t","327":"s","328":"/","329":"l","330":"e","331":"a","332":"r","333":"n","334":"i","335":"n","336":"g","337":"/","338":"r","339":"e","340":"p","341":"o","342":"s","343":"/","344":"v","345":"u","346":"e","347":"-","348":"m","349":"e","350":"n","351":"t","352":"o","353":"r","354":"i","355":"n","356":"g","357":"/","358":"s","359":"r","360":"c","361":"/","362":"c","363":"o","364":"m","365":"p","366":"o","367":"n","368":"e","369":"n","370":"t","371":"s","372":"/","373":"M","374":"y","375":"L","376":"o","377":"g","378":"o","379":".","380":"v","381":"u","382":"e","383":"\"","384":",","385":"\"","386":"s","387":"o","388":"u","389":"r","390":"c","391":"e","392":"s","393":"C","394":"o","395":"n","396":"t","397":"e","398":"n","399":"t","400":"\"","401":":","402":"[","403":"\"","404":"<","405":"t","406":"e","407":"m","408":"p","409":"l","410":"a","411":"t","412":"e","413":">","414":"\\","415":"n","416":" ","417":" ","418":"<","419":"d","420":"i","421":"v","422":" ","423":":","424":"c","425":"l","426":"a","427":"s","428":"s","429":"=","430":"\\","431":"\"","432":"`","433":"s","434":"i","435":"z","436":"e","437":"-","438":"$","439":"{","440":"s","441":"i","442":"z","443":"e","444":"}","445":" ","446":"l","447":"o","448":"g","449":"o","450":"-","451":"w","452":"r","453":"a","454":"p","455":"p","456":"e","457":"r","458":"`","459":"\\","460":"\"","461":">","462":"\\","463":"n","464":" ","465":" ","466":" ","467":" ","468":"<","469":"s","470":"p","471":"a","472":"n","473":">","474":"n","475":"e","476":"t","477":"f","478":"l","479":"i","480":"x","481":"<","482":"/","483":"s","484":"p","485":"a","486":"n","487":">","488":"\\","489":"n","490":" ","491":" ","492":" ","493":" ","494":"<","495":"s","496":"p","497":"a","498":"n","499":">","500":"r","501":"o","502":"u","503":"l","504":"e","505":"t","506":"t","507":"e","508":"<","509":"/","510":"s","511":"p","512":"a","513":"n","514":">","515":"\\","516":"n","517":" ","518":" ","519":"<","520":"/","521":"d","522":"i","523":"v","524":">","525":"\\","526":"n","527":"<","528":"/","529":"t","530":"e","531":"m","532":"p","533":"l","534":"a","535":"t","536":"e","537":">","538":"\\","539":"n","540":"\\","541":"n","542":"<","543":"s","544":"c","545":"r","546":"i","547":"p","548":"t","549":" ","550":"l","551":"a","552":"n","553":"g","554":"=","555":"\\","556":"\"","557":"t","558":"s","559":"\\","560":"\"","561":">","562":"\\","563":"n","564":"i","565":"m","566":"p","567":"o","568":"r","569":"t","570":" ","571":"{","572":" ","573":"d","574":"e","575":"f","576":"i","577":"n","578":"e","579":"C","580":"o","581":"m","582":"p","583":"o","584":"n","585":"e","586":"n","587":"t","588":",","589":" ","590":"P","591":"r","592":"o","593":"p","594":"T","595":"y","596":"p","597":"e","598":" ","599":"}","600":" ","601":"f","602":"r","603":"o","604":"m","605":" ","606":"\\","607":"\"","608":"v","609":"u","610":"e","611":"\\","612":"\"","613":";","614":"\\","615":"n","616":"i","617":"m","618":"p","619":"o","620":"r","621":"t","622":" ","623":"{","624":" ","625":"S","626":"i","627":"z","628":"e","629":"E","630":"n","631":"u","632":"m","633":" ","634":"}","635":" ","636":"f","637":"r","638":"o","639":"m","640":" ","641":"\\","642":"\"","643":".","644":".","645":"/","646":"d","647":"e","648":"f","649":"i","650":"n","651":"i","652":"t","653":"i","654":"o","655":"n","656":"s","657":"/","658":"M","659":"y","660":"L","661":"o","662":"g","663":"o","664":".","665":"d","666":"e","667":"f","668":"i","669":"n","670":"i","671":"t","672":"i","673":"o","674":"n","675":"s","676":"\\","677":"\"","678":";","679":"\\","680":"n","681":"\\","682":"n","683":"e","684":"x","685":"p","686":"o","687":"r","688":"t","689":" ","690":"d","691":"e","692":"f","693":"a","694":"u","695":"l","696":"t","697":" ","698":"d","699":"e","700":"f","701":"i","702":"n","703":"e","704":"C","705":"o","706":"m","707":"p","708":"o","709":"n","710":"e","711":"n","712":"t","713":"(","714":"{","715":"\\","716":"n","717":" ","718":" ","719":"n","720":"a","721":"m","722":"e","723":":","724":" ","725":"\\","726":"\"","727":"m","728":"y","729":"-","730":"l","731":"o","732":"g","733":"o","734":"\\","735":"\"","736":",","737":"\\","738":"n","739":" ","740":" ","741":"p","742":"r","743":"o","744":"p","745":"s","746":":","747":" ","748":"{","749":"\\","750":"n","751":" ","752":" ","753":" ","754":" ","755":"s","756":"i","757":"z","758":"e","759":":","760":" ","761":"{","762":"\\","763":"n","764":" ","765":" ","766":" ","767":" ","768":" ","769":" ","770":"t","771":"y","772":"p","773":"e","774":":","775":" ","776":"S","777":"t","778":"r","779":"i","780":"n","781":"g","782":" ","783":"a","784":"s","785":" ","786":"P","787":"r","788":"o","789":"p","790":"T","791":"y","792":"p","793":"e","794":"<","795":"S","796":"i","797":"z","798":"e","799":"E","800":"n","801":"u","802":"m","803":">","804":",","805":"\\","806":"n","807":" ","808":" ","809":" ","810":" ","811":" ","812":" ","813":"d","814":"e","815":"f","816":"a","817":"u","818":"l","819":"t","820":":","821":" ","822":"S","823":"i","824":"z","825":"e","826":"E","827":"n","828":"u","829":"m","830":".","831":"S","832":",","833":"\\","834":"n","835":" ","836":" ","837":" ","838":" ","839":"}","840":",","841":"\\","842":"n","843":" ","844":" ","845":"}","846":",","847":"\\","848":"n","849":"}","850":")","851":";","852":"\\","853":"n","854":"<","855":"/","856":"s","857":"c","858":"r","859":"i","860":"p","861":"t","862":">","863":"\\","864":"n","865":"\\","866":"n","867":"<","868":"s","869":"t","870":"y","871":"l","872":"e","873":" ","874":"s","875":"c","876":"o","877":"p","878":"e","879":"d","880":" ","881":"l","882":"a","883":"n","884":"g","885":"=","886":"\\","887":"\"","888":"s","889":"c","890":"s","891":"s","892":"\\","893":"\"","894":">","895":"\\","896":"n","897":".","898":"s","899":"i","900":"z","901":"e","902":" ","903":"{","904":"\\","905":"n","906":" ","907":" ","908":"&","909":"-","910":"x","911":"s","912":" ","913":"{","914":"\\","915":"n","916":" ","917":" ","918":" ","919":" ","920":"f","921":"o","922":"n","923":"t","924":"-","925":"s","926":"i","927":"z","928":"e","929":":","930":" ","931":"1","932":"e","933":"m","934":";","935":"\\","936":"n","937":" ","938":" ","939":"}","940":"\\","941":"n","942":" ","943":" ","944":"&","945":"-","946":"s","947":" ","948":"{","949":"\\","950":"n","951":" ","952":" ","953":" ","954":" ","955":"f","956":"o","957":"n","958":"t","959":"-","960":"s","961":"i","962":"z","963":"e","964":":","965":" ","966":"1","967":".","968":"5","969":"e","970":"m","971":";","972":"\\","973":"n","974":" ","975":" ","976":"}","977":"\\","978":"n","979":" ","980":" ","981":"&","982":"-","983":"m","984":" ","985":"{","986":"\\","987":"n","988":" ","989":" ","990":" ","991":" ","992":"f","993":"o","994":"n","995":"t","996":"-","997":"s","998":"i","999":"z","1000":"e","1001":":","1002":" ","1003":"2","1004":"e","1005":"m","1006":";","1007":"\\","1008":"n","1009":" ","1010":" ","1011":"}","1012":"\\","1013":"n","1014":" ","1015":" ","1016":"&","1017":"-","1018":"l","1019":" ","1020":"{","1021":"\\","1022":"n","1023":" ","1024":" ","1025":" ","1026":" ","1027":"f","1028":"o","1029":"n","1030":"t","1031":"-","1032":"s","1033":"i","1034":"z","1035":"e","1036":":","1037":" ","1038":"2","1039":".","1040":"5","1041":"e","1042":"m","1043":";","1044":"\\","1045":"n","1046":" ","1047":" ","1048":"}","1049":"\\","1050":"n","1051":" ","1052":" ","1053":"&","1054":"-","1055":"x","1056":"l","1057":" ","1058":"{","1059":"\\","1060":"n","1061":" ","1062":" ","1063":" ","1064":" ","1065":"f","1066":"o","1067":"n","1068":"t","1069":"-","1070":"s","1071":"i","1072":"z","1073":"e","1074":":","1075":" ","1076":"3","1077":"e","1078":"m","1079":";","1080":"\\","1081":"n","1082":" ","1083":" ","1084":"}","1085":"\\","1086":"n","1087":"}","1088":"\\","1089":"n","1090":"\\","1091":"n","1092":"d","1093":"i","1094":"v","1095":" ","1096":"{","1097":"\\","1098":"n","1099":" ","1100":" ","1101":"c","1102":"o","1103":"l","1104":"o","1105":"r","1106":":","1107":" ","1108":"#","1109":"f","1110":"6","1111":"5","1112":"2","1113":"6","1114":"1","1115":";","1116":"\\","1117":"n","1118":" ","1119":" ","1120":"f","1121":"o","1122":"n","1123":"t","1124":"-","1125":"f","1126":"a","1127":"m","1128":"i","1129":"l","1130":"y","1131":":","1132":" ","1133":"s","1134":"y","1135":"s","1136":"t","1137":"e","1138":"m","1139":"-","1140":"u","1141":"i","1142":",","1143":" ","1144":"-","1145":"a","1146":"p","1147":"p","1148":"l","1149":"e","1150":"-","1151":"s","1152":"y","1153":"s","1154":"t","1155":"e","1156":"m","1157":",","1158":" ","1159":"B","1160":"l","1161":"i","1162":"n","1163":"k","1164":"M","1165":"a","1166":"c","1167":"S","1168":"y","1169":"s","1170":"t","1171":"e","1172":"m","1173":"F","1174":"o","1175":"n","1176":"t","1177":",","1178":" ","1179":"\\","1180":"\"","1181":"S","1182":"e","1183":"g","1184":"o","1185":"e","1186":" ","1187":"U","1188":"I","1189":"\\","1190":"\"","1191":",","1192":" ","1193":"R","1194":"o","1195":"b","1196":"o","1197":"t","1198":"o","1199":",","1200":"\\","1201":"n","1202":" ","1203":" ","1204":" ","1205":" ","1206":"O","1207":"x","1208":"y","1209":"g","1210":"e","1211":"n","1212":",","1213":" ","1214":"U","1215":"b","1216":"u","1217":"n","1218":"t","1219":"u","1220":",","1221":" ","1222":"C","1223":"a","1224":"n","1225":"t","1226":"a","1227":"r","1228":"e","1229":"l","1230":"l","1231":",","1232":" ","1233":"\\","1234":"\"","1235":"O","1236":"p","1237":"e","1238":"n","1239":" ","1240":"S","1241":"a","1242":"n","1243":"s","1244":"\\","1245":"\"","1246":",","1247":" ","1248":"\\","1249":"\"","1250":"H","1251":"e","1252":"l","1253":"v","1254":"e","1255":"t","1256":"i","1257":"c","1258":"a","1259":" ","1260":"N","1261":"e","1262":"u","1263":"e","1264":"\\","1265":"\"","1266":",","1267":" ","1268":"s","1269":"a","1270":"n","1271":"s","1272":"-","1273":"s","1274":"e","1275":"r","1276":"i","1277":"f","1278":";","1279":"\\","1280":"n","1281":"\\","1282":"n","1283":" ","1284":" ","1285":":","1286":"n","1287":"t","1288":"h","1289":"-","1290":"c","1291":"h","1292":"i","1293":"l","1294":"d","1295":"(","1296":"1","1297":")","1298":" ","1299":"{","1300":"\\","1301":"n","1302":" ","1303":" ","1304":" ","1305":" ","1306":"f","1307":"o","1308":"n","1309":"t","1310":"-","1311":"w","1312":"e","1313":"i","1314":"g","1315":"h","1316":"t","1317":":","1318":" ","1319":"9","1320":"0","1321":"0","1322":";","1323":"\\","1324":"n","1325":" ","1326":" ","1327":"}","1328":"\\","1329":"n","1330":"\\","1331":"n","1332":" ","1333":" ","1334":":","1335":"n","1336":"t","1337":"h","1338":"-","1339":"c","1340":"h","1341":"i","1342":"l","1343":"d","1344":"(","1345":"2","1346":")","1347":" ","1348":"{","1349":"\\","1350":"n","1351":" ","1352":" ","1353":" ","1354":" ","1355":"f","1356":"o","1357":"n","1358":"t","1359":"-","1360":"w","1361":"e","1362":"i","1363":"g","1364":"h","1365":"t","1366":":","1367":" ","1368":"3","1369":"0","1370":"0","1371":";","1372":"\\","1373":"n","1374":" ","1375":" ","1376":"}","1377":"\\","1378":"n","1379":"}","1380":"\\","1381":"n","1382":"<","1383":"/","1384":"s","1385":"t","1386":"y","1387":"l","1388":"e","1389":">","1390":"\\","1391":"n","1392":"\"","1393":"]","1394":"}"},"_coverageSchema":"1a1c01bbd47fc00a2c39e90264f33305004495a9","hash":"03dcf9d4639f36aee2a16e6ee4433a190b41efe4"}
,"/Users/Adam_Pisky-Nagy/Documents/learning/repos/vue-mentoring/src/components/MyMovieCard.vue": {"path":"/Users/Adam_Pisky-Nagy/Documents/learning/repos/vue-mentoring/src/components/MyMovieCard.vue","statementMap":{"0":{"start":{"line":3,"column":0},"end":{"line":5,"column":3}},"1":{"start":{"line":6,"column":25},"end":{"line":6,"column":61}},"2":{"start":{"line":7,"column":12},"end":{"line":7,"column":26}},"3":{"start":{"line":8,"column":0},"end":{"line":26,"column":3}},"4":{"start":{"line":19,"column":33},"end":{"line":21,"column":8}},"5":{"start":{"line":20,"column":8},"end":{"line":20,"column":62}},"6":{"start":{"line":22,"column":6},"end":{"line":22,"column":45}},"7":{"start":{"line":27,"column":0},"end":{"line":27,"column":13}},"8":{"start":{"line":28,"column":0},"end":{"line":28,"column":62}},"9":{"start":{"line":29,"column":0},"end":{"line":29,"column":24}},"10":{"start":{"line":30,"column":12},"end":{"line":30,"column":26}},"11":{"start":{"line":31,"column":17},"end":{"line":31,"column":31}},"12":{"start":{"line":32,"column":17},"end":{"line":32,"column":37}},"13":{"start":{"line":33,"column":17},"end":{"line":33,"column":35}},"14":{"start":{"line":34,"column":17},"end":{"line":34,"column":42}},"15":{"start":{"line":35,"column":17},"end":{"line":35,"column":35}},"16":{"start":{"line":37,"column":4},"end":{"line":50,"column":8}},"17":{"start":{"line":39,"column":63},"end":{"line":39,"column":119}},"18":{"start":{"line":52,"column":0},"end":{"line":52,"column":24}},"19":{"start":{"line":53,"column":1},"end":{"line":53,"column":48}}},"fnMap":{"0":{"name":"(anonymous_0)","decl":{"start":{"line":18,"column":18},"end":{"line":18,"column":19}},"loc":{"start":{"line":18,"column":30},"end":{"line":23,"column":5}},"line":18},"1":{"name":"(anonymous_1)","decl":{"start":{"line":19,"column":59},"end":{"line":19,"column":60}},"loc":{"start":{"line":19,"column":76},"end":{"line":21,"column":7}},"line":19},"2":{"name":"render","decl":{"start":{"line":36,"column":9},"end":{"line":36,"column":15}},"loc":{"start":{"line":36,"column":30},"end":{"line":51,"column":1}},"line":36},"3":{"name":"(anonymous_3)","decl":{"start":{"line":39,"column":43},"end":{"line":39,"column":44}},"loc":{"start":{"line":39,"column":61},"end":{"line":39,"column":121}},"line":39}},"branchMap":{"0":{"loc":{"start":{"line":39,"column":17},"end":{"line":39,"column":122}},"type":"binary-expr","locations":[{"start":{"line":39,"column":17},"end":{"line":39,"column":26}},{"start":{"line":39,"column":31},"end":{"line":39,"column":121}}],"line":39}},"s":{"0":2,"1":2,"2":2,"3":2,"4":43,"5":136,"6":43,"7":2,"8":2,"9":2,"10":2,"11":2,"12":2,"13":2,"14":2,"15":2,"16":43,"17":0,"18":2,"19":2},"f":{"0":43,"1":136,"2":43,"3":0},"b":{"0":[43,43]},"inputSourceMap":{"0":"{","1":"\"","2":"v","3":"e","4":"r","5":"s","6":"i","7":"o","8":"n","9":"\"","10":":","11":"3","12":",","13":"\"","14":"s","15":"o","16":"u","17":"r","18":"c","19":"e","20":"s","21":"\"","22":":","23":"[","24":"\"","25":"/","26":"U","27":"s","28":"e","29":"r","30":"s","31":"/","32":"A","33":"d","34":"a","35":"m","36":"_","37":"P","38":"i","39":"s","40":"k","41":"y","42":"-","43":"N","44":"a","45":"g","46":"y","47":"/","48":"D","49":"o","50":"c","51":"u","52":"m","53":"e","54":"n","55":"t","56":"s","57":"/","58":"l","59":"e","60":"a","61":"r","62":"n","63":"i","64":"n","65":"g","66":"/","67":"r","68":"e","69":"p","70":"o","71":"s","72":"/","73":"v","74":"u","75":"e","76":"-","77":"m","78":"e","79":"n","80":"t","81":"o","82":"r","83":"i","84":"n","85":"g","86":"/","87":"s","88":"r","89":"c","90":"/","91":"c","92":"o","93":"m","94":"p","95":"o","96":"n","97":"e","98":"n","99":"t","100":"s","101":"/","102":"M","103":"y","104":"M","105":"o","106":"v","107":"i","108":"e","109":"C","110":"a","111":"r","112":"d","113":".","114":"v","115":"u","116":"e","117":"\"","118":"]","119":",","120":"\"","121":"n","122":"a","123":"m","124":"e","125":"s","126":"\"","127":":","128":"[","129":"]","130":",","131":"\"","132":"m","133":"a","134":"p","135":"p","136":"i","137":"n","138":"g","139":"s","140":"\"","141":":","142":"\"","143":";","144":";","145":";","146":";","147":";","148":"A","149":"A","150":"e","151":"A","152":";","153":"A","154":"A","155":"C","156":"A","157":";","158":"A","159":"A","160":"G","161":"A","162":",","163":"k","164":"B","165":"A","166":"A","167":"e","168":",","169":"y","170":"B","171":"A","172":"A","173":"e","174":",","175":"E","176":"A","177":"A","178":"C","179":";","180":"E","181":"A","182":"C","183":"7","184":"B","185":",","186":"I","187":"A","188":"A","189":"I","190":",","191":"E","192":"A","193":"A","194":"E","195":",","196":"e","197":"A","198":"A","199":"e","200":";","201":"E","202":"A","203":"C","204":"r","205":"B","206":",","207":"K","208":"A","209":"A","210":"K","211":",","212":"E","213":"A","214":"A","215":"E","216":";","217":"I","218":"A","219":"C","220":"L","221":",","222":"S","223":"A","224":"A","225":"S","226":",","227":"E","228":"A","229":"A","230":"E","231":";","232":"M","233":"A","234":"C","235":"T","236":",","237":"I","238":"A","239":"A","240":"I","241":",","242":"E","243":"A","244":"A","245":"E","246":",","247":"M","248":"A","249":"A","250":"s","251":"C","252":";","253":"M","254":"A","255":"C","256":"5","257":"C","258":",","259":"Q","260":"A","261":"A","262":"Q","263":",","264":"E","265":"A","266":"A","267":"E","268":";","269":";","270":"G","271":"A","272":"E","273":"b","274":";","275":"E","276":"A","277":"C","278":"D","279":",","280":"K","281":"A","282":"A","283":"K","284":",","285":"E","286":"A","287":"A","288":"E","289":",","290":"C","291":"A","292":"A","293":"C","294":",","295":"e","296":"A","297":"A","298":"e","299":",","300":"C","301":"A","302":"A","303":"C","304":";","305":"E","306":"A","307":"C","308":"x","309":"B","310":",","311":"Q","312":"A","313":"A","314":"Q","315":",","316":"E","317":"A","318":"A","319":"E","320":";","321":"I","322":"A","323":"C","324":"R","325":",","326":"Y","327":"A","328":"A","329":"Y","330":",","331":"E","332":"A","333":"A","334":"Z","335":";","336":"M","337":"A","338":"C","339":"E","340":",","341":"I","342":"A","343":"A","344":"M","345":",","346":"o","347":"B","348":"A","349":"A","350":"o","351":"B","352":",","353":"G","354":"A","355":"A","356":"G","357":",","358":"I","359":"A","360":"A","361":"I","362":",","363":"C","364":"A","365":"A","366":"C","367":",","368":"S","369":"A","370":"A","371":"S","372":",","373":"C","374":"A","375":"A","376":"C","377":",","378":"M","379":"A","380":"A","381":"M","382":",","383":"C","384":"A","385":"A","386":"C","387":",","388":"G","389":"A","390":"A","391":"G","392":",","393":"C","394":"A","395":"C","396":"p","397":"D","398":",","399":"U","400":"A","401":"A","402":"C","403":",","404":"K","405":"A","406":"A","407":"a","408":";","409":"Q","410":"A","411":"A","412":"K","413":",","414":"Y","415":"A","416":"A","417":"K","418":",","419":"C","420":"A","421":"A","422":"C","423":",","424":"M","425":"A","426":"A","427":"M","428":",","429":"C","430":"A","431":"A","432":"C","433":",","434":"C","435":"A","436":"A","437":"C","438":",","439":"C","440":"A","441":"A","442":"C","443":",","444":"C","445":"A","446":"A","447":"C","448":",","449":"W","450":"A","451":"A","452":"W","453":",","454":"E","455":"A","456":"A","457":"E","458":",","459":"G","460":"A","461":"A","462":"G","463":",","464":"K","465":"A","466":"A","467":"K","468":",","469":"C","470":"A","471":"A","472":"C","473":",","474":"K","475":"A","476":"A","477":"K","478":",","479":"C","480":"A","481":"A","482":"C","483":",","484":"C","485":"A","486":"A","487":"C","488":",","489":"C","490":"A","491":"A","492":"C","493":";","494":"M","495":"A","496":"A","497":"9","498":"C","499":",","500":"C","501":"A","502":"A","503":"8","504":"C","505":",","506":"C","507":"A","508":"C","509":"l","510":"E","511":";","512":"M","513":"A","514":"C","515":"D","516":",","517":"O","518":"A","519":"A","520":"O","521":",","522":"o","523":"B","524":"A","525":"A","526":"o","527":"B","528":",","529":"C","530":"A","531":"A","532":"C","533":",","534":"I","535":"A","536":"A","537":"I","538":",","539":"C","540":"A","541":"A","542":"C","543":",","544":"I","545":"A","546":"A","547":"I","548":",","549":"C","550":"A","551":"A","552":"C","553":";","554":"I","555":"A","556":"C","557":"x","558":"C","559":";","560":"G","561":"A","562":"C","563":"D","564":";","565":"E","566":"A","567":"C","568":"D","569":",","570":"M","571":"A","572":"A","573":"M","574":",","575":"E","576":"A","577":"A","578":"E","579":",","580":"C","581":"A","582":"A","583":"C","584":",","585":"6","586":"B","587":"A","588":"A","589":"U","590":";","591":"C","592":"A","593":"C","594":"p","595":"B","596":",","597":"C","598":"A","599":"A","600":"C","601":"\"","602":",","603":"\"","604":"f","605":"i","606":"l","607":"e","608":"\"","609":":","610":"\"","611":"/","612":"U","613":"s","614":"e","615":"r","616":"s","617":"/","618":"A","619":"d","620":"a","621":"m","622":"_","623":"P","624":"i","625":"s","626":"k","627":"y","628":"-","629":"N","630":"a","631":"g","632":"y","633":"/","634":"D","635":"o","636":"c","637":"u","638":"m","639":"e","640":"n","641":"t","642":"s","643":"/","644":"l","645":"e","646":"a","647":"r","648":"n","649":"i","650":"n","651":"g","652":"/","653":"r","654":"e","655":"p","656":"o","657":"s","658":"/","659":"v","660":"u","661":"e","662":"-","663":"m","664":"e","665":"n","666":"t","667":"o","668":"r","669":"i","670":"n","671":"g","672":"/","673":"s","674":"r","675":"c","676":"/","677":"c","678":"o","679":"m","680":"p","681":"o","682":"n","683":"e","684":"n","685":"t","686":"s","687":"/","688":"M","689":"y","690":"M","691":"o","692":"v","693":"i","694":"e","695":"C","696":"a","697":"r","698":"d","699":".","700":"v","701":"u","702":"e","703":"\"","704":",","705":"\"","706":"s","707":"o","708":"u","709":"r","710":"c","711":"e","712":"s","713":"C","714":"o","715":"n","716":"t","717":"e","718":"n","719":"t","720":"\"","721":":","722":"[","723":"\"","724":"<","725":"t","726":"e","727":"m","728":"p","729":"l","730":"a","731":"t","732":"e","733":">","734":"\\","735":"n","736":" ","737":" ","738":"<","739":"d","740":"i","741":"v","742":" ","743":"c","744":"l","745":"a","746":"s","747":"s","748":"=","749":"\\","750":"\"","751":"i","752":"t","753":"e","754":"m","755":"-","756":"w","757":"r","758":"a","759":"p","760":"p","761":"e","762":"r","763":"\\","764":"\"","765":" ","766":"@","767":"c","768":"l","769":"i","770":"c","771":"k","772":"=","773":"\\","774":"\"","775":"$","776":"e","777":"m","778":"i","779":"t","780":"(","781":"'","782":"m","783":"o","784":"v","785":"i","786":"e","787":"S","788":"e","789":"l","790":"e","791":"c","792":"t","793":"e","794":"d","795":"'","796":",","797":" ","798":"m","799":"o","800":"v","801":"i","802":"e","803":"D","804":"a","805":"t","806":"a","807":".","808":"i","809":"d","810":")","811":"\\","812":"\"","813":">","814":"\\","815":"n","816":" ","817":" ","818":" ","819":" ","820":"<","821":"i","822":"m","823":"g","824":"\\","825":"n","826":" ","827":" ","828":" ","829":" ","830":" ","831":" ","832":":","833":"s","834":"r","835":"c","836":"=","837":"\\","838":"\"","839":"g","840":"e","841":"t","842":"I","843":"m","844":"g","845":"U","846":"r","847":"l","848":"(","849":"m","850":"o","851":"v","852":"i","853":"e","854":"D","855":"a","856":"t","857":"a","858":".","859":"p","860":"o","861":"s","862":"t","863":"e","864":"r","865":"_","866":"p","867":"a","868":"t","869":"h","870":")","871":"\\","872":"\"","873":"\\","874":"n","875":" ","876":" ","877":" ","878":" ","879":" ","880":" ","881":":","882":"a","883":"l","884":"t","885":"=","886":"\\","887":"\"","888":"`","889":"$","890":"{","891":"m","892":"o","893":"v","894":"i","895":"e","896":"D","897":"a","898":"t","899":"a","900":".","901":"t","902":"i","903":"t","904":"l","905":"e","906":"}","907":" ","908":"i","909":"m","910":"a","911":"g","912":"e","913":"`","914":"\\","915":"\"","916":"\\","917":"n","918":" ","919":" ","920":" ","921":" ","922":"/","923":">","924":"\\","925":"n","926":" ","927":" ","928":" ","929":" ","930":"<","931":"d","932":"i","933":"v","934":" ","935":"c","936":"l","937":"a","938":"s","939":"s","940":"=","941":"\\","942":"\"","943":"d","944":"e","945":"t","946":"a","947":"i","948":"l","949":"s","950":"\\","951":"\"","952":">","953":"\\","954":"n","955":" ","956":" ","957":" ","958":" ","959":" ","960":" ","961":"<","962":"s","963":"p","964":"a","965":"n","966":" ","967":"c","968":"l","969":"a","970":"s","971":"s","972":"=","973":"\\","974":"\"","975":"t","976":"i","977":"t","978":"l","979":"e","980":"\\","981":"\"","982":">","983":"{","984":"{","985":" ","986":"m","987":"o","988":"v","989":"i","990":"e","991":"D","992":"a","993":"t","994":"a","995":".","996":"t","997":"i","998":"t","999":"l","1000":"e","1001":" ","1002":"}","1003":"}","1004":"<","1005":"/","1006":"s","1007":"p","1008":"a","1009":"n","1010":">","1011":"\\","1012":"n","1013":" ","1014":" ","1015":" ","1016":" ","1017":" ","1018":" ","1019":"<","1020":"s","1021":"p","1022":"a","1023":"n","1024":" ","1025":"c","1026":"l","1027":"a","1028":"s","1029":"s","1030":"=","1031":"\\","1032":"\"","1033":"r","1034":"e","1035":"l","1036":"e","1037":"a","1038":"s","1039":"e","1040":"-","1041":"d","1042":"a","1043":"t","1044":"e","1045":"\\","1046":"\"","1047":">","1048":"{","1049":"{","1050":" ","1051":"m","1052":"o","1053":"v","1054":"i","1055":"e","1056":"D","1057":"a","1058":"t","1059":"a","1060":".","1061":"r","1062":"e","1063":"l","1064":"e","1065":"a","1066":"s","1067":"e","1068":"_","1069":"d","1070":"a","1071":"t","1072":"e","1073":" ","1074":"}","1075":"}","1076":"<","1077":"/","1078":"s","1079":"p","1080":"a","1081":"n","1082":">","1083":"\\","1084":"n","1085":" ","1086":" ","1087":" ","1088":" ","1089":" ","1090":" ","1091":"<","1092":"s","1093":"p","1094":"a","1095":"n","1096":" ","1097":"c","1098":"l","1099":"a","1100":"s","1101":"s","1102":"=","1103":"\\","1104":"\"","1105":"g","1106":"e","1107":"n","1108":"r","1109":"e","1110":"\\","1111":"\"","1112":">","1113":"{","1114":"{","1115":" ","1116":"g","1117":"e","1118":"n","1119":"r","1120":"e","1121":"s","1122":"S","1123":"t","1124":"r","1125":"i","1126":"n","1127":"g","1128":" ","1129":"}","1130":"}","1131":"<","1132":"/","1133":"s","1134":"p","1135":"a","1136":"n","1137":">","1138":"\\","1139":"n","1140":" ","1141":" ","1142":" ","1143":" ","1144":"<","1145":"/","1146":"d","1147":"i","1148":"v","1149":">","1150":"\\","1151":"n","1152":" ","1153":" ","1154":"<","1155":"/","1156":"d","1157":"i","1158":"v","1159":">","1160":"\\","1161":"n","1162":"<","1163":"/","1164":"t","1165":"e","1166":"m","1167":"p","1168":"l","1169":"a","1170":"t","1171":"e","1172":">","1173":"\\","1174":"n","1175":"\\","1176":"n","1177":"<","1178":"s","1179":"c","1180":"r","1181":"i","1182":"p","1183":"t","1184":" ","1185":"l","1186":"a","1187":"n","1188":"g","1189":"=","1190":"\\","1191":"\"","1192":"t","1193":"s","1194":"\\","1195":"\"","1196":">","1197":"\\","1198":"n","1199":"i","1200":"m","1201":"p","1202":"o","1203":"r","1204":"t","1205":" ","1206":"{","1207":" ","1208":"i","1209":"m","1210":"a","1211":"g","1212":"e","1213":"U","1214":"t","1215":"i","1216":"l","1217":"s","1218":" ","1219":"}","1220":" ","1221":"f","1222":"r","1223":"o","1224":"m","1225":" ","1226":"\\","1227":"\"","1228":"@","1229":"/","1230":"m","1231":"i","1232":"x","1233":"i","1234":"n","1235":"s","1236":"/","1237":"i","1238":"m","1239":"a","1240":"g","1241":"e","1242":"U","1243":"t","1244":"i","1245":"l","1246":"s","1247":".","1248":"m","1249":"i","1250":"x","1251":"i","1252":"n","1253":"\\","1254":"\"","1255":";","1256":"\\","1257":"n","1258":"i","1259":"m","1260":"p","1261":"o","1262":"r","1263":"t","1264":" ","1265":"{","1266":" ","1267":"d","1268":"e","1269":"f","1270":"i","1271":"n","1272":"e","1273":"C","1274":"o","1275":"m","1276":"p","1277":"o","1278":"n","1279":"e","1280":"n","1281":"t","1282":",","1283":" ","1284":"P","1285":"r","1286":"o","1287":"p","1288":"T","1289":"y","1290":"p","1291":"e","1292":" ","1293":"}","1294":" ","1295":"f","1296":"r","1297":"o","1298":"m","1299":" ","1300":"\\","1301":"\"","1302":"v","1303":"u","1304":"e","1305":"\\","1306":"\"","1307":";","1308":"\\","1309":"n","1310":"i","1311":"m","1312":"p","1313":"o","1314":"r","1315":"t","1316":" ","1317":"{","1318":" ","1319":"M","1320":"o","1321":"v","1322":"i","1323":"e","1324":"I","1325":"t","1326":"e","1327":"m","1328":"I","1329":"n","1330":"t","1331":"e","1332":"r","1333":"f","1334":"a","1335":"c","1336":"e","1337":" ","1338":"}","1339":" ","1340":"f","1341":"r","1342":"o","1343":"m","1344":" ","1345":"\\","1346":"\"","1347":".","1348":".","1349":"/","1350":"d","1351":"e","1352":"f","1353":"i","1354":"n","1355":"i","1356":"t","1357":"i","1358":"o","1359":"n","1360":"s","1361":"/","1362":"M","1363":"y","1364":"M","1365":"o","1366":"v","1367":"i","1368":"e","1369":"I","1370":"t","1371":"e","1372":"m","1373":".","1374":"d","1375":"e","1376":"f","1377":"i","1378":"n","1379":"i","1380":"t","1381":"i","1382":"o","1383":"n","1384":"s","1385":"\\","1386":"\"","1387":";","1388":"\\","1389":"n","1390":"\\","1391":"n","1392":"e","1393":"x","1394":"p","1395":"o","1396":"r","1397":"t","1398":" ","1399":"d","1400":"e","1401":"f","1402":"a","1403":"u","1404":"l","1405":"t","1406":" ","1407":"d","1408":"e","1409":"f","1410":"i","1411":"n","1412":"e","1413":"C","1414":"o","1415":"m","1416":"p","1417":"o","1418":"n","1419":"e","1420":"n","1421":"t","1422":"(","1423":"{","1424":"\\","1425":"n","1426":" ","1427":" ","1428":"n","1429":"a","1430":"m","1431":"e","1432":":","1433":" ","1434":"\\","1435":"\"","1436":"m","1437":"y","1438":"-","1439":"m","1440":"o","1441":"v","1442":"i","1443":"e","1444":"-","1445":"c","1446":"a","1447":"r","1448":"d","1449":"\\","1450":"\"","1451
[...]
"6323":"n","6324":"-","6325":"b","6326":"o","6327":"t","6328":"t","6329":"o","6330":"m","6331":":","6332":" ","6333":"5","6334":"%","6335":";","6336":"\\","6337":"n","6338":" ","6339":" ","6340":" ","6341":" ","6342":"p","6343":"a","6344":"d","6345":"d","6346":"i","6347":"n","6348":"g","6349":"-","6350":"l","6351":"e","6352":"f","6353":"t","6354":":","6355":" ","6356":"2","6357":"%","6358":";","6359":"\\","6360":"n","6361":"\\","6362":"n","6363":" ","6364":" ","6365":" ","6366":" ","6367":"d","6368":"i","6369":"v","6370":" ","6371":"{","6372":"\\","6373":"n","6374":" ","6375":" ","6376":" ","6377":" ","6378":" ","6379":" ","6380":"w","6381":"i","6382":"d","6383":"t","6384":"h","6385":":","6386":" ","6387":"9","6388":"0","6389":"%","6390":";","6391":"\\","6392":"n","6393":" ","6394":" ","6395":" ","6396":" ","6397":" ","6398":" ","6399":"d","6400":"i","6401":"s","6402":"p","6403":"l","6404":"a","6405":"y","6406":":","6407":" ","6408":"i","6409":"n","6410":"l","6411":"i","6412":"n","6413":"e","6414":"-","6415":"b","6416":"l","6417":"o","6418":"c","6419":"k","6420":";","6421":"\\","6422":"n","6423":" ","6424":" ","6425":" ","6426":" ","6427":"}","6428":"\\","6429":"n","6430":"\\","6431":"n","6432":" ","6433":" ","6434":" ","6435":" ","6436":"s","6437":"p","6438":"a","6439":"n","6440":" ","6441":"{","6442":"\\","6443":"n","6444":" ","6445":" ","6446":" ","6447":" ","6448":" ","6449":" ","6450":"d","6451":"i","6452":"s","6453":"p","6454":"l","6455":"a","6456":"y","6457":":","6458":" ","6459":"i","6460":"n","6461":"l","6462":"i","6463":"n","6464":"e","6465":"-","6466":"b","6467":"l","6468":"o","6469":"c","6470":"k","6471":";","6472":"\\","6473":"n","6474":" ","6475":" ","6476":" ","6477":" ","6478":" ","6479":" ","6480":"w","6481":"i","6482":"d","6483":"t","6484":"h","6485":":","6486":" ","6487":"a","6488":"u","6489":"t","6490":"o","6491":";","6492":"\\","6493":"n","6494":" ","6495":" ","6496":" ","6497":" ","6498":" ","6499":" ","6500":"t","6501":"e","6502":"x","6503":"t","6504":"-","6505":"a","6506":"l","6507":"i","6508":"g","6509":"n","6510":":","6511":" ","6512":"c","6513":"e","6514":"n","6515":"t","6516":"e","6517":"r","6518":";","6519":"\\","6520":"n","6521":" ","6522":" ","6523":" ","6524":" ","6525":" ","6526":" ","6527":"c","6528":"o","6529":"l","6530":"o","6531":"r","6532":":","6533":" ","6534":"#","6535":"f","6536":"6","6537":"5","6538":"2","6539":"6","6540":"1","6541":";","6542":"\\","6543":"n","6544":" ","6545":" ","6546":" ","6547":" ","6548":" ","6549":" ","6550":"f","6551":"o","6552":"n","6553":"t","6554":"-","6555":"s","6556":"i","6557":"z","6558":"e","6559":":","6560":" ","6561":"2","6562":"e","6563":"m","6564":";","6565":"\\","6566":"n","6567":" ","6568":" ","6569":" ","6570":" ","6571":" ","6572":" ","6573":"p","6574":"o","6575":"s","6576":"i","6577":"t","6578":"i","6579":"o","6580":"n","6581":":","6582":" ","6583":"r","6584":"e","6585":"l","6586":"a","6587":"t","6588":"i","6589":"v","6590":"e","6591":";","6592":"\\","6593":"n","6594":" ","6595":" ","6596":" ","6597":" ","6598":" ","6599":" ","6600":"t","6601":"o","6602":"p","6603":":","6604":" ","6605":"0","6606":".","6607":"4","6608":"e","6609":"m","6610":";","6611":"\\","6612":"n","6613":" ","6614":" ","6615":" ","6616":" ","6617":" ","6618":" ","6619":"m","6620":"a","6621":"r","6622":"g","6623":"i","6624":"n","6625":"-","6626":"l","6627":"e","6628":"f","6629":"t","6630":":","6631":" ","6632":"3","6633":"%","6634":";","6635":"\\","6636":"n","6637":" ","6638":" ","6639":" ","6640":" ","6641":" ","6642":" ","6643":"c","6644":"u","6645":"r","6646":"s","6647":"o","6648":"r","6649":":","6650":" ","6651":"p","6652":"o","6653":"i","6654":"n","6655":"t","6656":"e","6657":"r","6658":";","6659":"\\","6660":"n","6661":" ","6662":" ","6663":" ","6664":" ","6665":"}","6666":"\\","6667":"n","6668":" ","6669":" ","6670":"}","6671":"\\","6672":"n","6673":"\\","6674":"n","6675":" ","6676":" ","6677":".","6678":"p","6679":"a","6680":"g","6681":"e","6682":"-","6683":"t","6684":"i","6685":"t","6686":"l","6687":"e","6688":" ","6689":"{","6690":"\\","6691":"n","6692":" ","6693":" ","6694":" ","6695":" ","6696":"c","6697":"o","6698":"l","6699":"o","6700":"r","6701":":","6702":" ","6703":"w","6704":"h","6705":"i","6706":"t","6707":"e","6708":";","6709":"\\","6710":"n","6711":" ","6712":" ","6713":" ","6714":" ","6715":"f","6716":"o","6717":"n","6718":"t","6719":"-","6720":"f","6721":"a","6722":"m","6723":"i","6724":"l","6725":"y","6726":":","6727":" ","6728":"s","6729":"y","6730":"s","6731":"t","6732":"e","6733":"m","6734":"-","6735":"u","6736":"i","6737":";","6738":"\\","6739":"n","6740":" ","6741":" ","6742":" ","6743":" ","6744":"f","6745":"o","6746":"n","6747":"t","6748":"-","6749":"s","6750":"i","6751":"z","6752":"e","6753":":","6754":" ","6755":"2","6756":".","6757":"5","6758":"e","6759":"m","6760":";","6761":"\\","6762":"n","6763":" ","6764":" ","6765":" ","6766":" ","6767":"f","6768":"o","6769":"n","6770":"t","6771":"-","6772":"w","6773":"e","6774":"i","6775":"g","6776":"h","6777":"t","6778":":","6779":" ","6780":"2","6781":"0","6782":"0","6783":";","6784":"\\","6785":"n","6786":" ","6787":" ","6788":" ","6789":" ","6790":"d","6791":"i","6792":"s","6793":"p","6794":"l","6795":"a","6796":"y","6797":":","6798":" ","6799":"b","6800":"l","6801":"o","6802":"c","6803":"k","6804":";","6805":"\\","6806":"n","6807":" ","6808":" ","6809":" ","6810":" ","6811":"t","6812":"e","6813":"x","6814":"t","6815":"-","6816":"a","6817":"l","6818":"i","6819":"g","6820":"n","6821":":","6822":" ","6823":"l","6824":"e","6825":"f","6826":"t","6827":";","6828":"\\","6829":"n","6830":" ","6831":" ","6832":" ","6833":" ","6834":"m","6835":"a","6836":"r","6837":"g","6838":"i","6839":"n","6840":":","6841":" ","6842":"0","6843":" ","6844":"0","6845":" ","6846":"1","6847":"%","6848":" ","6849":"6","6850":"%","6851":";","6852":"\\","6853":"n","6854":" ","6855":" ","6856":"}","6857":"\\","6858":"n","6859":"\\","6860":"n","6861":" ","6862":" ","6863":".","6864":"s","6865":"e","6866":"a","6867":"r","6868":"c","6869":"h","6870":"-","6871":"t","6872":"o","6873":"g","6874":"g","6875":"l","6876":"e","6877":" ","6878":"{","6879":"\\","6880":"n","6881":" ","6882":" ","6883":" ","6884":" ","6885":"f","6886":"o","6887":"n","6888":"t","6889":"-","6890":"s","6891":"i","6892":"z","6893":"e","6894":":","6895":" ","6896":"1","6897":"e","6898":"m","6899":";","6900":"\\","6901":"n","6902":" ","6903":" ","6904":" ","6905":" ","6906":"c","6907":"o","6908":"l","6909":"o","6910":"r","6911":":","6912":" ","6913":"w","6914":"h","6915":"i","6916":"t","6917":"e","6918":";","6919":"\\","6920":"n","6921":" ","6922":" ","6923":"}","6924":"\\","6925":"n","6926":"}","6927":"\\","6928":"n","6929":"\\","6930":"n","6931":".","6932":"r","6933":"e","6934":"s","6935":"u","6936":"l","6937":"t","6938":"s","6939":"-","6940":"s","6941":"e","6942":"c","6943":"t","6944":"i","6945":"o","6946":"n","6947":" ","6948":"{","6949":"\\","6950":"n","6951":" ","6952":" ","6953":"h","6954":"e","6955":"i","6956":"g","6957":"h","6958":"t","6959":":","6960":" ","6961":"9","6962":"0","6963":"v","6964":"h","6965":";","6966":"\\","6967":"n","6968":" ","6969":" ","6970":"/","6971":"*","6972":" ","6973":"s","6974":"h","6975":"o","6976":"u","6977":"l","6978":"d","6979":" ","6980":"b","6981":"e","6982":" ","6983":"r","6984":"e","6985":"m","6986":"o","6987":"v","6988":"e","6989":"d","6990":" ","6991":"l","6992":"a","6993":"t","6994":"e","6995":"r","6996":" ","6997":"*","6998":"/","6999":"\\","7000":"n","7001":" ","7002":" ","7003":"d","7004":"i","7005":"s","7006":"p","7007":"l","7008":"a","7009":"y","7010":":","7011":" ","7012":"i","7013":"n","7014":"l","7015":"i","7016":"n","7017":"e","7018":";","7019":"\\","7020":"n","7021":"\\","7022":"n","7023":" ","7024":" ","7025":".","7026":"r","7027":"e","7028":"s","7029":"u","7030":"l","7031":"t","7032":"s","7033":"-","7034":"m","7035":"a","7036":"i","7037":"n","7038":" ","7039":"{","7040":"\\","7041":"n","7042":" ","7043":" ","7044":" ","7045":" ","7046":"d","7047":"i","7048":"s","7049":"p","7050":"l","7051":"a","7052":"y","7053":":","7054":" ","7055":"g","7056":"r","7057":"i","7058":"d","7059":";","7060":"\\","7061":"n","7062":" ","7063":" ","7064":" ","7065":" ","7066":"g","7067":"r","7068":"i","7069":"d","7070":"-","7071":"t","7072":"e","7073":"m","7074":"p","7075":"l","7076":"a","7077":"t","7078":"e","7079":"-","7080":"c","7081":"o","7082":"l","7083":"u","7084":"m","7085":"n","7086":"s","7087":":","7088":" ","7089":"r","7090":"e","7091":"p","7092":"e","7093":"a","7094":"t","7095":"(","7096":"3","7097":",","7098":" ","7099":"1","7100":"f","7101":"r","7102":")","7103":";","7104":"\\","7105":"n","7106":" ","7107":" ","7108":" ","7109":" ","7110":"j","7111":"u","7112":"s","7113":"t","7114":"i","7115":"f","7116":"y","7117":"-","7118":"i","7119":"t","7120":"e","7121":"m","7122":"s","7123":":","7124":" ","7125":"c","7126":"e","7127":"n","7128":"t","7129":"e","7130":"r","7131":";","7132":"\\","7133":"n","7134":" ","7135":" ","7136":" ","7137":" ","7138":"p","7139":"a","7140":"d","7141":"d","7142":"i","7143":"n","7144":"g","7145":":","7146":" ","7147":"5","7148":"%","7149":" ","7150":"2","7151":"%","7152":";","7153":"\\","7154":"n","7155":" ","7156":" ","7157":"}","7158":"\\","7159":"n","7160":"}","7161":"\\","7162":"n","7163":"\\","7164":"n","7165":".","7166":"s","7167":"e","7168":"a","7169":"r","7170":"c","7171":"h","7172":"-","7173":"t","7174":"o","7175":"g","7176":"g","7177":"l","7178":"e","7179":" ","7180":"{","7181":"\\","7182":"n","7183":" ","7184":" ","7185":"f","7186":"o","7187":"n","7188":"t","7189":"-","7190":"s","7191":"i","7192":"z","7193":"e","7194":":","7195":" ","7196":"1","7197":".","7198":"2","7199":"5","7200":"e","7201":"m","7202":";","7203":"\\","7204":"n","7205":" ","7206":" ","7207":"f","7208":"o","7209":"n","7210":"t","7211":"-","7212":"w","7213":"e","7214":"i","7215":"g","7216":"h","7217":"t","7218":":","7219":" ","7220":"5","7221":"0","7222":"0","7223":";","7224":"\\","7225":"n","7226":" ","7227":" ","7228":"t","7229":"e","7230":"x","7231":"t","7232":"-","7233":"a","7234":"l","7235":"i","7236":"g","7237":"n","7238":":","7239":" ","7240":"l","7241":"e","7242":"f","7243":"t","7244":";","7245":"\\","7246":"n","7247":" ","7248":" ","7249":"m","7250":"a","7251":"r","7252":"g","7253":"i","7254":"n","7255":"-","7256":"l","7257":"e","7258":"f","7259":"t","7260":":","7261":" ","7262":"6","7263":"%","7264":";","7265":"\\","7266":"n","7267":"}","7268":"\\","7269":"n","7270":"\\","7271":"n","7272":".","7273":"r","7274":"e","7275":"s","7276":"u","7277":"l","7278":"t","7279":"s","7280":"-","7281":"h","7282":"e","7283":"a","7284":"d","7285":"e","7286":"r","7287":" ","7288":"{","7289":"\\","7290":"n","7291":" ","7292":" ","7293":"h","7294":"e","7295":"i","7296":"g","7297":"h","7298":"t","7299":":","7300":" ","7301":"1","7302":"0","7303":"v","7304":"h","7305":";","7306":"\\","7307":"n","7308":" ","7309":" ","7310":"w","7311":"i","7312":"d","7313":"t","7314":"h","7315":":","7316":" ","7317":"1","7318":"0","7319":"0","7320":"%","7321":";","7322":"\\","7323":"n","7324":" ","7325":" ","7326":"b","7327":"a","7328":"c","7329":"k","7330":"g","7331":"r","7332":"o","7333":"u","7334":"n","7335":"d","7336":"-","7337":"c","7338":"o","7339":"l","7340":"o","7341":"r","7342":":","7343":" ","7344":"#","7345":"5","7346":"5","7347":"5","7348":"5","7349":"5","7350":"5","7351":";","7352":"\\","7353":"n","7354":"\\","7355":"n","7356":" ","7357":" ","7358":".","7359":"r","7360":"e","7361":"s","7362":"u","7363":"l","7364":"t","7365":"s","7366":"-","7367":"t","7368":"o","7369":"t","7370":"a","7371":"l","7372":" ","7373":"{","7374":"\\","7375":"n","7376":" ","7377":" ","7378":" ","7379":" ","7380":"f","7381":"l","7382":"o","7383":"a","7384":"t","7385":":","7386":" ","7387":"l","7388":"e","7389":"f","7390":"t","7391":";","7392":"\\","7393":"n","7394":" ","7395":" ","7396":" ","7397":" ","7398":"p","7399":"o","7400":"s","7401":"i","7402":"t","7403":"i","7404":"o","7405":"n","7406":":","7407":" ","7408":"r","7409":"e","7410":"l","7411":"a","7412":"t","7413":"i","7414":"v","7415":"e","7416":";","7417":"\\","7418":"n","7419":" ","7420":" ","7421":" ","7422":" ","7423":"t","7424":"o","7425":"p","7426":":","7427":" ","7428":"1","7429":".","7430":"2","7431":"e","7432":"m","7433":";","7434":"\\","7435":"n","7436":" ","7437":" ","7438":" ","7439":" ","7440":"f","7441":"o","7442":"n","7443":"t","7444":"-","7445":"w","7446":"e","7447":"i","7448":"g","7449":"h","7450":"t","7451":":","7452":" ","7453":"7","7454":"0","7455":"0","7456":";","7457":"\\","7458":"n","7459":" ","7460":" ","7461":" ","7462":" ","7463":"f","7464":"o","7465":"n","7466":"t","7467":"-","7468":"s","7469":"i","7470":"z","7471":"e","7472":":","7473":" ","7474":"1","7475":".","7476":"2","7477":"5","7478":"e","7479":"m","7480":";","7481":"\\","7482":"n","7483":" ","7484":" ","7485":" ","7486":" ","7487":"f","7488":"o","7489":"n","7490":"t","7491":"-","7492":"f","7493":"a","7494":"m","7495":"i","7496":"l","7497":"y","7498":":","7499":" ","7500":"s","7501":"y","7502":"s","7503":"t","7504":"e","7505":"m","7506":"-","7507":"u","7508":"i","7509":",","7510":" ","7511":"-","7512":"a","7513":"p","7514":"p","7515":"l","7516":"e","7517":"-","7518":"s","7519":"y","7520":"s","7521":"t","7522":"e","7523":"m","7524":",","7525":" ","7526":"B","7527":"l","7528":"i","7529":"n","7530":"k","7531":"M","7532":"a","7533":"c","7534":"S","7535":"y","7536":"s","7537":"t","7538":"e","7539":"m","7540":"F","7541":"o","7542":"n","7543":"t","7544":",","7545":" ","7546":"\\","7547":"\"","7548":"S","7549":"e","7550":"g","7551":"o","7552":"e","7553":" ","7554":"U","7555":"I","7556":"\\","7557":"\"","7558":",","7559":"\\","7560":"n","7561":" ","7562":" ","7563":" ","7564":" ","7565":" ","7566":" ","7567":"R","7568":"o","7569":"b","7570":"o","7571":"t","7572":"o","7573":",","7574":" ","7575":"O","7576":"x","7577":"y","7578":"g","7579":"e","7580":"n","7581":",","7582":" ","7583":"U","7584":"b","7585":"u","7586":"n","7587":"t","7588":"u","7589":",","7590":" ","7591":"C","7592":"a","7593":"n","7594":"t","7595":"a","7596":"r","7597":"e","7598":"l","7599":"l","7600":",","7601":" ","7602":"\\","7603":"\"","7604":"O","7605":"p","7606":"e","7607":"n","7608":" ","7609":"S","7610":"a","7611":"n","7612":"s","7613":"\\","7614":"\"","7615":",","7616":" ","7617":"\\","7618":"\"","7619":"H","7620":"e","7621":"l","7622":"v","7623":"e","7624":"t","7625":"i","7626":"c","7627":"a","7628":" ","7629":"N","7630":"e","7631":"u","7632":"e","7633":"\\","7634":"\"","7635":",","7636":"\\","7637":"n","7638":" ","7639":" ","7640":" ","7641":" ","7642":" ","7643":" ","7644":"s","7645":"a","7646":"n","7647":"s","7648":"-","7649":"s","7650":"e","7651":"r","7652":"i","7653":"f","7654":";","7655":"\\","7656":"n","7657":" ","7658":" ","7659":" ","7660":" ","7661":"m","7662":"a","7663":"r","7664":"g","7665":"i","7666":"n","7667":":","7668":" ","7669":"0","7670":" ","7671":"0","7672":" ","7673":"1","7674":"%","7675":" ","7676":"6","7677":"%","7678":";","7679":"\\","7680":"n","7681":" ","7682":" ","7683":" ","7684":" ","7685":"c","7686":"o","7687":"l","7688":"o","7689":"r","7690":":","7691":" ","7692":"w","7693":"h","7694":"i","7695":"t","7696":"e","7697":";","7698":"\\","7699":"n","7700":" ","7701":" ","7702":"}","7703":"\\","7704":"n","7705":"\\","7706":"n","7707":" ","7708":" ","7709":".","7710":"r","7711":"e","7712":"s","7713":"u","7714":"l","7715":"t","7716":"s","7717":"-","7718":"t","7719":"o","7720":"g","7721":"g","7722":"l","7723":"e","7724":" ","7725":"{","7726":"\\","7727":"n","7728":" ","7729":" ","7730":" ","7731":" ","7732":"f","7733":"l","7734":"o","7735":"a","7736":"t","7737":":","7738":" ","7739":"r","7740":"i","7741":"g","7742":"h","7743":"t","7744":";","7745":"\\","7746":"n","7747":" ","7748":" ","7749":" ","7750":" ","7751":"m","7752":"a","7753":"r","7754":"g","7755":"i","7756":"n","7757":":","7758":" ","7759":"1","7760":"%","7761":" ","7762":"5","7763":"%","7764":" ","7765":"0","7766":" ","7767":"0","7768":";","7769":"\\","7770":"n","7771":" ","7772":" ","7773":" ","7774":" ","7775":"c","7776":"o","7777":"l","7778":"o","7779":"r","7780":":","7781":" ","7782":"w","7783":"h","7784":"i","7785":"t","7786":"e","7787":";","7788":"\\","7789":"n","7790":" ","7791":" ","7792":"}","7793":"\\","7794":"n","7795":"}","7796":"\\","7797":"n","7798":"\\","7799":"n","7800":".","7801":"r","7802":"e","7803":"s","7804":"u","7805":"l","7806":"t","7807":"s","7808":"-","7809":"m","7810":"a","7811":"i","7812":"n","7813":" ","7814":"{","7815":"\\","7816":"n","7817":" ","7818":" ","7819":"b","7820":"a","7821":"c","7822":"k","7823":"g","7824":"r","7825":"o","7826":"u","7827":"n","7828":"d","7829":"-","7830":"c","7831":"o","7832":"l","7833":"o","7834":"r","7835":":","7836":" ","7837":"#","7838":"2","7839":"3","7840":"2","7841":"3","7842":"2","7843":"3","7844":";","7845":"\\","7846":"n","7847":" ","7848":" ","7849":"c","7850":"o","7851":"l","7852":"o","7853":"r","7854":":","7855":" ","7856":"#","7857":"f","7858":"f","7859":"f","7860":"f","7861":"f","7862":"f","7863":";","7864":"\\","7865":"n","7866":"}","7867":"\\","7868":"n","7869":"\\","7870":"n","7871":"f","7872":"o","7873":"o","7874":"t","7875":"e","7876":"r","7877":" ","7878":"{","7879":"\\","7880":"n","7881":" ","7882":" ","7883":"w","7884":"i","7885":"d","7886":"t","7887":"h","7888":":","7889":" ","7890":"1","7891":"0","7892":"0","7893":"%","7894":";","7895":"\\","7896":"n","7897":" ","7898":" ","7899":"h","7900":"e","7901":"i","7902":"g","7903":"h","7904":"t","7905":":","7906":" ","7907":"1","7908":"0","7909":"v","7910":"h","7911":";","7912":"\\","7913":"n","7914":" ","7915":" ","7916":"b","7917":"a","7918":"c","7919":"k","7920":"g","7921":"r","7922":"o","7923":"u","7924":"n","7925":"d","7926":"-","7927":"c","7928":"o","7929":"l","7930":"o","7931":"r","7932":":","7933":" ","7934":"#","7935":"4","7936":"2","7937":"4","7938":"2","7939":"4","7940":"2","7941":";","7942":"\\","7943":"n","7944":"\\","7945":"n","7946":" ","7947":" ","7948":".","7949":"l","7950":"o","7951":"g","7952":"o","7953":"-","7954":"w","7955":"r","7956":"a","7957":"p","7958":"p","7959":"e","7960":"r","7961":" ","7962":"{","7963":"\\","7964":"n","7965":" ","7966":" ","7967":" ","7968":" ","7969":"p","7970":"o","7971":"s","7972":"i","7973":"t","7974":"i","7975":"o","7976":"n","7977":":","7978":" ","7979":"r","7980":"e","7981":"l","7982":"a","7983":"t","7984":"i","7985":"v","7986":"e","7987":";","7988":"\\","7989":"n","7990":" ","7991":" ","7992":" ","7993":" ","7994":"t","7995":"o","7996":"p","7997":":","7998":" ","7999":"3","8000":"5","8001":"%","8002":";","8003":"\\","8004":"n","8005":" ","8006":" ","8007":"}","8008":"\\","8009":"n","8010":"}","8011":"\\","8012":"n","8013":"\\","8014":"n","8015":".","8016":"e","8017":"m","8018":"p","8019":"t","8020":"y","8021":"-","8022":"l","8023":"i","8024":"s","8025":"t","8026":" ","8027":"{","8028":"\\","8029":"n","8030":" ","8031":" ","8032":"f","8033":"o","8034":"n","8035":"t","8036":"-","8037":"s","8038":"i","8039":"z","8040":"e","8041":":","8042":" ","8043":"3","8044":"e","8045":"m","8046":";","8047":"\\","8048":"n","8049":" ","8050":" ","8051":"d","8052":"i","8053":"s","8054":"p","8055":"l","8056":"a","8057":"y","8058":":","8059":" ","8060":"b","8061":"l","8062":"o","8063":"c","8064":"k","8065":";","8066":"\\","8067":"n","8068":" ","8069":" ","8070":"p","8071":"o","8072":"s","8073":"i","8074":"t","8075":"i","8076":"o","8077":"n","8078":":","8079":" ","8080":"r","8081":"e","8082":"l","8083":"a","8084":"t","8085":"i","8086":"v","8087":"e","8088":";","8089":"\\","8090":"n","8091":" ","8092":" ","8093":"t","8094":"o","8095":"p","8096":":","8097":" ","8098":"2","8099":"5","8100":"%","8101":";","8102":"\\","8103":"n","8104":"}","8105":"\\","8106":"n","8107":"<","8108":"/","8109":"s","8110":"t","8111":"y","8112":"l","8113":"e","8114":">","8115":"\\","8116":"n","8117":"\"","8118":"]","8119":"}"},"_coverageSchema":"1a1c01bbd47fc00a2c39e90264f33305004495a9","hash":"13f2e8f0a0be18d3c0e707072c6e4a5c0db8f711"}
}
