{"/Users/Adam_Pisky-Nagy/Documents/learning/repos/vue-mentoring/mocks/movieData.mock.ts": {"path":"/Users/Adam_Pisky-Nagy/Documents/learning/repos/vue-mentoring/mocks/movieData.mock.ts","statementMap":{"0":{"start":{"line":3,"column":13},"end":{"line":94,"column":null}}},"fnMap":{},"branchMap":{},"s":{"0":1},"f":{},"b":{}}
,"/Users/Adam_Pisky-Nagy/Documents/learning/repos/vue-mentoring/src/assets/anh.png": {"path":"/Users/Adam_Pisky-Nagy/Documents/learning/repos/vue-mentoring/src/assets/anh.png","statementMap":{"0":{"start":{"line":1,"column":0},"end":{"line":1,"column":19}}},"fnMap":{},"branchMap":{},"s":{"0":1},"f":{},"b":{},"_coverageSchema":"1a1c01bbd47fc00a2c39e90264f33305004495a9","hash":"bd017fd22e9a96478010ede9d85af4f8d093cf97"}
,"/Users/Adam_Pisky-Nagy/Documents/learning/repos/vue-mentoring/src/components/MyButton.vue": {"path":"/Users/Adam_Pisky-Nagy/Documents/learning/repos/vue-mentoring/src/components/MyButton.vue","statementMap":{"0":{"start":{"line":3,"column":0},"end":{"line":5,"column":3}},"1":{"start":{"line":6,"column":12},"end":{"line":6,"column":26}},"2":{"start":{"line":7,"column":0},"end":{"line":57,"column":3}},"3":{"start":{"line":24,"column":4},"end":{"line":26,"column":6}},"4":{"start":{"line":30,"column":6},"end":{"line":33,"column":8}},"5":{"start":{"line":38,"column":18},"end":{"line":38,"column":22}},"6":{"start":{"line":44,"column":6},"end":{"line":53,"column":7}},"7":{"start":{"line":45,"column":27},"end":{"line":48,"column":10}},"8":{"start":{"line":46,"column":22},"end":{"line":46,"column":30}},"9":{"start":{"line":47,"column":10},"end":{"line":47,"column":42}},"10":{"start":{"line":49,"column":8},"end":{"line":49,"column":43}},"11":{"start":{"line":50,"column":8},"end":{"line":50,"column":56}},"12":{"start":{"line":52,"column":8},"end":{"line":52,"column":36}},"13":{"start":{"line":54,"column":6},"end":{"line":54,"column":36}},"14":{"start":{"line":58,"column":0},"end":{"line":58,"column":13}},"15":{"start":{"line":59,"column":0},"end":{"line":59,"column":62}},"16":{"start":{"line":60,"column":0},"end":{"line":60,"column":24}},"17":{"start":{"line":61,"column":12},"end":{"line":61,"column":26}},"18":{"start":{"line":63,"column":4},"end":{"line":84,"column":23}},"19":{"start":{"line":68,"column":27},"end":{"line":68,"column":29}},"20":{"start":{"line":69,"column":16},"end":{"line":71,"column":17}},"21":{"start":{"line":69,"column":30},"end":{"line":69,"column":31}},"22":{"start":{"line":70,"column":20},"end":{"line":70,"column":45}},"23":{"start":{"line":72,"column":16},"end":{"line":72,"column":72}},"24":{"start":{"line":78,"column":16},"end":{"line":81,"column":135}},"25":{"start":{"line":86,"column":0},"end":{"line":86,"column":24}},"26":{"start":{"line":87,"column":1},"end":{"line":87,"column":48}}},"fnMap":{"0":{"name":"(anonymous_0)","decl":{"start":{"line":23,"column":8},"end":{"line":23,"column":9}},"loc":{"start":{"line":23,"column":20},"end":{"line":27,"column":3}},"line":23},"1":{"name":"(anonymous_1)","decl":{"start":{"line":29,"column":14},"end":{"line":29,"column":15}},"loc":{"start":{"line":29,"column":26},"end":{"line":34,"column":5}},"line":29},"2":{"name":"(anonymous_2)","decl":{"start":{"line":37,"column":13},"end":{"line":37,"column":14}},"loc":{"start":{"line":37,"column":25},"end":{"line":55,"column":5}},"line":37},"3":{"name":"(anonymous_3)","decl":{"start":{"line":45,"column":47},"end":{"line":45,"column":48}},"loc":{"start":{"line":45,"column":61},"end":{"line":48,"column":9}},"line":45},"4":{"name":"render","decl":{"start":{"line":62,"column":9},"end":{"line":62,"column":15}},"loc":{"start":{"line":62,"column":30},"end":{"line":85,"column":1}},"line":62},"5":{"name":"(anonymous_5)","decl":{"start":{"line":67,"column":12},"end":{"line":67,"column":13}},"loc":{"start":{"line":67,"column":24},"end":{"line":73,"column":13}},"line":67},"6":{"name":"(anonymous_6)","decl":{"start":{"line":77,"column":139},"end":{"line":77,"column":140}},"loc":{"start":{"line":77,"column":162},"end":{"line":82,"column":13}},"line":77}},"branchMap":{"0":{"loc":{"start":{"line":25,"column":16},"end":{"line":25,"column":88}},"type":"cond-expr","locations":[{"start":{"line":25,"column":48},"end":{"line":25,"column":71}},{"start":{"line":25,"column":74},"end":{"line":25,"column":88}}],"line":25},"1":{"loc":{"start":{"line":44,"column":6},"end":{"line":53,"column":7}},"type":"if","locations":[{"start":{"line":44,"column":6},"end":{"line":53,"column":7}},{"start":{"line":51,"column":13},"end":{"line":53,"column":7}}],"line":44},"2":{"loc":{"start":{"line":65,"column":17},"end":{"line":73,"column":14}},"type":"binary-expr","locations":[{"start":{"line":65,"column":17},"end":{"line":65,"column":26}},{"start":{"line":65,"column":31},"end":{"line":73,"column":13}}],"line":65},"3":{"loc":{"start":{"line":72,"column":24},"end":{"line":72,"column":70}},"type":"binary-expr","locations":[{"start":{"line":72,"column":24},"end":{"line":72,"column":36}},{"start":{"line":72,"column":40},"end":{"line":72,"column":70}}],"line":72},"4":{"loc":{"start":{"line":75,"column":62},"end":{"line":75,"column":134}},"type":"cond-expr","locations":[{"start":{"line":75,"column":99},"end":{"line":75,"column":127}},{"start":{"line":75,"column":130},"end":{"line":75,"column":134}}],"line":75},"5":{"loc":{"start":{"line":76,"column":8},"end":{"line":83,"column":57}},"type":"cond-expr","locations":[{"start":{"line":77,"column":15},"end":{"line":82,"column":41}},{"start":{"line":83,"column":14},"end":{"line":83,"column":57}}],"line":76},"6":{"loc":{"start":{"line":81,"column":46},"end":{"line":81,"column":110}},"type":"cond-expr","locations":[{"start":{"line":81,"column":79},"end":{"line":81,"column":103}},{"start":{"line":81,"column":106},"end":{"line":81,"column":110}}],"line":81}},"s":{"0":3,"1":3,"2":3,"3":2,"4":2,"5":0,"6":0,"7":0,"8":0,"9":0,"10":0,"11":0,"12":0,"13":0,"14":3,"15":3,"16":3,"17":3,"18":2,"19":0,"20":0,"21":0,"22":0,"23":0,"24":0,"25":3,"26":3},"f":{"0":2,"1":2,"2":0,"3":0,"4":2,"5":0,"6":0},"b":{"0":[0,2],"1":[0,0],"2":[2,2],"3":[0,0],"4":[2,0],"5":[0,2],"6":[0,0]},"inputSourceMap":{"0":"{","1":"\"","2":"v","3":"e","4":"r","5":"s","6":"i","7":"o","8":"n","9":"\"","10":":","11":"3","12":",","13":"\"","14":"s","15":"o","16":"u","17":"r","18":"c","19":"e","20":"s","21":"\"","22":":","23":"[","24":"\"","25":"/","26":"U","27":"s","28":"e","29":"r","30":"s","31":"/","32":"A","33":"d","34":"a","35":"m","36":"_","37":"P","38":"i","39":"s","40":"k","41":"y","42":"-","43":"N","44":"a","45":"g","46":"y","47":"/","48":"D","49":"o","50":"c","51":"u","52":"m","53":"e","54":"n","55":"t","56":"s","57":"/","58":"l","59":"e","60":"a","61":"r","62":"n","63":"i","64":"n","65":"g","66":"/","67":"r","68":"e","69":"p","70":"o","71":"s","72":"/","73":"v","74":"u","75":"e","76":"-","77":"m","78":"e","79":"n","80":"t","81":"o","82":"r","83":"i","84":"n","85":"g","86":"/","87":"s","88":"r","89":"c","90":"/","91":"c","92":"o","93":"m","94":"p","95":"o","96":"n","97":"e","98":"n","99":"t","100":"s","101":"/","102":"M","103":"y","104":"B","105":"u","106":"t","107":"t","108":"o","109":"n","110":".","111":"v","112":"u","113":"e","114":"\"","115":"]","116":",","117":"\"","118":"n","119":"a","120":"m","121":"e","122":"s","123":"\"","124":":","125":"[","126":"]","127":",","128":"\"","129":"m","130":"a","131":"p","132":"p","133":"i","134":"n","135":"g","136":"s","137":"\"","138":":","139":"\"","140":";","141":";","142":";","143":";","144":";","145":"A","146":"A","147":"e","148":"A","149":";","150":"A","151":"A","152":"E","153":"A","154":",","155":"k","156":"B","157":"A","158":"A","159":"e","160":",","161":"y","162":"B","163":"A","164":"A","165":"e","166":",","167":"E","168":"A","169":"A","170":"C","171":";","172":"E","173":"A","174":"C","175":"7","176":"B","177":",","178":"I","179":"A","180":"A","181":"I","182":",","183":"E","184":"A","185":"A","186":"E","187":",","188":"W","189":"A","190":"A","191":"W","192":";","193":"E","194":"A","195":"C","196":"j","197":"B","198":",","199":"K","200":"A","201":"A","202":"K","203":",","204":"E","205":"A","206":"A","207":"E","208":";","209":"I","210":"A","211":"C","212":"L","213":",","214":"S","215":"A","216":"A","217":"S","218":",","219":"E","220":"A","221":"A","222":"E","223":";","224":"M","225":"A","226":"C","227":"T","228":",","229":"Q","230":"A","231":"A","232":"Q","233":",","234":"E","235":"A","236":"A","237":"E","238":",","239":"I","240":"A","241":"A","242":"I","243":",","244":"C","245":"A","246":"A","247":"C","248":";","249":";","250":";","251":";","252":";","253":";","254":";","255":";","256":";","257":";","258":"G","259":"A","260":"U","261":"l","262":"B","263":";","264":";","265":"E","266":"A","267":"C","268":"D","269":",","270":"I","271":"A","272":"A","273":"I","274":";","275":"I","276":"A","277":"C","278":"F","279":",","280":"O","281":"A","282":"A","283":"O","284":";","285":"M","286":"A","287":"C","288":"L","289":",","290":"Q","291":"A","292":"A","293":"Q","294":",","295":"E","296":"A","297":"A","298":"E","299":",","300":"K","301":"A","302":"A","303":"K","304":",","305":"C","306":"A","307":"A","308":"C","309":",","310":"O","311":"A","312":"A","313":"O","314":",","315":"C","316":"A","317":"A","318":"C","319":",","320":"I","321":"A","322":"A","323":"I","324":",","325":"C","326":"A","327":"A","328":"C","329":",","330":"S","331":"A","332":"A","333":"S","334":",","335":"C","336":"A","337":"A","338":"C","339":",","340":"G","341":"A","342":"C","343":"n","344":"C","345":",","346":"I","347":"A","348":"A","349":"I","350":",","351":"C","352":"A","353":"A","354":"C","355":",","356":"S","357":"A","358":"A","359":"S","360":",","361":"C","362":"A","363":"A","364":"C","365":",","366":"C","367":"A","368":"A","369":"C","370":",","371":"C","372":"A","373":"A","374":"C","375":",","376":"C","377":"A","378":"A","379":"C","380":",","381":"K","382":"A","383":"A","384":"K","385":",","386":"G","387":"A","388":"C","389":"v","390":"B","391":",","392":"I","393":"A","394":"A","395":"I","396":",","397":"C","398":"A","399":"A","400":"C","401":";","402":"K","403":"A","404":"C","405":"V","406":";","407":"E","408":"A","409":"C","410":"H","411":",","412":"C","413":"A","414":"A","415":"C","416":";","417":"E","418":"A","419":"C","420":"D","421":",","422":"Q","423":"A","424":"A","425":"Q","426":",","427":"E","428":"A","429":"A","430":"E","431":";","432":"I","433":"A","434":"C","435":"R","436":",","437":"Q","438":"A","439":"A","440":"Q","441":";","442":"M","443":"A","444":"C","445":"N","446":",","447":"O","448":"A","449":"A","450":"O","451":";","452":"Q","453":"A","454":"C","455":"L","456":",","457":"e","458":"A","459":"A","460":"e","461":",","462":"E","463":"A","464":"A","465":"E","466":",","467":"C","468":"A","469":"A","470":"C","471":",","472":"K","473":"A","474":"A","475":"K","476":",","477":"C","478":"A","479":"A","480":"C","481":",","482":"O","483":"A","484":"A","485":"O","486":",","487":"C","488":"A","489":"A","490":"C","491":",","492":"I","493":"A","494":"A","495":"I","496":",","497":"C","498":"A","499":"A","500":"C","501":",","502":"S","503":"A","504":"A","505":"S","506":",","507":"C","508":"A","509":"A","510":"C","511":";","512":"Q","513":"A","514":"C","515":"/","516":"C","517":",","518":"e","519":"A","520":"A","521":"e","522":",","523":"E","524":"A","525":"A","526":"E","527":",","528":"K","529":"A","530":"A","531":"K","532":",","533":"C","534":"A","535":"A","536":"C","537":",","538":"O","539":"A","540":"A","541":"O","542":",","543":"C","544":"A","545":"A","546":"C","547":",","548":"I","549":"A","550":"A","551":"I","552":",","553":"C","554":"A","555":"A","556":"C","557":",","558":"S","559":"A","560":"A","561":"S","562":";","563":"O","564":"A","565":"C","566":"9","567":"C","568":";","569":"I","570":"A","571":"C","572":"H","573":";","574":"G","575":"A","576":"C","577":"D","578":";","579":"E","580":"A","581":"C","582":"D","583":",","584":"O","585":"A","586":"A","587":"O","588":",","589":"E","590":"A","591":"A","592":"E","593":";","594":"I","595":"A","596":"C","597":"P","598":",","599":"O","600":"A","601":"A","602":"O","603":";","604":"M","605":"A","606":"A","607":"P","608":";","609":"M","610":"A","611":"C","612":"E","613":";","614":";","615":";","616":";","617":";","618":"M","619":"A","620":"K","621":"A","622":",","623":"I","624":"A","625":"A","626":"I","627":",","628":"K","629":"A","630":"A","631":"K","632":",","633":"C","634":"A","635":"A","636":"C","637":",","638":"O","639":"A","640":"A","641":"O","642":",","643":"C","644":"A","645":"A","646":"C","647":",","648":"I","649":"A","650":"A","651":"I","652":",","653":"C","654":"A","655":"A","656":"C","657":",","658":"S","659":"A","660":"A","661":"S","662":",","663":"C","664":"A","665":"A","666":"C","667":",","668":"E","669":"A","670":"A","671":"E","672":";","673":"Q","674":"A","675":"C","676":"j","677":"C","678":",","679":"I","680":"A","681":"A","682":"M","683":",","684":"Y","685":"A","686":"A","687":"Y","688":",","689":"G","690":"A","691":"A","692":"G","693":",","694":"I","695":"A","696":"A","697":"I","698":",","699":"C","700":"A","701":"A","702":"C","703":",","704":"S","705":"A","706":"A","707":"S","708":",","709":"C","710":"A","711":"A","712":"C","713":",","714":"I","715":"A","716":"A","717":"I","718":",","719":"C","720":"A","721":"C","722":"t","723":"C","724":",","725":"U","726":"A","727":"A","728":"C","729":",","730":"E","731":"A","732":"A","733":"S","734":";","735":"c","736":"A","737":"A","738":"P","739":",","740":"K","741":"A","742":"A","743":"K","744":";","745":"U","746":"A","747":"A","748":"O","749":",","750":"Y","751":"A","752":"A","753":"K","754":",","755":"K","756":"A","757":"A","758":"K","759":",","760":"K","761":"A","762":"A","763":"I","764":",","765":"C","766":"A","767":"A","768":"C","769":",","770":"Q","771":"A","772":"A","773":"Q","774":";","775":"Q","776":"A","777":"A","778":"v","779":"B","780":",","781":"C","782":"A","783":"A","784":"u","785":"B","786":",","787":"C","788":"A","789":"C","790":"v","791":"C","792":";","793":"Q","794":"A","795":"C","796":"D","797":",","798":"I","799":"A","800":"A","801":"I","802":",","803":"C","804":"A","805":"A","806":"C","807":",","808":"Q","809":"A","810":"A","811":"Q","812":",","813":"G","814":"A","815":"A","816":"G","817":",","818":"Y","819":"A","820":"A","821":"Y","822":",","823":"C","824":"A","825":"A","826":"C","827":",","828":"K","829":"A","830":"A","831":"K","832":";","833":"Q","834":"A","835":"C","836":"l","837":"C","838":",","839":"I","840":"A","841":"A","842":"I","843":",","844":"C","845":"A","846":"A","847":"C","848":",","849":"K","850":"A","851":"A","852":"K","853":",","854":"C","855":"A","856":"A","857":"C","858":",","859":"e","860":"A","861":"A","862":"e","863":",","864":"E","865":"A","866":"A","867":"E","868":",","869":"Y","870":"A","871":"A","872":"Y","873":",","874":"C","875":"A","876":"A","877":"C","878":",","879":"K","880":"A","881":"A","882":"K","883":",","884":"C","885":"A","886":"A","887":"C","888":";","889":"O","890":"A","891":"C","892":"h","893":"D","894":",","895":"M","896":"A","897":"A","898":"M","899":";","900":"Q","901":"A","902":"C","903":"L","904":",","905":"I","906":"A","907":"A","908":"I","909":",","910":"C","911":"A","912":"A","913":"C","914":",","915":"K","916":"A","917":"A","918":"K","919":",","920":"C","921":"A","922":"A","923":"C","924":",","925":"e","926":"A","927":"A","928":"e","929":",","930":"C","931":"A","932":"A","933":"C","934":";","935":";","936":"M","937":"A","938":"E","939":"7","940":"B","941":",","942":"O","943":"A","944":"A","945":"O","946":",","947":"C","948":"A","949":"A","950":"C","951":",","952":"G","953":"A","954":"A","955":"G","956":",","957":"C","958":"A","959":"A","960":"C","961":",","962":"g","963":"B","964":"A","965":"A","966":"g","967":"B","968":",","969":"C","970":"A","971":"A","972":"C","973":";","974":"I","975":"A","976":"C","977":"/","978":"B","979":";","980":";","981":"C","982":"A","983":"E","984":"H","985":",","986":"C","987":"A","988":"A","989":"C","990":"\"","991":",","992":"\"","993":"f","994":"i","995":"l","996":"e","997":"\"","998":":","999":"\"","1000":"/","1001":"U","1002":"s","1003":"e","1004":"r","1005":"s","1006":"/","1007":"A","1008":"d","1009":"a","1010":"m","1011":"_","1012":"P","1013":"i","1014":"s","1015":"k","1016":"y","1017":"-","1018":"N","1019":"a","1020":"g","1021":"y","1022":"/","1023":"D","1024":"o","1025":"c","1026":"u","1027":"m","1028":"e","1029":"n","1030":"t","1031":"s","1032":"/","1033":"l","1034":"e","1035":"a","1036":"r","1037":"n","1038":"i","1039":"n","1040":"g","1041":"/","1042":"r","1043":"e","1044":"p","1045":"o","1046":"s","1047":"/","1048":"v","1049":"u","1050":"e","1051":"-","1052":"m","1053":"e","1054":"n","1055":"t","1056":"o","1057":"r","1058":"i","1059":"n","1060":"g","1061":"/","1062":"s","1063":"r","1064":"c","1065":"/","1066":"c","1067":"o","1068":"m","1069":"p","1070":"o","1071":"n","1072":"e","1073":"n","1074":"t","1075":"s","1076":"/","1077":"M","1078":"y","1079":"B","1080":"u","1081":"t","1082":"t","1083":"o","1084":"n","1085":".","1086":"v","1087":"u","1088":"e","1089":"\"","1090":",","1091":"\"","1092":"s","1093":"o","1094":"u","1095":"r","1096":"c","1097":"e","1098":"s","1099":"C","1100":"o","1101":"n","1102":"t","1103":"e","1104":"n","1105":"t","1106":"\"","1107":":","1108":"[","1109":"\"","1110":"<","1111":"t","1112":"e","1113":"m","1114":"p","1115":"l","1116":"a","1117":"t","1118":"e","1119":">","1120":"\\","1121":"n","1122":" ","1123":" ","1124":"<","1125":"b","1126":"u","1127":"t","1128":"t","1129":"o","1130":"n","1131":" ","1132":":","1133":"c","1134":"l","1135":"a","1136":"s","1137":"s","1138":"=","1139":"\\","1140":"\"","1141":"c","1142":"l","1143":"a","1144":"s","1145":"s","1146":"O","1147":"b","1148":"j","1149":"\\","1150":"\"","1151":" ","1152":"@","1153":"c","1154":"l","1155":"i","1156":"c","1157":"k","1158":"=","1159":"\\","1160":"\"","1161":"o","1162":"n","1163":"C","1164":"l","1165":"i","1166":"c","1167":"k","1168":"\\","1169":"\"","1170":">","1171":"\\","1172":"n","1173":" ","1174":" ","1175":" ","1176":" ","1177":"{","1178":"{","1179":" ","1180":"t","1181":"y","1182":"p","1183":"e","1184":"o","1185":"f","1186":" ","1187":"i","1188":"n","1189":"n","1190":"e","1191":"r","1192":"T","1193":"e","1194":"x","1195":"t","1196":" ","1197":"=","1198":"=","1199":"=","1200":" ","1201":"\\","1202":"\"","1203":"s","1204":"t","1205":"r","1206":"i","1207":"n","1208":"g","1209":"\\","1210":"\"","1211":" ","1212":"?","1213":" ","1214":"i","1215":"n","1216":"n","1217":"e","1218":"r","1219":"T","1220":"e","1221":"x","1222":"t","1223":".","1224":"t","1225":"o","1226":"U","1227":"p","1228":"p","1229":"e","1230":"r","1231":"C","1232":"a","1233":"s","1234":"e","1235":"(","1236":")","1237":" ","1238":":","1239":" ","1240":"n","1241":"u","1242":"l","1243":"l","1244":" ","1245":"}","1246":"}","1247":"\\","1248":"n","1249":" ","1250":" ","1251":" ","1252":" ","1253":"<","1254":"t","1255":"e","1256":"m","1257":"p","1258":"l","1259":"a","1260":"t","1261":"e","1262":" ","1263":"v","1264":"-","1265":"i","1266":"f","1267":"=","1268":"\\","1269":"\"","1270":"A","1271":"r","1272":"r","1273":"a","1274":"y","1275":".","1276":"i","1277":"s","1278":"A","1279":"r","1280":"r","1281":"a","1282":"y","1283":"(","1284":"i","1285":"n","1286":"n","1287":"e","1288":"r","1289":"T","1290":"e","1291":"x","1292":"t","1293":")","1294":"\\","1295":"\"","1296":">","1297":"\\","1298":"n","1299":" ","1300":" ","1301":" ","1302":" ","1303":" ","1304":" ","1305":"<","1306":"s","1307":"p","1308":"a","1309":"n","1310":"\\","1311":"n","1312":" ","1313":" ","1314":" ","1315":" ","1316":" ","1317":" ","1318":" ","1319":" ","1320":"v","1321":"-","1322":"f","1323":"o","1324":"r","1325":"=","1326":"\\","1327":"\"","1328":"(","1329":"i","1330":"t","1331":"e","1332":"m","1333":",","1334":" ","1335":"i","1336":"n","1337":"d","1338":"e","1339":"x","1340":")","1341":" ","1342":"i","1343":"n","1344":" ","1345":"i","1346":"n","1347":"n","1348":"e","1349":"r","1350":"T","1351":"e","1352":"x","1353":"t","1354":"\\","1355":"\"","1356":"\\","1357":"n","1358":" ","1359":" ","1360":" ","1361":" ","1362":" ","1363":" ","1364":" ","1365":" ","1366":":","1367":"k","1368":"e","1369":"y","1370":"=","1371":"\\","1372":"\"","1373":"`","1374":"t","1375":"o","1376":"g","1377":"g","1378":"l","1379":"e","1380":"-","1381":"i","1382":"t","1383":"e","1384":"m","1385":"-","1386":"$","1387":"{","1388":"i","1389":"n","1390":"d","1391":"e","1392":"x","1393":"}","1394":"`","1395":"\\","1396":"\"","1397":"\\","1398":"n","1399":" ","1400":" ","1401":" ","1402":" ","1403":" ","1404":" ","1405":" ","1406":" ","1407":":","1408":"c","1409":"l","1410":"a","1411":"s","1412":"s","1413":"=","1414":"\\","1415":"\"","1416":"{","1417":" ","1418":"s","1419":"e","1420":"l","1421":"e","1422":"c","1423":"t","1424":"e","1425":"d","1426":":","1427":" ","1428":"i","1429":"t","1430":"e","1431":"m","1432":".","1433":"v","1434":"a","1435":"l","1436":"u","1437":"e","1438":" ","1439":"=","1440":"=","1441":"=","1442":" ","1443":"s","1444":"e","1445":"l","1446":"e","1447":"c","1448":"t","1449":"e","1450":"d","1451":" ","1452":"}","1453":"\\","1454":"\"","1455":"\\","1456":"n","1457":" ","1458":" ","1459":" ","1460":" ","1461":" ","1462":" ","1463":" ","1464":" ","1465":">","1466":"{","1467":"{","1468":" ","1469":"t","1470":"y","1471":"p","1472":"e","1473":"o","1474":"f","1475":" ","1476":"i","1477":"t","1478":"e","1479":"m","1480":".","1481":"l","1482":"a","1483":"b","1484":"e","1485":"l","1486":" ","1487":"=","1488":"=","1489":"=","1490":" ","1491":"'","1492":"s","1493":"t","1494":"r","1495":"i","1496":"n","1497":"g","1498":"'","1499":" ","1500":"?","1501":" ","1502":"i","1503":"t","1504":"e","1505":"m","1506":".","1507":"l","1508":"a","1509":"b","1510":"e","1511":"l","1512":".","1513":"t","1514":"o","1515":"U","1516":"p","1517":"p","1518":"e","1519":"r","1520":"C","1521":"a","1522":"s","1523":"e","1524":"(","1525":")","1526":" ","1527":":","1528":" ","1529":"n","1530":"u","1531":"l","1532":"l","1533":" ","1534":"}","1535":"}","1536":"<","1537":"/","1538":"s","1539":"p","1540":"a","1541":"n","1542":"\\","1543":"n","1544":" ","1545":" ","1546":" ","1547":" ","1548":" ","1549":" ","1550":">","1551":"\\","1552":"n","1553":" ","1554":" ","1555":" ","1556":" ","1557":"<","1558":"/","1559":"t","1560":"e","1561":"m","1562":"p","1563":"l","1564":"a","1565":"t","1566":"e","1567":">","1568":"\\","1569":"n","1570":" ","1571":" ","1572":"<","1573":"/","1574":"b","1575":"u","1576":"t","1577":"t","1578":"o","1579":"n","1580":">","1581":"\\","1582":"n","1583":"<","1584":"/","1585":"t","1586":"e","1587":"m","1588":"p","1589":"l","1590":"a","1591":"t","1592":"e","1593":">","1594":"\\","1595":"n","1596":"\\","1597":"n","1598":"<","1599":"s","1600":"c","1601":"r","1602":"i","1603":"p","1604":"t","1605":" ","1606":"l","1607":"a","1608":"n","1609":"g","1610":"=","1611":"\\","1612":"\"","1613":"t","1614":"s","1615":"\\","1616":"\"","1617":">","1618":"\\","1619":"n","1620":"i","1621":"m","1622":"p","1623":"o","1624":"r","1625":"t","1626":" ","1627":"{","1628":" ","1629":"d","1630":"e","1631":"f","1632":"i","1633":"n","1634":"e","1635":"C","1636":"o","1637":"m","1638":"p","1639":"o","1640":"n","1641":"e","1642":"n","1643":"t","1644":" ","1645":"}","1646":" ","1647":"f","1648":"r","1649":"o","1650":"m","1651":" ","1652":"\\","1653":"\"","1654":"v","1655":"u","1656":"e","1657":"\\","1658":"\"","1659":";","1660":"\\","1661":"n","1662":"\\","1663":"n","1664":"e","1665":"x","1666":"p","1667":"o","1668":"r","1669":"t","1670":" ","1671":"d","1672":"e","1673":"f","1674":"a","1675":"u","1676":"l","1677":"t","1678":" ","1679":"d","1680":"e","1681":"f","1682":"i","1683":"n","1684":"e","1685":"C","1686":"o","1687":"m","1688":"p","1689":"o","1690":"n","1691":"e","1692":"n","1693":"t","1694":"(","1695":"{","1696":"\\","1697":"n","1698":" ","1699":" ","1700":"n","1701":"a","1702":"m","1703":"e","1704":":","1705":" ","1706":"\\","1707":"\"","1708":"m","1709":"y","1710":"-","1711":"b","1712":"u","1713":"t","1714":"t","1715":"o","1716":"n","1717":"\\","1718":"\"","1719":",","1720":"\\","1721":"n","1722":" ","1723":" ","1724":"p","1725":"r","1726":"o","1727":"p","1728":"s","1729":":","1730":" ","1731":"{","1732":"\\","1733":"n","1734":" ","1735":" ","1736":" ","1737":" ","1738":"i","1739":"n","1740":"n","1741":"e","1742":"r","1743":"T","1744":"e","1745":"x","1746":"t","1747":":","1748":" ","1749":"{","1750":"\\","1751":"n","1752":" ","1753":" ","1754":" ","1755":" ","1756":" ","1757":" ","1758":"r","1759":"e","1760":"q","1761":"u","1762":"i","1763":"r","1764":"e","1765":"d","1766":":","1767":" ","1768":"t","1769":"r","1770":"u","1771":"e","1772":" ","1773":"/","1774":"*","1775":" ","1776":"\\","1777":"n","1778":" ","1779":" ","1780":" ","1781":" ","1782":" ","1783":" ","1784":" ","1785":" ","1786":"v","1787":"a","1788":"l","1789":"i","1790":"d","1791":"a","1792":"t","1793":"o","1794":"r","1795":"(","1796":"v","1797":"a","1798":"l","1799":"u","1800":"e","1801":")","1802":" ","1803":"{","1804":"\\","1805":"n","1806":" ","1807":" ","1808":" ","1809":" ","1810":" ","1811":" ","1812":" ","1813":" ","1814":"c","1815":"o","1816":"n","1817":"s","1818":"t","1819":" ","1820":"i","1821":"s","1822":"S","1823":"t","1824":"r","1825":"i","1826":"n","1827":"g","1828":" ","1829":"=","1830":" ","1831":"t","1832":"y","1833":"p","1834":"e","1835":"o","1836":"f","1837":" ","1838":"v","1839":"a","1840":"l","1841":"u","1842":"e","1843":" ","1844":"=","1845":"=","1846":"=","1847":" ","1848":"\\","1849":"\"","1850":"s","1851":"t","1852":"r","1853":"i","1854":"n","1855":"g","1856":"\\","1857":"\"","1858":";","1859":"\\","1860":"n","1861":" ","1862":" ","1863":" ","1864":" ","1865":" ","1866":" ","1867":" ","1868":" ","1869":"c","1870":"o","1871":"n","1872":"s","1873":"t","1874":" ","1875":"i","1876":"s","1877":"T","1878":"w","1879":"o","1880":"M","1881":"e","1882":"m","1883":"b","1884":"e","1885":"r","1886":"S","1887":"t","1888":"r","1889":"i","1890":"n","1891":"g","1892":"L","1893":"i","1894":"s","1895":"t","1896":" ","1897":"=","1898":"\\","1899":"n","1900":" ","1901":" ","1902":" ","1903":" ","1904":" ","1905":" ","1906":" ","1907":" ","1908":" ","1909":" ","1910":"A","1911":"r","1912":"r","1913":"a","1914":"y","1915":".","1916":"i","1917":"s","1918":"A","1919":"r","1920":"r","1921":"a","1922":"y","1923":"(","1924":"v","1925":"a","1926":"l","1927":"u","1928":"e","1929":")","1930":" ","1931":"&","1932":"&","1933":"\\","1934":"n","1935":" ","1936":" ","1937":" ","1938":" ","1939":" ","1940":" ","1941":" ","1942":" ","1943":" ","1944":" ","1945":"v","1946":"a","1947":"l","1948":"u","1949":"e","1950":".","1951":"e","1952":"v","1953":"e","1954":"r","1955":"y","1956":"(","1957":"(","1958":"i","1959":"t","1960":"e","1961":"m","1962":")","1963":" ","1964":"=","1965":">","1966":" ","1967":"t","1968":"y","1969":"p","1970":"e","1971":"o","1972":"f","1973":" ","1974":"i","1975":"t","1976":"e","1977":"m","1978":" ","1979":"=","1980":"=","1981":"=","1982":" ","1983":"\\","1984":"\"","1985":"s","1986":"t","1987":"r","1988":"i","1989":"n","1990":"g","1991":"\\","1992":"\"","1993":")","1994":" ","1995":"&","1996":"&","1997":"\\","1998":"n","1999":" ","2000":" ","2001":" ","2002":" ","2003":" ","2004":" ","2005":" ","2006":" ","2007":" ","2008":" ","2009":"v","2010":"a","2011":"l","2012":"u","2013":"e","2014":".","2015":"l","2016":"e","2017":"n","2018":"g","2019":"t","2020":"h","2021":" ","2022":"=","2023":"=","2024":"=","2025":" ","2026":"2","2027":";","2028":"\\","2029":"n","2030":" ","2031":" ","2032":" ","2033":" ","2034":" ","2035":" ","2036":" ","2037":" ","2038":"r","2039":"e","2040":"t","2041":"u","2042":"r","2043":"n","2044":" ","2045":"i","2046":"s","2047":"S","2048":"t","2049":"r","2050":"i","2051":"n","2052":"g","2053":" ","2054":"|","2055":"|","2056":" ","2057":"i","2058":"s","2059":"T","2060":"w","2061":"o","2062":"M","2063":"e","2064":"m","2065":"b","2066":"e","2067":"r","2068":"S","2069":"t","2070":"r","2071":"i","2072":"n","2073":"g","2074":"L","2075":"i","2076":"s","2077":"t","2078":";","2079":"\\","2080":"n","2081":" ","2082":" ","2083":" ","2084":" ","2085":" ","2086":" ","2087":"}","2088":",","2089":" ","2090":"*","2091":"/","2092":",","2093":"\\","2094":"n","2095":" ","2096":" ","2097":" ","2098":" ","2099":"}","2100":",","2101":"\\","2102":"n","2103":" ","2104":" ","2105":"}","2106":",","2107":"\\","2108":"n","2109":" ","2110":" ","2111":"d","2112":"a","2113":"t","2114":"a","2115":"(","2116":")","2117":" ","2118":"{","2119":"\\","2120":"n","2121":" ","2122":" ","2123":" ","2124":" ","2125":"r","2126":"e","2127":"t","2128":"u","2129":"r","2130":"n","2131":" ","2132":"{","2133":"\\","2134":"n","2135":" ","2136":" ","2137":" ","2138":" ","2139":" ","2140":" ","2141":"s","2142":"e","2143":"l","2144":"e","2145":"c","2146":"t","2147":"e","2148":"d","2149":":","2150":" ","2151":"A","2152":"r","2153":"r","2154":"a","2155":"y","2156":".","2157":"i","2158":"s","2159":"A","2160":"r","2161":"r","2162":"a","2163":"y","2164":"(","2165":"t","2166":"h","2167":"i","2168":"s","2169":".","2170":"i","2171":"n","2172":"n","2173":"e","2174":"r","2175":"T","2176":"e","2177":"x","2178":"t","2179":")","2180":"\\","2181":"n","2182":" ","2183":" ","2184":" ","2185":" ","2186":" ","2187":" ","2188":" ","2189":" ","2190":"?","2191":" ","2192":"t","2193":"h","2194":"i","2195":"s","2196":".","2197":"i","2198":"n","2199":"n","2200":"e","2201":"r","2202":"T","2203":"e","2204":"x","2205":"t","2206":"[","2207":"0","2208":"]","2209":".","2210":"v","2211":"a","2212":"l","2213":"u","2214":"e","2215":"\\","2216":"n","2217":" ","2218":" ","2219":" ","2220":" ","2221":" ","2222":" ","2223":" ","2224":" ","2225":":","2226":" ","2227":"t","2228":"h","2229":"i","2230":"s","2231":".","2232":"i","2233":"n","2234":"n","2235":"e","2236":"r","2237":"T","2238":"e","2239":"x","2240":"t","2241":",","2242":"\\","2243":"n","2244":" ","2245":" ","2246":" ","2247":" ","2248":"}","2249":";","2250":"\\","2251":"n","2252":" ","2253":" ","2254":"}","2255":",","2256":"\\","2257":"n","2258":" ","2259":" ","2260":"c","2261":"o","2262":"m","2263":"p","2264":"u","2265":"t","2266":"e","2267":"d","2268":":","2269":" ","2270":"{","2271":"\\","2272":"n","2273":" ","2274":" ","2275":" ","2276":" ","2277":"c","2278":"l","2279":"a","2280":"s","2281":"s","2282":"O","2283":"b","2284":"j","2285":"(","2286":")","2287":" ","2288":"{","2289":"\\","2290":"n","2291":" ","2292":" ","2293":" ","2294":" ","2295":" ","2296":" ","2297":"r","2298":"e","2299":"t","2300":"u","2301":"r","2302":"n","2303":" ","2304":"{","2305":"\\","2306":"n","2307":" ","2308":" ","2309":" ","2310":" ","2311":" ","2312":" ","2313":" ","2314":" ","2315":"\\","2316":"\"","2317":"n","2318":"o","2319":"r","2320":"m","2321":"a","2322":"l","2323":"-","2324":"b","2325":"u","2326":"t","2327":"t","2328":"o","2329":"n","2330":"\\","2331":"\"","2332":":","2333":" ","2334":"!","2335":"A","2336":"r","2337":"r","2338":"a","2339":"y","2340":".","2341":"i","2342":"s","2343":"A","2344":"r","2345":"r","2346":"a","2347":"y","2348":"(","2349":"t","2350":"h","2351":"i","2352":"s","2353":".","2354":"i","2355":"n","2356":"n","2357":"e","2358":"r","2359":"T","2360":"e","2361":"x","2362":"t","2363":")","2364":",","2365":"\\","2366":"n","2367":" ","2368":" ","2369":" ","2370":" ","2371":" ","2372":" ","2373":" ","2374":" ","2375":"\\","2376":"\"","2377":"t","2378":"o","2379":"g","2380":"g","2381":"l","2382":"e","2383":"-","2384":"b","2385":"u","2386":"t","2387":"t","2388":"o","2389":"n","2390":"\\","2391":"\"","2392":":","2393":" ","2394":"A","2395":"r","2396":"r","2397":"a","2398":"y","2399":".","2400":"i","2401":"s","2402":"A","2403":"r","2404":"r","2405":"a","2406":"y","2407":"(","2408":"t","2409":"h","2410":"i","2411":"s","2412":".","2413":"i","2414":"n","2415":"n","2416":"e","2417":"r","2418":"T","2419":"e","2420":"x","2421":"t","2422":")","2423":",","2424":"\\","2425":"n","2426":" ","2427":" ","2428":" ","2429":" ","2430":" ","2431":" ","2432":"}","2433":";","2434":"\\","2435":"n","2436":" ","2437":" ","2438":" ","2439":" ","2440":"}","2441":",","2442":"\\","2443":"n","2444":" ","2445":" ","2446":"}","2447":",","2448":"\\","2449":"n","2450":" ","2451":" ","2452":"m","2453":"e","2454":"t","2455":"h","2456":"o","2457":"d","2458":"s","2459":":","2460":" ","2461":"{","2462":"\\","2463":"n","2464":" ","2465":" ","2466":" ","2467":" ","2468":"o","2469":"n","2470":"C","2471":"l","2472":"i","2473":"c","2474":"k","2475":"(","2476":")","2477":" ","2478":"{","2479":"\\","2480":"n","2481":" ","2482":" ","2483":" ","2484":" ","2485":" ","2486":" ","2487":"/","2488":"*","2489":"*","2490":"\\","2491":"n","2492":" ","2493":" ","2494":" ","2495":" ","2496":" ","2497":" ","2498":" ","2499":"*","2500":" ","2501":"C","2502":"l","2503":"i","2504":"c","2505":"k","2506":" ","2507":"e","2508":"v","2509":"e","2510":"n","2511":"t","2512":"\\","2513":"n","2514":" ","2515":" ","2516":" ","2517":" ","2518":" ","2519":" ","2520":" ","2521":"*","2522":"\\","2523":"n","2524":" ","2525":" ","2526":" ","2527":" ","2528":" ","2529":" ","2530":" ","2531":"*","2532":" ","2533":"@","2534":"e","2535":"v","2536":"e","2537":"n","2538":"t","2539":" ","2540":"c","2541":"l","2542":"i","2543":"c","2544":"k","2545":"\\","2546":"n","2547":" ","2548":" ","2549":" ","2550":" ","2551":" ","2552":" ","2553":" ","2554":"*","2555":"/","2556":"\\","2557":"n","2558":" ","2559":" ","2560":" ","2561":" ","2562":" ","2563":" ","2564":"i","2565":"f","2566":" ","2567":"(","2568":"A","2569":"r","2570":"r","2571":"a","2572":"y","2573":".","2574":"i","2575":"s","2576":"A","2577":"r","2578":"r","2579":"a","2580":"y","2581":"(","2582":"t","2583":"h","2584":"i","2585":"s","2586":".","2587":"i","2588":"n","2589":"n","2590":"e","2591":"r","2592":"T","2593":"e","2594":"x","2595":"t","2596":")","2597":")","2598":" ","2599":"{","2600":"\\","2601":"n","2602":" ","2603":" ","2604":" ","2605":" ","2606":" ","2607":" ","2608":" ","2609":" ","2610":"c","2611":"o","2612":"n","2613":"s","2614":"t","2615":" ","2616":"t","2617":"o","2618":"g","2619":"g","2620":"l","2621":"e","2622":"d","2623":"V","2624":"a","2625":"l","2626":"u","2627":"e","2628":" ","2629":"=","2630":" ","2631":"t","2632":"h","2633":"i","2634":"s","2635":".","2636":"i","2637":"n","2638":"n","2639":"e","2640":"r","2641":"T","2642":"e","2643":"x","2644":"t","2645":".","2646":"f","2647":"i","2648":"n","2649":"d","2650":"(","2651":"\\","2652":"n","2653":" ","2654":" ","2655":" ","2656":" ","2657":" ","2658":" ","2659":" ","2660":" ","2661":" ","2662":" ","2663":"(","2664":"{","2665":" ","2666":"v","2667":"a","2668":"l","2669":"u","2670":"e","2671":" ","2672":"}","2673":")","2674":" ","2675":"=","2676":">","2677":" ","2678":"v","2679":"a","2680":"l","2681":"u","2682":"e","2683":" ","2684":"!","2685":"=","2686":"=","2687":" ","2688":"t","2689":"h","2690":"i","2691":"s","2692":".","2693":"s","2694":"e","2695":"l","2696":"e","2697":"c","2698":"t","2699":"e","2700":"d","2701":"\\","2702":"n","2703":" ","2704":" ","2705":" ","2706":" ","2707":" ","2708":" ","2709":" ","2710":" ","2711":")","2712":";","2713":"\\","2714":"n","2715":" ","2716":" ","2717":" ","2718":" ","2719":" ","2720":" ","2721":" ","2722":" ","2723":"t","2724":"h","2725":"i","2726":"s","2727":".","2728":"s","2729":"e","2730":"l","2731":"e","2732":"c","2733":"t","2734":"e","2735":"d","2736":" ","2737":"=","2738":" ","2739":"t","2740":"o","2741":"g","2742":"g","2743":"l","2744":"e","2745":"d","2746":"V","2747":"a","2748":"l","2749":"u","2750":"e","2751":".","2752":"v","2753":"a","2754":"l","2755":"u","2756":"e","2757":";","2758":"\\","2759":"n","2760":" ","2761":" ","2762":" ","2763":" ","2764":" ","2765":" ","2766":" ","2767":" ","2768":"t","2769":"h","2770":"i","2771":"s","2772":".","2773":"$","2774":"e","2775":"m","2776":"i","2777":"t","2778":"(","2779":"\\","2780":"\"","2781":"t","2782":"o","2783":"g","2784":"g","2785":"l","2786":"e","2787":"C","2788":"h","2789":"a","2790":"n","2791":"g","2792":"e","2793":"d","2794":"\\","2795":"\"","2796":",","2797":" ","2798":"t","2799":"o","2800":"g","2801":"g","2802":"l","2803":"e","2804":"d","2805":"V","2806":"a","2807":"l","2808":"u","2809":"e","2810":".","2811":"v","2812":"a","2813":"l","2814":"u","2815":"e","2816":")","2817":";","2818":"\\","2819":"n","2820":" ","2821":" ","2822":" ","2823":" ","2824":" ","2825":" ","2826":"}","2827":" ","2828":"e","2829":"l","2830":"s","2831":"e","2832":" ","2833":"{","2834":"\\","2835":"n","2836":" ","2837":" ","2838":" ","2839":" ","2840":" ","2841":" ","2842":" ","2843":" ","2844":"t","2845":"h","2846":"i","2847":"s","2848":".","2849":"$","2850":"e","2851":"m","2852":"i","2853":"t","2854":"(","2855":"\\","2856":"\"","2857":"t","2858":"o","2859":"g","2860":"g","2861":"l","2862":"e","2863":"C","2864":"h","2865":"a","2866":"n","2867":"g","2868":"e","2869":"d","2870":"\\","2871":"\"","2872":")","2873":";","2874":"\\","2875":"n","2876":" ","2877":" ","2878":" ","2879":" ","2880":" ","2881":" ","2882":"}","2883":"\\","2884":"n","2885":" ","2886":" ","2887":" ","2888":" ","2889":" ","2890":" ","2891":"c","2892":"o","2893":"n","2894":"s","2895":"o","2896":"l","2897":"e","2898":".","2899":"l","2900":"o","2901":"g","2902":"(","2903":"\\","2904":"\"","2905":"b","2906":"u","2907":"t","2908":"t","2909":"o","2910":"n","2911":" ","2912":"p","2913":"r","2914":"e","2915":"s","2916":"s","2917":"e","2918":"d","2919":"\\","2920":"\"","2921":")","2922":";","2923":"\\","2924":"n","2925":" ","2926":" ","2927":" ","2928":" ","2929":"}","2930":",","2931":"\\","2932":"n","2933":" ","2934":" ","2935":"}","2936":",","2937":"\\","2938":"n","2939":"}","2940":")","2941":";","2942":"\\","2943":"n","2944":"<","2945":"/","2946":"s","2947":"c","2948":"r","2949":"i","2950":"p","2951":"t","2952":">","2953":"\\","2954":"n","2955":"\\","2956":"n","2957":"<","2958":"s","2959":"t","2960":"y","2961":"l","2962":"e","2963":" ","2964":"s","2965":"c","2966":"o","2967":"p","2968":"e","2969":"d","2970":" ","2971":"l","2972":"a","2973":"n","2974":"g","2975":"=","2976":"\\","2977":"\"","2978":"s","2979":"c","2980":"s","2981":"s","2982":"\\","2983":"\"","2984":">","2985":"\\","2986":"n","2987":"b","2988":"u","2989":"t","2990":"t","2991":"o","2992":"n","2993":" ","2994":"{","2995":"\\","2996":"n","2997":" ","2998":" ","2999":"b","3000":"o","3001":"r","3002":"d","3003":"e","3004":"r","3005":":","3006":" ","3007":"n","3008":"o","3009":"n","3010":"e","3011":";","3012":"\\","3013":"n","3014":" ","3015":" ","3016":"c","3017":"u","3018":"r","3019":"s","3020":"o","3021":"r","3022":":","3023":" ","3024":"p","3025":"o","3026":"i","3027":"n","3028":"t","3029":"e","3030":"r","3031":";","3032":"\\","3033":"n","3034":" ","3035":" ","3036":"f","3037":"o","3038":"n","3039":"t","3040":"-","3041":"s","3042":"i","3043":"z","3044":"e","3045":":","3046":" ","3047":"i","3048":"n","3049":"h","3050":"e","3051":"r","3052":"i","3053":"t","3054":";","3055":"\\","3056":"n","3057":" ","3058":" ","3059":"b","3060":"o","3061":"r","3062":"d","3063":"e","3064":"r","3065":"-","3066":"r","3067":"a","3068":"d","3069":"i","3070":"u","3071":"s","3072":":","3073":" ","3074":"5","3075":"p","3076":"x","3077":";","3078":"\\","3079":"n","3080":" ","3081":" ","3082":"m","3083":"a","3084":"r","3085":"g","3086":"i","3087":"n","3088":":","3089":" ","3090":"1","3091":"0","3092":"p","3093":"x","3094":";","3095":"\\","3096":"n","3097":" ","3098":" ","3099":"c","3100":"o","3101":"l","3102":"o","3103":"r","3104":":","3105":" ","3106":"w","3107":"h","3108":"i","3109":"t","3110":"e","3111":";","3112":"\\","3113":"n","3114":"}","3115":"\\","3116":"n","3117":"\\","3118":"n","3119":".","3120":"t","3121":"o","3122":"g","3123":"g","3124":"l","3125":"e","3126":"-","3127":"b","3128":"u","3129":"t","3130":"t","3131":"o","3132":"n","3133":" ","3134":"{","3135":"\\","3136":"n","3137":" ","3138":" ","3139":"p","3140":"a","3141":"d","3142":"d","3143":"i","3144":"n","3145":"g","3146":":","3147":" ","3148":"0","3149":".","3150":"4","3151":"e","3152":"m","3153":" ","3154":"0","3155":";","3156":"\\","3157":"n","3158":" ","3159":" ","3160":"b","3161":"a","3162":"c","3163":"k","3164":"g","3165":"r","3166":"o","3167":"u","3168":"n","3169":"d","3170":"-","3171":"c","3172":"o","3173":"l","3174":"o","3175":"r","3176":":","3177":" ","3178":"#","3179":"2","3180":"3","3181":"2","3182":"3","3183":"2","3184":"3","3185":"b","3186":"3","3187":";","3188":"\\","3189":"n","3190":"\\","3191":"n","3192":" ","3193":" ","3194":"s","3195":"p","3196":"a","3197":"n","3198":" ","3199":"{","3200":"\\","3201":"n","3202":" ","3203":" ","3204":" ","3205":" ","3206":"p","3207":"a","3208":"d","3209":"d","3210":"i","3211":"n","3212":"g","3213":":","3214":" ","3215":"0","3216":".","3217":"4","3218":"e","3219":"m","3220":" ","3221":"1","3222":".","3223":"5","3224":"e","3225":"m","3226":";","3227":"\\","3228":"n","3229":" ","3230":" ","3231":" ","3232":" ","3233":"f","3234":"o","3235":"n","3236":"t","3237":"-","3238":"s","3239":"i","3240":"z","3241":"e","3242":":","3243":" ","3244":"i","3245":"n","3246":"h","3247":"e","3248":"r","3249":"i","3250":"t","3251":";","3252":"\\","3253":"n","3254":" ","3255":" ","3256":" ","3257":" ","3258":"&","3259":":","3260":"n","3261":"t","3262":"h","3263":"-","3264":"c","3265":"h","3266":"i","3267":"l","3268":"d","3269":"(","3270":"1","3271":")","3272":" ","3273":"{","3274":"\\","3275":"n","3276":" ","3277":" ","3278":" ","3279":" ","3280":" ","3281":" ","3282":"b","3283":"o","3284":"r","3285":"d","3286":"e","3287":"r","3288":"-","3289":"r","3290":"a","3291":"d","3292":"i","3293":"u","3294":"s","3295":":","3296":" ","3297":"5","3298":"p","3299":"x","3300":" ","3301":"0","3302":" ","3303":"0","3304":" ","3305":"5","3306":"p","3307":"x","3308":";","3309":"\\","3310":"n","3311":" ","3312":" ","3313":" ","3314":" ","3315":"}","3316":"\\","3317":"n","3318":" ","3319":" ","3320":" ","3321":" ","3322":"&","3323":":","3324":"n","3325":"t","3326":"h","3327":"-","3328":"c","3329":"h","3330":"i","3331":"l","3332":"d","3333":"(","3334":"2","3335":")","3336":" ","3337":"{","3338":"\\","3339":"n","3340":" ","3341":" ","3342":" ","3343":" ","3344":" ","3345":" ","3346":"b","3347":"o","3348":"r","3349":"d","3350":"e","3351":"r","3352":"-","3353":"r","3354":"a","3355":"d","3356":"i","3357":"u","3358":"s","3359":":","3360":" ","3361":"0","3362":" ","3363":"5","3364":"p","3365":"x","3366":" ","3367":"5","3368":"p","3369":"x","3370":" ","3371":"0","3372":";","3373":"\\","3374":"n","3375":" ","3376":" ","3377":" ","3378":" ","3379":"}","3380":"\\","3381":"n","3382":" ","3383":" ","3384":"}","3385":"\\","3386":"n","3387":"}","3388":"\\","3389":"n","3390":"\\","3391":"n","3392":".","3393":"s","3394":"e","3395":"l","3396":"e","3397":"c","3398":"t","3399":"e","3400":"d","3401":",","3402":"\\","3403":"n","3404":".","3405":"n","3406":"o","3407":"r","3408":"m","3409":"a","3410":"l","3411":"-","3412":"b","3413":"u","3414":"t","3415":"t","3416":"o","3417":"n","3418":" ","3419":"{","3420":"\\","3421":"n","3422":" ","3423":" ","3424":"b","3425":"a","3426":"c","3427":"k","3428":"g","3429":"r","3430":"o","3431":"u","3432":"n","3433":"d","3434":"-","3435":"c","3436":"o","3437":"l","3438":"o","3439":"r","3440":":","3441":" ","3442":"#","3443":"f","3444":"6","3445":"5","3446":"2","3447":"6","3448":"1","3449":";","3450":"\\","3451":"n","3452":"}","3453":"\\","3454":"n","3455":"\\","3456":"n","3457":".","3458":"n","3459":"o","3460":"r","3461":"m","3462":"a","3463":"l","3464":"-","3465":"b","3466":"u","3467":"t","3468":"t","3469":"o","3470":"n","3471":" ","3472":"{","3473":"\\","3474":"n","3475":" ","3476":" ","3477":"p","3478":"a","3479":"d","3480":"d","3481":"i","3482":"n","3483":"g","3484":":","3485":" ","3486":"0","3487":".","3488":"5","3489":"e","3490":"m","3491":" ","3492":"2","3493":"e","3494":"m","3495":";","3496":"\\","3497":"n","3498":"}","3499":"\\","3500":"n","3501":"<","3502":"/","3503":"s","3504":"t","3505":"y","3506":"l","3507":"e","3508":">","3509":"\\","3510":"n","3511":"\"","3512":"]","3513":"}"},"_coverageSchema":"1a1c01bbd47fc00a2c39e90264f33305004495a9","hash":"5d65607c0451060148b80cea519ecf68018cd4fd"}
,"/Users/Adam_Pisky-Nagy/Documents/learning/repos/vue-mentoring/src/components/MyLogo.vue": {"path":"/Users/Adam_Pisky-Nagy/Documents/learning/repos/vue-mentoring/src/components/MyLogo.vue","statementMap":{"0":{"start":{"line":3,"column":0},"end":{"line":5,"column":3}},"1":{"start":{"line":6,"column":12},"end":{"line":6,"column":26}},"2":{"start":{"line":7,"column":27},"end":{"line":7,"column":71}},"3":{"start":{"line":8,"column":0},"end":{"line":16,"column":3}},"4":{"start":{"line":17,"column":0},"end":{"line":17,"column":13}},"5":{"start":{"line":18,"column":0},"end":{"line":18,"column":62}},"6":{"start":{"line":19,"column":0},"end":{"line":19,"column":24}},"7":{"start":{"line":20,"column":12},"end":{"line":20,"column":26}},"8":{"start":{"line":21,"column":31},"end":{"line":21,"column":103}},"9":{"start":{"line":22,"column":31},"end":{"line":22,"column":104}},"10":{"start":{"line":23,"column":17},"end":{"line":26,"column":1}},"11":{"start":{"line":28,"column":4},"end":{"line":30,"column":35}},"12":{"start":{"line":32,"column":0},"end":{"line":32,"column":24}},"13":{"start":{"line":33,"column":1},"end":{"line":33,"column":48}}},"fnMap":{"0":{"name":"render","decl":{"start":{"line":27,"column":9},"end":{"line":27,"column":15}},"loc":{"start":{"line":27,"column":30},"end":{"line":31,"column":1}},"line":27}},"branchMap":{},"s":{"0":2,"1":2,"2":2,"3":2,"4":2,"5":2,"6":2,"7":2,"8":2,"9":2,"10":2,"11":1,"12":2,"13":2},"f":{"0":1},"b":{},"inputSourceMap":{"0":"{","1":"\"","2":"v","3":"e","4":"r","5":"s","6":"i","7":"o","8":"n","9":"\"","10":":","11":"3","12":",","13":"\"","14":"s","15":"o","16":"u","17":"r","18":"c","19":"e","20":"s","21":"\"","22":":","23":"[","24":"\"","25":"/","26":"U","27":"s","28":"e","29":"r","30":"s","31":"/","32":"A","33":"d","34":"a","35":"m","36":"_","37":"P","38":"i","39":"s","40":"k","41":"y","42":"-","43":"N","44":"a","45":"g","46":"y","47":"/","48":"D","49":"o","50":"c","51":"u","52":"m","53":"e","54":"n","55":"t","56":"s","57":"/","58":"l","59":"e","60":"a","61":"r","62":"n","63":"i","64":"n","65":"g","66":"/","67":"r","68":"e","69":"p","70":"o","71":"s","72":"/","73":"v","74":"u","75":"e","76":"-","77":"m","78":"e","79":"n","80":"t","81":"o","82":"r","83":"i","84":"n","85":"g","86":"/","87":"s","88":"r","89":"c","90":"/","91":"c","92":"o","93":"m","94":"p","95":"o","96":"n","97":"e","98":"n","99":"t","100":"s","101":"/","102":"M","103":"y","104":"L","105":"o","106":"g","107":"o","108":".","109":"v","110":"u","111":"e","112":"\"","113":"]","114":",","115":"\"","116":"n","117":"a","118":"m","119":"e","120":"s","121":"\"","122":":","123":"[","124":"]","125":",","126":"\"","127":"m","128":"a","129":"p","130":"p","131":"i","132":"n","133":"g","134":"s","135":"\"","136":":","137":"\"","138":";","139":";","140":";","141":";","142":";","143":"A","144":"A","145":"Q","146":"A","147":";","148":"A","149":"A","150":"C","151":"A","152":";","153":"A","154":"A","155":"E","156":"A","157":",","158":"k","159":"B","160":"A","161":"A","162":"e","163":",","164":"y","165":"B","166":"A","167":"A","168":"e","169":",","170":"E","171":"A","172":"A","173":"C","174":";","175":"E","176":"A","177":"C","178":"7","179":"B","180":",","181":"I","182":"A","183":"A","184":"I","185":",","186":"E","187":"A","188":"A","189":"E","190":",","191":"S","192":"A","193":"A","194":"S","195":";","196":"E","197":"A","198":"C","199":"f","200":",","201":"K","202":"A","203":"A","204":"K","205":",","206":"E","207":"A","208":"A","209":"E","210":";","211":"I","212":"A","213":"C","214":"L","215":",","216":"I","217":"A","218":"A","219":"I","220":",","221":"E","222":"A","223":"A","224":"E","225":";","226":"M","227":"A","228":"C","229":"J","230":",","231":"I","232":"A","233":"A","234":"I","235":",","236":"E","237":"A","238":"A","239":"E","240":",","241":"M","242":"A","243":"A","244":"4","245":"B","246":";","247":"M","248":"A","249":"C","250":"l","251":"C","252":",","253":"O","254":"A","255":"A","256":"O","257":",","258":"E","259":"A","260":"A","261":"E","262":",","263":"6","264":"B","265":"A","266":"A","267":"Q","268":",","269":"C","270":"A","271":"A","272":"C","273":";","274":";","275":";","276":"C","277":"A","278":"G","279":"v","280":"B","281":",","282":"C","283":"A","284":"A","285":"C","286":"\"","287":",","288":"\"","289":"f","290":"i","291":"l","292":"e","293":"\"","294":":","295":"\"","296":"/","297":"U","298":"s","299":"e","300":"r","301":"s","302":"/","303":"A","304":"d","305":"a","306":"m","307":"_","308":"P","309":"i","310":"s","311":"k","312":"y","313":"-","314":"N","315":"a","316":"g","317":"y","318":"/","319":"D","320":"o","321":"c","322":"u","323":"m","324":"e","325":"n","326":"t","327":"s","328":"/","329":"l","330":"e","331":"a","332":"r","333":"n","334":"i","335":"n","336":"g","337":"/","338":"r","339":"e","340":"p","341":"o","342":"s","343":"/","344":"v","345":"u","346":"e","347":"-","348":"m","349":"e","350":"n","351":"t","352":"o","353":"r","354":"i","355":"n","356":"g","357":"/","358":"s","359":"r","360":"c","361":"/","362":"c","363":"o","364":"m","365":"p","366":"o","367":"n","368":"e","369":"n","370":"t","371":"s","372":"/","373":"M","374":"y","375":"L","376":"o","377":"g","378":"o","379":".","380":"v","381":"u","382":"e","383":"\"","384":",","385":"\"","386":"s","387":"o","388":"u","389":"r","390":"c","391":"e","392":"s","393":"C","394":"o","395":"n","396":"t","397":"e","398":"n","399":"t","400":"\"","401":":","402":"[","403":"\"","404":"<","405":"t","406":"e","407":"m","408":"p","409":"l","410":"a","411":"t","412":"e","413":">","414":"\\","415":"n","416":" ","417":" ","418":"<","419":"d","420":"i","421":"v","422":" ","423":":","424":"c","425":"l","426":"a","427":"s","428":"s","429":"=","430":"\\","431":"\"","432":"`","433":"s","434":"i","435":"z","436":"e","437":"-","438":"$","439":"{","440":"s","441":"i","442":"z","443":"e","444":"}","445":" ","446":"l","447":"o","448":"g","449":"o","450":"-","451":"w","452":"r","453":"a","454":"p","455":"p","456":"e","457":"r","458":"`","459":"\\","460":"\"","461":">","462":"\\","463":"n","464":" ","465":" ","466":" ","467":" ","468":"<","469":"s","470":"p","471":"a","472":"n","473":">","474":"n","475":"e","476":"t","477":"f","478":"l","479":"i","480":"x","481":"<","482":"/","483":"s","484":"p","485":"a","486":"n","487":">","488":"\\","489":"n","490":" ","491":" ","492":" ","493":" ","494":"<","495":"s","496":"p","497":"a","498":"n","499":">","500":"r","501":"o","502":"u","503":"l","504":"e","505":"t","506":"t","507":"e","508":"<","509":"/","510":"s","511":"p","512":"a","513":"n","514":">","515":"\\","516":"n","517":" ","518":" ","519":"<","520":"/","521":"d","522":"i","523":"v","524":">","525":"\\","526":"n","527":"<","528":"/","529":"t","530":"e","531":"m","532":"p","533":"l","534":"a","535":"t","536":"e","537":">","538":"\\","539":"n","540":"\\","541":"n","542":"<","543":"s","544":"c","545":"r","546":"i","547":"p","548":"t","549":" ","550":"l","551":"a","552":"n","553":"g","554":"=","555":"\\","556":"\"","557":"t","558":"s","559":"\\","560":"\"","561":">","562":"\\","563":"n","564":"i","565":"m","566":"p","567":"o","568":"r","569":"t","570":" ","571":"{","572":" ","573":"d","574":"e","575":"f","576":"i","577":"n","578":"e","579":"C","580":"o","581":"m","582":"p","583":"o","584":"n","585":"e","586":"n","587":"t","588":",","589":" ","590":"P","591":"r","592":"o","593":"p","594":"T","595":"y","596":"p","597":"e","598":" ","599":"}","600":" ","601":"f","602":"r","603":"o","604":"m","605":" ","606":"\\","607":"\"","608":"v","609":"u","610":"e","611":"\\","612":"\"","613":";","614":"\\","615":"n","616":"i","617":"m","618":"p","619":"o","620":"r","621":"t","622":" ","623":"{","624":" ","625":"S","626":"i","627":"z","628":"e","629":"E","630":"n","631":"u","632":"m","633":" ","634":"}","635":" ","636":"f","637":"r","638":"o","639":"m","640":" ","641":"\\","642":"\"","643":".","644":".","645":"/","646":"d","647":"e","648":"f","649":"i","650":"n","651":"i","652":"t","653":"i","654":"o","655":"n","656":"s","657":"/","658":"M","659":"y","660":"L","661":"o","662":"g","663":"o","664":".","665":"d","666":"e","667":"f","668":"i","669":"n","670":"i","671":"t","672":"i","673":"o","674":"n","675":"s","676":"\\","677":"\"","678":";","679":"\\","680":"n","681":"\\","682":"n","683":"e","684":"x","685":"p","686":"o","687":"r","688":"t","689":" ","690":"d","691":"e","692":"f","693":"a","694":"u","695":"l","696":"t","697":" ","698":"d","699":"e","700":"f","701":"i","702":"n","703":"e","704":"C","705":"o","706":"m","707":"p","708":"o","709":"n","710":"e","711":"n","712":"t","713":"(","714":"{","715":"\\","716":"n","717":" ","718":" ","719":"n","720":"a","721":"m","722":"e","723":":","724":" ","725":"\\","726":"\"","727":"m","728":"y","729":"-","730":"l","731":"o","732":"g","733":"o","734":"\\","735":"\"","736":",","737":"\\","738":"n","739":" ","740":" ","741":"p","742":"r","743":"o","744":"p","745":"s","746":":","747":" ","748":"{","749":"\\","750":"n","751":" ","752":" ","753":" ","754":" ","755":"s","756":"i","757":"z","758":"e","759":":","760":" ","761":"{","762":"\\","763":"n","764":" ","765":" ","766":" ","767":" ","768":" ","769":" ","770":"t","771":"y","772":"p","773":"e","774":":","775":" ","776":"S","777":"t","778":"r","779":"i","780":"n","781":"g","782":" ","783":"a","784":"s","785":" ","786":"P","787":"r","788":"o","789":"p","790":"T","791":"y","792":"p","793":"e","794":"<","795":"S","796":"i","797":"z","798":"e","799":"E","800":"n","801":"u","802":"m","803":">","804":",","805":"\\","806":"n","807":" ","808":" ","809":" ","810":" ","811":" ","812":" ","813":"d","814":"e","815":"f","816":"a","817":"u","818":"l","819":"t","820":":","821":" ","822":"S","823":"i","824":"z","825":"e","826":"E","827":"n","828":"u","829":"m","830":".","831":"S","832":",","833":"\\","834":"n","835":" ","836":" ","837":" ","838":" ","839":"}","840":",","841":"\\","842":"n","843":" ","844":" ","845":"}","846":",","847":"\\","848":"n","849":"}","850":")","851":";","852":"\\","853":"n","854":"<","855":"/","856":"s","857":"c","858":"r","859":"i","860":"p","861":"t","862":">","863":"\\","864":"n","865":"\\","866":"n","867":"<","868":"s","869":"t","870":"y","871":"l","872":"e","873":" ","874":"s","875":"c","876":"o","877":"p","878":"e","879":"d","880":" ","881":"l","882":"a","883":"n","884":"g","885":"=","886":"\\","887":"\"","888":"s","889":"c","890":"s","891":"s","892":"\\","893":"\"","894":">","895":"\\","896":"n","897":".","898":"s","899":"i","900":"z","901":"e","902":" ","903":"{","904":"\\","905":"n","906":" ","907":" ","908":"&","909":"-","910":"x","911":"s","912":" ","913":"{","914":"\\","915":"n","916":" ","917":" ","918":" ","919":" ","920":"f","921":"o","922":"n","923":"t","924":"-","925":"s","926":"i","927":"z","928":"e","929":":","930":" ","931":"1","932":"e","933":"m","934":";","935":"\\","936":"n","937":" ","938":" ","939":"}","940":"\\","941":"n","942":" ","943":" ","944":"&","945":"-","946":"s","947":" ","948":"{","949":"\\","950":"n","951":" ","952":" ","953":" ","954":" ","955":"f","956":"o","957":"n","958":"t","959":"-","960":"s","961":"i","962":"z","963":"e","964":":","965":" ","966":"1","967":".","968":"5","969":"e","970":"m","971":";","972":"\\","973":"n","974":" ","975":" ","976":"}","977":"\\","978":"n","979":" ","980":" ","981":"&","982":"-","983":"m","984":" ","985":"{","986":"\\","987":"n","988":" ","989":" ","990":" ","991":" ","992":"f","993":"o","994":"n","995":"t","996":"-","997":"s","998":"i","999":"z","1000":"e","1001":":","1002":" ","1003":"2","1004":"e","1005":"m","1006":";","1007":"\\","1008":"n","1009":" ","1010":" ","1011":"}","1012":"\\","1013":"n","1014":" ","1015":" ","1016":"&","1017":"-","1018":"l","1019":" ","1020":"{","1021":"\\","1022":"n","1023":" ","1024":" ","1025":" ","1026":" ","1027":"f","1028":"o","1029":"n","1030":"t","1031":"-","1032":"s","1033":"i","1034":"z","1035":"e","1036":":","1037":" ","1038":"2","1039":".","1040":"5","1041":"e","1042":"m","1043":";","1044":"\\","1045":"n","1046":" ","1047":" ","1048":"}","1049":"\\","1050":"n","1051":" ","1052":" ","1053":"&","1054":"-","1055":"x","1056":"l","1057":" ","1058":"{","1059":"\\","1060":"n","1061":" ","1062":" ","1063":" ","1064":" ","1065":"f","1066":"o","1067":"n","1068":"t","1069":"-","1070":"s","1071":"i","1072":"z","1073":"e","1074":":","1075":" ","1076":"3","1077":"e","1078":"m","1079":";","1080":"\\","1081":"n","1082":" ","1083":" ","1084":"}","1085":"\\","1086":"n","1087":"}","1088":"\\","1089":"n","1090":"\\","1091":"n","1092":"d","1093":"i","1094":"v","1095":" ","1096":"{","1097":"\\","1098":"n","1099":" ","1100":" ","1101":"c","1102":"o","1103":"l","1104":"o","1105":"r","1106":":","1107":" ","1108":"#","1109":"f","1110":"6","1111":"5","1112":"2","1113":"6","1114":"1","1115":";","1116":"\\","1117":"n","1118":" ","1119":" ","1120":"f","1121":"o","1122":"n","1123":"t","1124":"-","1125":"f","1126":"a","1127":"m","1128":"i","1129":"l","1130":"y","1131":":","1132":" ","1133":"s","1134":"y","1135":"s","1136":"t","1137":"e","1138":"m","1139":"-","1140":"u","1141":"i","1142":",","1143":" ","1144":"-","1145":"a","1146":"p","1147":"p","1148":"l","1149":"e","1150":"-","1151":"s","1152":"y","1153":"s","1154":"t","1155":"e","1156":"m","1157":",","1158":" ","1159":"B","1160":"l","1161":"i","1162":"n","1163":"k","1164":"M","1165":"a","1166":"c","1167":"S","1168":"y","1169":"s","1170":"t","1171":"e","1172":"m","1173":"F","1174":"o","1175":"n","1176":"t","1177":",","1178":" ","1179":"\\","1180":"\"","1181":"S","1182":"e","1183":"g","1184":"o","1185":"e","1186":" ","1187":"U","1188":"I","1189":"\\","1190":"\"","1191":",","1192":" ","1193":"R","1194":"o","1195":"b","1196":"o","1197":"t","1198":"o","1199":",","1200":"\\","1201":"n","1202":" ","1203":" ","1204":" ","1205":" ","1206":"O","1207":"x","1208":"y","1209":"g","1210":"e","1211":"n","1212":",","1213":" ","1214":"U","1215":"b","1216":"u","1217":"n","1218":"t","1219":"u","1220":",","1221":" ","1222":"C","1223":"a","1224":"n","1225":"t","1226":"a","1227":"r","1228":"e","1229":"l","1230":"l","1231":",","1232":" ","1233":"\\","1234":"\"","1235":"O","1236":"p","1237":"e","1238":"n","1239":" ","1240":"S","1241":"a","1242":"n","1243":"s","1244":"\\","1245":"\"","1246":",","1247":" ","1248":"\\","1249":"\"","1250":"H","1251":"e","1252":"l","1253":"v","1254":"e","1255":"t","1256":"i","1257":"c","1258":"a","1259":" ","1260":"N","1261":"e","1262":"u","1263":"e","1264":"\\","1265":"\"","1266":",","1267":" ","1268":"s","1269":"a","1270":"n","1271":"s","1272":"-","1273":"s","1274":"e","1275":"r","1276":"i","1277":"f","1278":";","1279":"\\","1280":"n","1281":"\\","1282":"n","1283":" ","1284":" ","1285":":","1286":"n","1287":"t","1288":"h","1289":"-","1290":"c","1291":"h","1292":"i","1293":"l","1294":"d","1295":"(","1296":"1","1297":")","1298":" ","1299":"{","1300":"\\","1301":"n","1302":" ","1303":" ","1304":" ","1305":" ","1306":"f","1307":"o","1308":"n","1309":"t","1310":"-","1311":"w","1312":"e","1313":"i","1314":"g","1315":"h","1316":"t","1317":":","1318":" ","1319":"9","1320":"0","1321":"0","1322":";","1323":"\\","1324":"n","1325":" ","1326":" ","1327":"}","1328":"\\","1329":"n","1330":"\\","1331":"n","1332":" ","1333":" ","1334":":","1335":"n","1336":"t","1337":"h","1338":"-","1339":"c","1340":"h","1341":"i","1342":"l","1343":"d","1344":"(","1345":"2","1346":")","1347":" ","1348":"{","1349":"\\","1350":"n","1351":" ","1352":" ","1353":" ","1354":" ","1355":"f","1356":"o","1357":"n","1358":"t","1359":"-","1360":"w","1361":"e","1362":"i","1363":"g","1364":"h","1365":"t","1366":":","1367":" ","1368":"3","1369":"0","1370":"0","1371":";","1372":"\\","1373":"n","1374":" ","1375":" ","1376":"}","1377":"\\","1378":"n","1379":"}","1380":"\\","1381":"n","1382":"<","1383":"/","1384":"s","1385":"t","1386":"y","1387":"l","1388":"e","1389":">","1390":"\\","1391":"n","1392":"\"","1393":"]","1394":"}"},"_coverageSchema":"1a1c01bbd47fc00a2c39e90264f33305004495a9","hash":"03dcf9d4639f36aee2a16e6ee4433a190b41efe4"}
,"/Users/Adam_Pisky-Nagy/Documents/learning/repos/vue-mentoring/src/components/MyMovieCard.vue": {"path":"/Users/Adam_Pisky-Nagy/Documents/learning/repos/vue-mentoring/src/components/MyMovieCard.vue","statementMap":{"0":{"start":{"line":3,"column":0},"end":{"line":5,"column":3}},"1":{"start":{"line":6,"column":25},"end":{"line":6,"column":61}},"2":{"start":{"line":7,"column":12},"end":{"line":7,"column":26}},"3":{"start":{"line":8,"column":0},"end":{"line":26,"column":3}},"4":{"start":{"line":19,"column":33},"end":{"line":21,"column":8}},"5":{"start":{"line":20,"column":8},"end":{"line":20,"column":62}},"6":{"start":{"line":22,"column":6},"end":{"line":22,"column":45}},"7":{"start":{"line":27,"column":0},"end":{"line":27,"column":13}},"8":{"start":{"line":28,"column":0},"end":{"line":28,"column":62}},"9":{"start":{"line":29,"column":0},"end":{"line":29,"column":24}},"10":{"start":{"line":30,"column":12},"end":{"line":30,"column":26}},"11":{"start":{"line":31,"column":17},"end":{"line":31,"column":31}},"12":{"start":{"line":32,"column":17},"end":{"line":32,"column":37}},"13":{"start":{"line":33,"column":17},"end":{"line":33,"column":35}},"14":{"start":{"line":34,"column":17},"end":{"line":34,"column":42}},"15":{"start":{"line":35,"column":17},"end":{"line":35,"column":35}},"16":{"start":{"line":37,"column":4},"end":{"line":50,"column":8}},"17":{"start":{"line":39,"column":63},"end":{"line":39,"column":119}},"18":{"start":{"line":52,"column":0},"end":{"line":52,"column":24}},"19":{"start":{"line":53,"column":1},"end":{"line":53,"column":48}}},"fnMap":{"0":{"name":"(anonymous_0)","decl":{"start":{"line":18,"column":18},"end":{"line":18,"column":19}},"loc":{"start":{"line":18,"column":30},"end":{"line":23,"column":5}},"line":18},"1":{"name":"(anonymous_1)","decl":{"start":{"line":19,"column":59},"end":{"line":19,"column":60}},"loc":{"start":{"line":19,"column":76},"end":{"line":21,"column":7}},"line":19},"2":{"name":"render","decl":{"start":{"line":36,"column":9},"end":{"line":36,"column":15}},"loc":{"start":{"line":36,"column":30},"end":{"line":51,"column":1}},"line":36},"3":{"name":"(anonymous_3)","decl":{"start":{"line":39,"column":43},"end":{"line":39,"column":44}},"loc":{"start":{"line":39,"column":61},"end":{"line":39,"column":121}},"line":39}},"branchMap":{"0":{"loc":{"start":{"line":39,"column":17},"end":{"line":39,"column":122}},"type":"binary-expr","locations":[{"start":{"line":39,"column":17},"end":{"line":39,"column":26}},{"start":{"line":39,"column":31},"end":{"line":39,"column":121}}],"line":39}},"s":{"0":2,"1":2,"2":2,"3":2,"4":1,"5":3,"6":1,"7":2,"8":2,"9":2,"10":2,"11":2,"12":2,"13":2,"14":2,"15":2,"16":1,"17":0,"18":2,"19":2},"f":{"0":1,"1":3,"2":1,"3":0},"b":{"0":[1,1]},"inputSourceMap":{"0":"{","1":"\"","2":"v","3":"e","4":"r","5":"s","6":"i","7":"o","8":"n","9":"\"","10":":","11":"3","12":",","13":"\"","14":"s","15":"o","16":"u","17":"r","18":"c","19":"e","20":"s","21":"\"","22":":","23":"[","24":"\"","25":"/","26":"U","27":"s","28":"e","29":"r","30":"s","31":"/","32":"A","33":"d","34":"a","35":"m","36":"_","37":"P","38":"i","39":"s","40":"k","41":"y","42":"-","43":"N","44":"a","45":"g","46":"y","47":"/","48":"D","49":"o","50":"c","51":"u","52":"m","53":"e","54":"n","55":"t","56":"s","57":"/","58":"l","59":"e","60":"a","61":"r","62":"n","63":"i","64":"n","65":"g","66":"/","67":"r","68":"e","69":"p","70":"o","71":"s","72":"/","73":"v","74":"u","75":"e","76":"-","77":"m","78":"e","79":"n","80":"t","81":"o","82":"r","83":"i","84":"n","85":"g","86":"/","87":"s","88":"r","89":"c","90":"/","91":"c","92":"o","93":"m","94":"p","95":"o","96":"n","97":"e","98":"n","99":"t","100":"s","101":"/","102":"M","103":"y","104":"M","105":"o","106":"v","107":"i","108":"e","109":"C","110":"a","111":"r","112":"d","113":".","114":"v","115":"u","116":"e","117":"\"","118":"]","119":",","120":"\"","121":"n","122":"a","123":"m","124":"e","125":"s","126":"\"","127":":","128":"[","129":"]","130":",","131":"\"","132":"m","133":"a","134":"p","135":"p","136":"i","137":"n","138":"g","139":"s","140":"\"","141":":","142":"\"","143":";","144":";","145":";","146":";","147":";","148":"A","149":"A","150":"e","151":"A","152":";","153":"A","154":"A","155":"C","156":"A","157":";","158":"A","159":"A","160":"G","161":"A","162":",","163":"k","164":"B","165":"A","166":"A","167":"e","168":",","169":"y","170":"B","171":"A","172":"A","173":"e","174":",","175":"E","176":"A","177":"A","178":"C","179":";","180":"E","181":"A","182":"C","183":"7","184":"B","185":",","186":"I","187":"A","188":"A","189":"I","190":",","191":"E","192":"A","193":"A","194":"E","195":",","196":"e","197":"A","198":"A","199":"e","200":";","201":"E","202":"A","203":"C","204":"r","205":"B","206":",","207":"K","208":"A","209":"A","210":"K","211":",","212":"E","213":"A","214":"A","215":"E","216":";","217":"I","218":"A","219":"C","220":"L","221":",","222":"S","223":"A","224":"A","225":"S","226":",","227":"E","228":"A","229":"A","230":"E","231":";","232":"M","233":"A","234":"C","235":"T","236":",","237":"I","238":"A","239":"A","240":"I","241":",","242":"E","243":"A","244":"A","245":"E","246":",","247":"M","248":"A","249":"A","250":"s","251":"C","252":";","253":"M","254":"A","255":"C","256":"5","257":"C","258":",","259":"Q","260":"A","261":"A","262":"Q","263":",","264":"E","265":"A","266":"A","267":"E","268":";","269":";","270":"G","271":"A","272":"E","273":"b","274":";","275":"E","276":"A","277":"C","278":"D","279":",","280":"K","281":"A","282":"A","283":"K","284":",","285":"E","286":"A","287":"A","288":"E","289":",","290":"C","291":"A","292":"A","293":"C","294":",","295":"e","296":"A","297":"A","298":"e","299":",","300":"C","301":"A","302":"A","303":"C","304":";","305":"E","306":"A","307":"C","308":"x","309":"B","310":",","311":"Q","312":"A","313":"A","314":"Q","315":",","316":"E","317":"A","318":"A","319":"E","320":";","321":"I","322":"A","323":"C","324":"R","325":",","326":"Y","327":"A","328":"A","329":"Y","330":",","331":"E","332":"A","333":"A","334":"Z","335":";","336":"M","337":"A","338":"C","339":"E","340":",","341":"I","342":"A","343":"A","344":"M","345":",","346":"o","347":"B","348":"A","349":"A","350":"o","351":"B","352":",","353":"G","354":"A","355":"A","356":"G","357":",","358":"I","359":"A","360":"A","361":"I","362":",","363":"C","364":"A","365":"A","366":"C","367":",","368":"S","369":"A","370":"A","371":"S","372":",","373":"C","374":"A","375":"A","376":"C","377":",","378":"M","379":"A","380":"A","381":"M","382":",","383":"C","384":"A","385":"A","386":"C","387":",","388":"G","389":"A","390":"A","391":"G","392":",","393":"C","394":"A","395":"C","396":"p","397":"D","398":",","399":"U","400":"A","401":"A","402":"C","403":",","404":"K","405":"A","406":"A","407":"a","408":";","409":"Q","410":"A","411":"A","412":"K","413":",","414":"Y","415":"A","416":"A","417":"K","418":",","419":"C","420":"A","421":"A","422":"C","423":",","424":"M","425":"A","426":"A","427":"M","428":",","429":"C","430":"A","431":"A","432":"C","433":",","434":"C","435":"A","436":"A","437":"C","438":",","439":"C","440":"A","441":"A","442":"C","443":",","444":"C","445":"A","446":"A","447":"C","448":",","449":"W","450":"A","451":"A","452":"W","453":",","454":"E","455":"A","456":"A","457":"E","458":",","459":"G","460":"A","461":"A","462":"G","463":",","464":"K","465":"A","466":"A","467":"K","468":",","469":"C","470":"A","471":"A","472":"C","473":",","474":"K","475":"A","476":"A","477":"K","478":",","479":"C","480":"A","481":"A","482":"C","483":",","484":"C","485":"A","486":"A","487":"C","488":",","489":"C","490":"A","491":"A","492":"C","493":";","494":"M","495":"A","496":"A","497":"9","498":"C","499":",","500":"C","501":"A","502":"A","503":"8","504":"C","505":",","506":"C","507":"A","508":"C","509":"l","510":"E","511":";","512":"M","513":"A","514":"C","515":"D","516":",","517":"O","518":"A","519":"A","520":"O","521":",","522":"o","523":"B","524":"A","525":"A","526":"o","527":"B","528":",","529":"C","530":"A","531":"A","532":"C","533":",","534":"I","535":"A","536":"A","537":"I","538":",","539":"C","540":"A","541":"A","542":"C","543":",","544":"I","545":"A","546":"A","547":"I","548":",","549":"C","550":"A","551":"A","552":"C","553":";","554":"I","555":"A","556":"C","557":"x","558":"C","559":";","560":"G","561":"A","562":"C","563":"D","564":";","565":"E","566":"A","567":"C","568":"D","569":",","570":"M","571":"A","572":"A","573":"M","574":",","575":"E","576":"A","577":"A","578":"E","579":",","580":"C","581":"A","582":"A","583":"C","584":",","585":"6","586":"B","587":"A","588":"A","589":"U","590":";","591":"C","592":"A","593":"C","594":"p","595":"B","596":",","597":"C","598":"A","599":"A","600":"C","601":"\"","602":",","603":"\"","604":"f","605":"i","606":"l","607":"e","608":"\"","609":":","610":"\"","611":"/","612":"U","613":"s","614":"e","615":"r","616":"s","617":"/","618":"A","619":"d","620":"a","621":"m","622":"_","623":"P","624":"i","625":"s","626":"k","627":"y","628":"-","629":"N","630":"a","631":"g","632":"y","633":"/","634":"D","635":"o","636":"c","637":"u","638":"m","639":"e","640":"n","641":"t","642":"s","643":"/","644":"l","645":"e","646":"a","647":"r","648":"n","649":"i","650":"n","651":"g","652":"/","653":"r","654":"e","655":"p","656":"o","657":"s","658":"/","659":"v","660":"u","661":"e","662":"-","663":"m","664":"e","665":"n","666":"t","667":"o","668":"r","669":"i","670":"n","671":"g","672":"/","673":"s","674":"r","675":"c","676":"/","677":"c","678":"o","679":"m","680":"p","681":"o","682":"n","683":"e","684":"n","685":"t","686":"s","687":"/","688":"M","689":"y","690":"M","691":"o","692":"v","693":"i","694":"e","695":"C","696":"a","697":"r","698":"d","699":".","700":"v","701":"u","702":"e","703":"\"","704":",","705":"\"","706":"s","707":"o","708":"u","709":"r","710":"c","711":"e","712":"s","713":"C","714":"o","715":"n","716":"t","717":"e","718":"n","719":"t","720":"\"","721":":","722":"[","723":"\"","724":"<","725":"t","726":"e","727":"m","728":"p","729":"l","730":"a","731":"t","732":"e","733":">","734":"\\","735":"n","736":" ","737":" ","738":"<","739":"d","740":"i","741":"v","742":" ","743":"c","744":"l","745":"a","746":"s","747":"s","748":"=","749":"\\","750":"\"","751":"i","752":"t","753":"e","754":"m","755":"-","756":"w","757":"r","758":"a","759":"p","760":"p","761":"e","762":"r","763":"\\","764":"\"","765":" ","766":"@","767":"c","768":"l","769":"i","770":"c","771":"k","772":"=","773":"\\","774":"\"","775":"$","776":"e","777":"m","778":"i","779":"t","780":"(","781":"'","782":"m","783":"o","784":"v","785":"i","786":"e","787":"S","788":"e","789":"l","790":"e","791":"c","792":"t","793":"e","794":"d","795":"'","796":",","797":" ","798":"m","799":"o","800":"v","801":"i","802":"e","803":"D","804":"a","805":"t","806":"a","807":".","808":"i","809":"d","810":")","811":"\\","812":"\"","813":">","814":"\\","815":"n","816":" ","817":" ","818":" ","819":" ","820":"<","821":"i","822":"m","823":"g","824":"\\","825":"n","826":" ","827":" ","828":" ","829":" ","830":" ","831":" ","832":":","833":"s","834":"r","835":"c","836":"=","837":"\\","838":"\"","839":"g","840":"e","841":"t","842":"I","843":"m","844":"g","845":"U","846":"r","847":"l","848":"(","849":"m","850":"o","851":"v","852":"i","853":"e","854":"D","855":"a","856":"t","857":"a","858":".","859":"p","860":"o","861":"s","862":"t","863":"e","864":"r","865":"_","866":"p","867":"a","868":"t","869":"h","870":")","871":"\\","872":"\"","873":"\\","874":"n","875":" ","876":" ","877":" ","878":" ","879":" ","880":" ","881":":","882":"a","883":"l","884":"t","885":"=","886":"\\","887":"\"","888":"`","889":"$","890":"{","891":"m","892":"o","893":"v","894":"i","895":"e","896":"D","897":"a","898":"t","899":"a","900":".","901":"t","902":"i","903":"t","904":"l","905":"e","906":"}","907":" ","908":"i","909":"m","910":"a","911":"g","912":"e","913":"`","914":"\\","915":"\"","916":"\\","917":"n","918":" ","919":" ","920":" ","921":" ","922":"/","923":">","924":"\\","925":"n","926":" ","927":" ","928":" ","929":" ","930":"<","931":"d","932":"i","933":"v","934":" ","935":"c","936":"l","937":"a","938":"s","939":"s","940":"=","941":"\\","942":"\"","943":"d","944":"e","945":"t","946":"a","947":"i","948":"l","949":"s","950":"\\","951":"\"","952":">","953":"\\","954":"n","955":" ","956":" ","957":" ","958":" ","959":" ","960":" ","961":"<","962":"s","963":"p","964":"a","965":"n","966":" ","967":"c","968":"l","969":"a","970":"s","971":"s","972":"=","973":"\\","974":"\"","975":"t","976":"i","977":"t","978":"l","979":"e","980":"\\","981":"\"","982":">","983":"{","984":"{","985":" ","986":"m","987":"o","988":"v","989":"i","990":"e","991":"D","992":"a","993":"t","994":"a","995":".","996":"t","997":"i","998":"t","999":"l","1000":"e","1001":" ","1002":"}","1003":"}","1004":"<","1005":"/","1006":"s","1007":"p","1008":"a","1009":"n","1010":">","1011":"\\","1012":"n","1013":" ","1014":" ","1015":" ","1016":" ","1017":" ","1018":" ","1019":"<","1020":"s","1021":"p","1022":"a","1023":"n","1024":" ","1025":"c","1026":"l","1027":"a","1028":"s","1029":"s","1030":"=","1031":"\\","1032":"\"","1033":"r","1034":"e","1035":"l","1036":"e","1037":"a","1038":"s","1039":"e","1040":"-","1041":"d","1042":"a","1043":"t","1044":"e","1045":"\\","1046":"\"","1047":">","1048":"{","1049":"{","1050":" ","1051":"m","1052":"o","1053":"v","1054":"i","1055":"e","1056":"D","1057":"a","1058":"t","1059":"a","1060":".","1061":"r","1062":"e","1063":"l","1064":"e","1065":"a","1066":"s","1067":"e","1068":"_","1069":"d","1070":"a","1071":"t","1072":"e","1073":" ","1074":"}","1075":"}","1076":"<","1077":"/","1078":"s","1079":"p","1080":"a","1081":"n","1082":">","1083":"\\","1084":"n","1085":" ","1086":" ","1087":" ","1088":" ","1089":" ","1090":" ","1091":"<","1092":"s","1093":"p","1094":"a","1095":"n","1096":" ","1097":"c","1098":"l","1099":"a","1100":"s","1101":"s","1102":"=","1103":"\\","1104":"\"","1105":"g","1106":"e","1107":"n","1108":"r","1109":"e","1110":"\\","1111":"\"","1112":">","1113":"{","1114":"{","1115":" ","1116":"g","1117":"e","1118":"n","1119":"r","1120":"e","1121":"s","1122":"S","1123":"t","1124":"r","1125":"i","1126":"n","1127":"g","1128":" ","1129":"}","1130":"}","1131":"<","1132":"/","1133":"s","1134":"p","1135":"a","1136":"n","1137":">","1138":"\\","1139":"n","1140":" ","1141":" ","1142":" ","1143":" ","1144":"<","1145":"/","1146":"d","1147":"i","1148":"v","1149":">","1150":"\\","1151":"n","1152":" ","1153":" ","1154":"<","1155":"/","1156":"d","1157":"i","1158":"v","1159":">","1160":"\\","1161":"n","1162":"<","1163":"/","1164":"t","1165":"e","1166":"m","1167":"p","1168":"l","1169":"a","1170":"t","1171":"e","1172":">","1173":"\\","1174":"n","1175":"\\","1176":"n","1177":"<","1178":"s","1179":"c","1180":"r","1181":"i","1182":"p","1183":"t","1184":" ","1185":"l","1186":"a","1187":"n","1188":"g","1189":"=","1190":"\\","1191":"\"","1192":"t","1193":"s","1194":"\\","1195":"\"","1196":">","1197":"\\","1198":"n","1199":"i","1200":"m","1201":"p","1202":"o","1203":"r","1204":"t","1205":" ","1206":"{","1207":" ","1208":"i","1209":"m","1210":"a","1211":"g","1212":"e","1213":"U","1214":"t","1215":"i","1216":"l","1217":"s","1218":" ","1219":"}","1220":" ","1221":"f","1222":"r","1223":"o","1224":"m","1225":" ","1226":"\\","1227":"\"","1228":"@","1229":"/","1230":"m","1231":"i","1232":"x","1233":"i","1234":"n","1235":"s","1236":"/","1237":"i","1238":"m","1239":"a","1240":"g","1241":"e","1242":"U","1243":"t","1244":"i","1245":"l","1246":"s","1247":".","1248":"m","1249":"i","1250":"x","1251":"i","1252":"n","1253":"\\","1254":"\"","1255":";","1256":"\\","1257":"n","1258":"i","1259":"m","1260":"p","1261":"o","1262":"r","1263":"t","1264":" ","1265":"{","1266":" ","1267":"d","1268":"e","1269":"f","1270":"i","1271":"n","1272":"e","1273":"C","1274":"o","1275":"m","1276":"p","1277":"o","1278":"n","1279":"e","1280":"n","1281":"t","1282":",","1283":" ","1284":"P","1285":"r","1286":"o","1287":"p","1288":"T","1289":"y","1290":"p","1291":"e","1292":" ","1293":"}","1294":" ","1295":"f","1296":"r","1297":"o","1298":"m","1299":" ","1300":"\\","1301":"\"","1302":"v","1303":"u","1304":"e","1305":"\\","1306":"\"","1307":";","1308":"\\","1309":"n","1310":"i","1311":"m","1312":"p","1313":"o","1314":"r","1315":"t","1316":" ","1317":"{","1318":" ","1319":"M","1320":"o","1321":"v","1322":"i","1323":"e","1324":"I","1325":"t","1326":"e","1327":"m","1328":"I","1329":"n","1330":"t","1331":"e","1332":"r","1333":"f","1334":"a","1335":"c","1336":"e","1337":" ","1338":"}","1339":" ","1340":"f","1341":"r","1342":"o","1343":"m","1344":" ","1345":"\\","1346":"\"","1347":".","1348":".","1349":"/","1350":"d","1351":"e","1352":"f","1353":"i","1354":"n","1355":"i","1356":"t","1357":"i","1358":"o","1359":"n","1360":"s","1361":"/","1362":"M","1363":"y","1364":"M","1365":"o","1366":"v","1367":"i","1368":"e","1369":"I","1370":"t","1371":"e","1372":"m","1373":".","1374":"d","1375":"e","1376":"f","1377":"i","1378":"n","1379":"i","1380":"t","1381":"i","1382":"o","1383":"n","1384":"s","1385":"\\","1386":"\"","1387":";","1388":"\\","1389":"n","1390":"\\","1391":"n","1392":"e","1393":"x","1394":"p","1395":"o","1396":"r","1397":"t","1398":" ","1399":"d","1400":"e","1401":"f","1402":"a","1403":"u","1404":"l","1405":"t","1406":" ","1407":"d","1408":"e","1409":"f","1410":"i","1411":"n","1412":"e","1413":"C","1414":"o","1415":"m","1416":"p","1417":"o","1418":"n","1419":"e","1420":"n","1421":"t","1422":"(","1423":"{","1424":"\\","1425":"n","1426":" ","1427":" ","1428":"n","1429":"a","1430":"m","1431":"e","1432":":","1433":" ","1434":"\\","1435":"\"","1436":"m","1437":"y","1438":"-","1439":"m","1440":"o","1441":"v","1442":"i","1443":"e","1444":"-","1445":"c","1446":"a","1447":"r","1448":"d","1449":"\\","1450":"\"","1451":",","1452":"\\","1453":"n","1454":" ","1455":" ","1456":"p","1457":"r","1458":"o","1459":"p","1460":"s","1461":":","1462":" ","1463":"{","1464":"\\","1465":"n","1466":" ","1467":" ","1468":" ","1469":" ","1470":"m","1471":"o","1472":"v","1473":"i","1474":"e","1475":"D","1476":"a","1477":"t","1478":"a","1479":":","1480":" ","1481":"{","1482":"\\","1483":"n","1484":" ","1485":" ","1486":" ","1487":" ","1488":" ","1489":" ","1490":"t","1491":"y","1492":"p","1493":"e","1494":":","1495":" ","1496":"O","1497":"b","1498":"j","1499":"e","1500":"c","1501":"t","1502":" ","1503":"a","1504":"s","1505":" ","1506":"P","1507":"r","1508":"o","1509":"p","1510":"T","1511":"y","1512":"p","1513":"e","1514":"<","1515":"M","1516":"o","1517":"v","1518":"i","1519":"e","1520":"I","1521":"t","1522":"e","1523":"m","1524":"I","1525":"n","1526":"t","1527":"e","1528":"r","1529":"f","1530":"a","1531":"c","1532":"e","1533":">","1534":",","1535":"\\","1536":"n","1537":" ","1538":" ","1539":" ","1540":" ","1541":" ","1542":" ","1543":"r","1544":"e","1545":"q","1546":"u","1547":"i","1548":"r","1549":"e","1550":"d","1551":":","1552":" ","1553":"t","1554":"r","1555":"u","1556":"e","1557":",","1558":"\\","1559":"n","1560":" ","1561":" ","1562":" ","1563":" ","1564":"}","1565":",","1566":"\\","1567":"n","1568":" ","1569":" ","1570":"}","1571":",","1572":"\\","1573":"n","1574":" ","1575":" ","1576":"e","1577":"m","1578":"i","1579":"t","1580":"s","1581":":","1582":" ","1583":"[","1584":"\\","1585":"\"","1586":"m","1587":"o","1588":"v","1589":"i","1590":"e","1591":"S","1592":"e","1593":"l","1594":"e","1595":"c","1596":"t","1597":"e","1598":"d","1599":"\\","1600":"\"","1601":"]","1602":",","1603":"\\","1604":"n","1605":" ","1606":" ","1607":"c","1608":"o","1609":"m","1610":"p","1611":"u","1612":"t","1613":"e","1614":"d","1615":":","1616":" ","1617":"{","1618":"\\","1619":"n","1620":" ","1621":" ","1622":" ","1623":" ","1624":"g","1625":"e","1626":"n","1627":"r","1628":"e","1629":"s","1630":"S","1631":"t","1632":"r","1633":"i","1634":"n","1635":"g","1636":"(","1637":")","1638":":","1639":" ","1640":"s","1641":"t","1642":"r","1643":"i","1644":"n","1645":"g","1646":" ","1647":"{","1648":"\\","1649":"n","1650":" ","1651":" ","1652":" ","1653":" ","1654":" ","1655":" ","1656":"c","1657":"o","1658":"n","1659":"s","1660":"t","1661":" ","1662":"t","1663":"r","1664":"a","1665":"n","1666":"s","1667":"f","1668
[...]
"6311":"n","6312":"-","6313":"b","6314":"o","6315":"t","6316":"t","6317":"o","6318":"m","6319":":","6320":" ","6321":"5","6322":"%","6323":";","6324":"\\","6325":"n","6326":" ","6327":" ","6328":" ","6329":" ","6330":"p","6331":"a","6332":"d","6333":"d","6334":"i","6335":"n","6336":"g","6337":"-","6338":"l","6339":"e","6340":"f","6341":"t","6342":":","6343":" ","6344":"2","6345":"%","6346":";","6347":"\\","6348":"n","6349":"\\","6350":"n","6351":" ","6352":" ","6353":" ","6354":" ","6355":"d","6356":"i","6357":"v","6358":" ","6359":"{","6360":"\\","6361":"n","6362":" ","6363":" ","6364":" ","6365":" ","6366":" ","6367":" ","6368":"w","6369":"i","6370":"d","6371":"t","6372":"h","6373":":","6374":" ","6375":"9","6376":"0","6377":"%","6378":";","6379":"\\","6380":"n","6381":" ","6382":" ","6383":" ","6384":" ","6385":" ","6386":" ","6387":"d","6388":"i","6389":"s","6390":"p","6391":"l","6392":"a","6393":"y","6394":":","6395":" ","6396":"i","6397":"n","6398":"l","6399":"i","6400":"n","6401":"e","6402":"-","6403":"b","6404":"l","6405":"o","6406":"c","6407":"k","6408":";","6409":"\\","6410":"n","6411":" ","6412":" ","6413":" ","6414":" ","6415":"}","6416":"\\","6417":"n","6418":"\\","6419":"n","6420":" ","6421":" ","6422":" ","6423":" ","6424":"s","6425":"p","6426":"a","6427":"n","6428":" ","6429":"{","6430":"\\","6431":"n","6432":" ","6433":" ","6434":" ","6435":" ","6436":" ","6437":" ","6438":"d","6439":"i","6440":"s","6441":"p","6442":"l","6443":"a","6444":"y","6445":":","6446":" ","6447":"i","6448":"n","6449":"l","6450":"i","6451":"n","6452":"e","6453":"-","6454":"b","6455":"l","6456":"o","6457":"c","6458":"k","6459":";","6460":"\\","6461":"n","6462":" ","6463":" ","6464":" ","6465":" ","6466":" ","6467":" ","6468":"w","6469":"i","6470":"d","6471":"t","6472":"h","6473":":","6474":" ","6475":"a","6476":"u","6477":"t","6478":"o","6479":";","6480":"\\","6481":"n","6482":" ","6483":" ","6484":" ","6485":" ","6486":" ","6487":" ","6488":"t","6489":"e","6490":"x","6491":"t","6492":"-","6493":"a","6494":"l","6495":"i","6496":"g","6497":"n","6498":":","6499":" ","6500":"c","6501":"e","6502":"n","6503":"t","6504":"e","6505":"r","6506":";","6507":"\\","6508":"n","6509":" ","6510":" ","6511":" ","6512":" ","6513":" ","6514":" ","6515":"c","6516":"o","6517":"l","6518":"o","6519":"r","6520":":","6521":" ","6522":"#","6523":"f","6524":"6","6525":"5","6526":"2","6527":"6","6528":"1","6529":";","6530":"\\","6531":"n","6532":" ","6533":" ","6534":" ","6535":" ","6536":" ","6537":" ","6538":"f","6539":"o","6540":"n","6541":"t","6542":"-","6543":"s","6544":"i","6545":"z","6546":"e","6547":":","6548":" ","6549":"2","6550":"e","6551":"m","6552":";","6553":"\\","6554":"n","6555":" ","6556":" ","6557":" ","6558":" ","6559":" ","6560":" ","6561":"p","6562":"o","6563":"s","6564":"i","6565":"t","6566":"i","6567":"o","6568":"n","6569":":","6570":" ","6571":"r","6572":"e","6573":"l","6574":"a","6575":"t","6576":"i","6577":"v","6578":"e","6579":";","6580":"\\","6581":"n","6582":" ","6583":" ","6584":" ","6585":" ","6586":" ","6587":" ","6588":"t","6589":"o","6590":"p","6591":":","6592":" ","6593":"0","6594":".","6595":"4","6596":"e","6597":"m","6598":";","6599":"\\","6600":"n","6601":" ","6602":" ","6603":" ","6604":" ","6605":" ","6606":" ","6607":"m","6608":"a","6609":"r","6610":"g","6611":"i","6612":"n","6613":"-","6614":"l","6615":"e","6616":"f","6617":"t","6618":":","6619":" ","6620":"3","6621":"%","6622":";","6623":"\\","6624":"n","6625":" ","6626":" ","6627":" ","6628":" ","6629":" ","6630":" ","6631":"c","6632":"u","6633":"r","6634":"s","6635":"o","6636":"r","6637":":","6638":" ","6639":"p","6640":"o","6641":"i","6642":"n","6643":"t","6644":"e","6645":"r","6646":";","6647":"\\","6648":"n","6649":" ","6650":" ","6651":" ","6652":" ","6653":"}","6654":"\\","6655":"n","6656":" ","6657":" ","6658":"}","6659":"\\","6660":"n","6661":"\\","6662":"n","6663":" ","6664":" ","6665":".","6666":"p","6667":"a","6668":"g","6669":"e","6670":"-","6671":"t","6672":"i","6673":"t","6674":"l","6675":"e","6676":" ","6677":"{","6678":"\\","6679":"n","6680":" ","6681":" ","6682":" ","6683":" ","6684":"c","6685":"o","6686":"l","6687":"o","6688":"r","6689":":","6690":" ","6691":"w","6692":"h","6693":"i","6694":"t","6695":"e","6696":";","6697":"\\","6698":"n","6699":" ","6700":" ","6701":" ","6702":" ","6703":"f","6704":"o","6705":"n","6706":"t","6707":"-","6708":"f","6709":"a","6710":"m","6711":"i","6712":"l","6713":"y","6714":":","6715":" ","6716":"s","6717":"y","6718":"s","6719":"t","6720":"e","6721":"m","6722":"-","6723":"u","6724":"i","6725":";","6726":"\\","6727":"n","6728":" ","6729":" ","6730":" ","6731":" ","6732":"f","6733":"o","6734":"n","6735":"t","6736":"-","6737":"s","6738":"i","6739":"z","6740":"e","6741":":","6742":" ","6743":"2","6744":".","6745":"5","6746":"e","6747":"m","6748":";","6749":"\\","6750":"n","6751":" ","6752":" ","6753":" ","6754":" ","6755":"f","6756":"o","6757":"n","6758":"t","6759":"-","6760":"w","6761":"e","6762":"i","6763":"g","6764":"h","6765":"t","6766":":","6767":" ","6768":"2","6769":"0","6770":"0","6771":";","6772":"\\","6773":"n","6774":" ","6775":" ","6776":" ","6777":" ","6778":"d","6779":"i","6780":"s","6781":"p","6782":"l","6783":"a","6784":"y","6785":":","6786":" ","6787":"b","6788":"l","6789":"o","6790":"c","6791":"k","6792":";","6793":"\\","6794":"n","6795":" ","6796":" ","6797":" ","6798":" ","6799":"t","6800":"e","6801":"x","6802":"t","6803":"-","6804":"a","6805":"l","6806":"i","6807":"g","6808":"n","6809":":","6810":" ","6811":"l","6812":"e","6813":"f","6814":"t","6815":";","6816":"\\","6817":"n","6818":" ","6819":" ","6820":" ","6821":" ","6822":"m","6823":"a","6824":"r","6825":"g","6826":"i","6827":"n","6828":":","6829":" ","6830":"0","6831":" ","6832":"0","6833":" ","6834":"1","6835":"%","6836":" ","6837":"6","6838":"%","6839":";","6840":"\\","6841":"n","6842":" ","6843":" ","6844":"}","6845":"\\","6846":"n","6847":"\\","6848":"n","6849":" ","6850":" ","6851":".","6852":"s","6853":"e","6854":"a","6855":"r","6856":"c","6857":"h","6858":"-","6859":"t","6860":"o","6861":"g","6862":"g","6863":"l","6864":"e","6865":" ","6866":"{","6867":"\\","6868":"n","6869":" ","6870":" ","6871":" ","6872":" ","6873":"f","6874":"o","6875":"n","6876":"t","6877":"-","6878":"s","6879":"i","6880":"z","6881":"e","6882":":","6883":" ","6884":"1","6885":"e","6886":"m","6887":";","6888":"\\","6889":"n","6890":" ","6891":" ","6892":" ","6893":" ","6894":"c","6895":"o","6896":"l","6897":"o","6898":"r","6899":":","6900":" ","6901":"w","6902":"h","6903":"i","6904":"t","6905":"e","6906":";","6907":"\\","6908":"n","6909":" ","6910":" ","6911":"}","6912":"\\","6913":"n","6914":"}","6915":"\\","6916":"n","6917":"\\","6918":"n","6919":".","6920":"r","6921":"e","6922":"s","6923":"u","6924":"l","6925":"t","6926":"s","6927":"-","6928":"s","6929":"e","6930":"c","6931":"t","6932":"i","6933":"o","6934":"n","6935":" ","6936":"{","6937":"\\","6938":"n","6939":" ","6940":" ","6941":"h","6942":"e","6943":"i","6944":"g","6945":"h","6946":"t","6947":":","6948":" ","6949":"9","6950":"0","6951":"v","6952":"h","6953":";","6954":"\\","6955":"n","6956":" ","6957":" ","6958":"/","6959":"*","6960":" ","6961":"s","6962":"h","6963":"o","6964":"u","6965":"l","6966":"d","6967":" ","6968":"b","6969":"e","6970":" ","6971":"r","6972":"e","6973":"m","6974":"o","6975":"v","6976":"e","6977":"d","6978":" ","6979":"l","6980":"a","6981":"t","6982":"e","6983":"r","6984":" ","6985":"*","6986":"/","6987":"\\","6988":"n","6989":" ","6990":" ","6991":"d","6992":"i","6993":"s","6994":"p","6995":"l","6996":"a","6997":"y","6998":":","6999":" ","7000":"i","7001":"n","7002":"l","7003":"i","7004":"n","7005":"e","7006":";","7007":"\\","7008":"n","7009":"\\","7010":"n","7011":" ","7012":" ","7013":".","7014":"r","7015":"e","7016":"s","7017":"u","7018":"l","7019":"t","7020":"s","7021":"-","7022":"m","7023":"a","7024":"i","7025":"n","7026":" ","7027":"{","7028":"\\","7029":"n","7030":" ","7031":" ","7032":" ","7033":" ","7034":"d","7035":"i","7036":"s","7037":"p","7038":"l","7039":"a","7040":"y","7041":":","7042":" ","7043":"g","7044":"r","7045":"i","7046":"d","7047":";","7048":"\\","7049":"n","7050":" ","7051":" ","7052":" ","7053":" ","7054":"g","7055":"r","7056":"i","7057":"d","7058":"-","7059":"t","7060":"e","7061":"m","7062":"p","7063":"l","7064":"a","7065":"t","7066":"e","7067":"-","7068":"c","7069":"o","7070":"l","7071":"u","7072":"m","7073":"n","7074":"s","7075":":","7076":" ","7077":"r","7078":"e","7079":"p","7080":"e","7081":"a","7082":"t","7083":"(","7084":"3","7085":",","7086":" ","7087":"1","7088":"f","7089":"r","7090":")","7091":";","7092":"\\","7093":"n","7094":" ","7095":" ","7096":" ","7097":" ","7098":"j","7099":"u","7100":"s","7101":"t","7102":"i","7103":"f","7104":"y","7105":"-","7106":"i","7107":"t","7108":"e","7109":"m","7110":"s","7111":":","7112":" ","7113":"c","7114":"e","7115":"n","7116":"t","7117":"e","7118":"r","7119":";","7120":"\\","7121":"n","7122":" ","7123":" ","7124":" ","7125":" ","7126":"p","7127":"a","7128":"d","7129":"d","7130":"i","7131":"n","7132":"g","7133":":","7134":" ","7135":"5","7136":"%","7137":" ","7138":"2","7139":"%","7140":";","7141":"\\","7142":"n","7143":" ","7144":" ","7145":"}","7146":"\\","7147":"n","7148":"}","7149":"\\","7150":"n","7151":"\\","7152":"n","7153":".","7154":"s","7155":"e","7156":"a","7157":"r","7158":"c","7159":"h","7160":"-","7161":"t","7162":"o","7163":"g","7164":"g","7165":"l","7166":"e","7167":" ","7168":"{","7169":"\\","7170":"n","7171":" ","7172":" ","7173":"f","7174":"o","7175":"n","7176":"t","7177":"-","7178":"s","7179":"i","7180":"z","7181":"e","7182":":","7183":" ","7184":"1","7185":".","7186":"2","7187":"5","7188":"e","7189":"m","7190":";","7191":"\\","7192":"n","7193":" ","7194":" ","7195":"f","7196":"o","7197":"n","7198":"t","7199":"-","7200":"w","7201":"e","7202":"i","7203":"g","7204":"h","7205":"t","7206":":","7207":" ","7208":"5","7209":"0","7210":"0","7211":";","7212":"\\","7213":"n","7214":" ","7215":" ","7216":"t","7217":"e","7218":"x","7219":"t","7220":"-","7221":"a","7222":"l","7223":"i","7224":"g","7225":"n","7226":":","7227":" ","7228":"l","7229":"e","7230":"f","7231":"t","7232":";","7233":"\\","7234":"n","7235":" ","7236":" ","7237":"m","7238":"a","7239":"r","7240":"g","7241":"i","7242":"n","7243":"-","7244":"l","7245":"e","7246":"f","7247":"t","7248":":","7249":" ","7250":"6","7251":"%","7252":";","7253":"\\","7254":"n","7255":"}","7256":"\\","7257":"n","7258":"\\","7259":"n","7260":".","7261":"r","7262":"e","7263":"s","7264":"u","7265":"l","7266":"t","7267":"s","7268":"-","7269":"h","7270":"e","7271":"a","7272":"d","7273":"e","7274":"r","7275":" ","7276":"{","7277":"\\","7278":"n","7279":" ","7280":" ","7281":"h","7282":"e","7283":"i","7284":"g","7285":"h","7286":"t","7287":":","7288":" ","7289":"1","7290":"0","7291":"v","7292":"h","7293":";","7294":"\\","7295":"n","7296":" ","7297":" ","7298":"w","7299":"i","7300":"d","7301":"t","7302":"h","7303":":","7304":" ","7305":"1","7306":"0","7307":"0","7308":"%","7309":";","7310":"\\","7311":"n","7312":" ","7313":" ","7314":"b","7315":"a","7316":"c","7317":"k","7318":"g","7319":"r","7320":"o","7321":"u","7322":"n","7323":"d","7324":"-","7325":"c","7326":"o","7327":"l","7328":"o","7329":"r","7330":":","7331":" ","7332":"#","7333":"5","7334":"5","7335":"5","7336":"5","7337":"5","7338":"5","7339":";","7340":"\\","7341":"n","7342":"\\","7343":"n","7344":" ","7345":" ","7346":".","7347":"r","7348":"e","7349":"s","7350":"u","7351":"l","7352":"t","7353":"s","7354":"-","7355":"t","7356":"o","7357":"t","7358":"a","7359":"l","7360":" ","7361":"{","7362":"\\","7363":"n","7364":" ","7365":" ","7366":" ","7367":" ","7368":"f","7369":"l","7370":"o","7371":"a","7372":"t","7373":":","7374":" ","7375":"l","7376":"e","7377":"f","7378":"t","7379":";","7380":"\\","7381":"n","7382":" ","7383":" ","7384":" ","7385":" ","7386":"p","7387":"o","7388":"s","7389":"i","7390":"t","7391":"i","7392":"o","7393":"n","7394":":","7395":" ","7396":"r","7397":"e","7398":"l","7399":"a","7400":"t","7401":"i","7402":"v","7403":"e","7404":";","7405":"\\","7406":"n","7407":" ","7408":" ","7409":" ","7410":" ","7411":"t","7412":"o","7413":"p","7414":":","7415":" ","7416":"1","7417":".","7418":"2","7419":"e","7420":"m","7421":";","7422":"\\","7423":"n","7424":" ","7425":" ","7426":" ","7427":" ","7428":"f","7429":"o","7430":"n","7431":"t","7432":"-","7433":"w","7434":"e","7435":"i","7436":"g","7437":"h","7438":"t","7439":":","7440":" ","7441":"7","7442":"0","7443":"0","7444":";","7445":"\\","7446":"n","7447":" ","7448":" ","7449":" ","7450":" ","7451":"f","7452":"o","7453":"n","7454":"t","7455":"-","7456":"s","7457":"i","7458":"z","7459":"e","7460":":","7461":" ","7462":"1","7463":".","7464":"2","7465":"5","7466":"e","7467":"m","7468":";","7469":"\\","7470":"n","7471":" ","7472":" ","7473":" ","7474":" ","7475":"f","7476":"o","7477":"n","7478":"t","7479":"-","7480":"f","7481":"a","7482":"m","7483":"i","7484":"l","7485":"y","7486":":","7487":" ","7488":"s","7489":"y","7490":"s","7491":"t","7492":"e","7493":"m","7494":"-","7495":"u","7496":"i","7497":",","7498":" ","7499":"-","7500":"a","7501":"p","7502":"p","7503":"l","7504":"e","7505":"-","7506":"s","7507":"y","7508":"s","7509":"t","7510":"e","7511":"m","7512":",","7513":" ","7514":"B","7515":"l","7516":"i","7517":"n","7518":"k","7519":"M","7520":"a","7521":"c","7522":"S","7523":"y","7524":"s","7525":"t","7526":"e","7527":"m","7528":"F","7529":"o","7530":"n","7531":"t","7532":",","7533":" ","7534":"\\","7535":"\"","7536":"S","7537":"e","7538":"g","7539":"o","7540":"e","7541":" ","7542":"U","7543":"I","7544":"\\","7545":"\"","7546":",","7547":"\\","7548":"n","7549":" ","7550":" ","7551":" ","7552":" ","7553":" ","7554":" ","7555":"R","7556":"o","7557":"b","7558":"o","7559":"t","7560":"o","7561":",","7562":" ","7563":"O","7564":"x","7565":"y","7566":"g","7567":"e","7568":"n","7569":",","7570":" ","7571":"U","7572":"b","7573":"u","7574":"n","7575":"t","7576":"u","7577":",","7578":" ","7579":"C","7580":"a","7581":"n","7582":"t","7583":"a","7584":"r","7585":"e","7586":"l","7587":"l","7588":",","7589":" ","7590":"\\","7591":"\"","7592":"O","7593":"p","7594":"e","7595":"n","7596":" ","7597":"S","7598":"a","7599":"n","7600":"s","7601":"\\","7602":"\"","7603":",","7604":" ","7605":"\\","7606":"\"","7607":"H","7608":"e","7609":"l","7610":"v","7611":"e","7612":"t","7613":"i","7614":"c","7615":"a","7616":" ","7617":"N","7618":"e","7619":"u","7620":"e","7621":"\\","7622":"\"","7623":",","7624":"\\","7625":"n","7626":" ","7627":" ","7628":" ","7629":" ","7630":" ","7631":" ","7632":"s","7633":"a","7634":"n","7635":"s","7636":"-","7637":"s","7638":"e","7639":"r","7640":"i","7641":"f","7642":";","7643":"\\","7644":"n","7645":" ","7646":" ","7647":" ","7648":" ","7649":"m","7650":"a","7651":"r","7652":"g","7653":"i","7654":"n","7655":":","7656":" ","7657":"0","7658":" ","7659":"0","7660":" ","7661":"1","7662":"%","7663":" ","7664":"6","7665":"%","7666":";","7667":"\\","7668":"n","7669":" ","7670":" ","7671":" ","7672":" ","7673":"c","7674":"o","7675":"l","7676":"o","7677":"r","7678":":","7679":" ","7680":"w","7681":"h","7682":"i","7683":"t","7684":"e","7685":";","7686":"\\","7687":"n","7688":" ","7689":" ","7690":"}","7691":"\\","7692":"n","7693":"\\","7694":"n","7695":" ","7696":" ","7697":".","7698":"r","7699":"e","7700":"s","7701":"u","7702":"l","7703":"t","7704":"s","7705":"-","7706":"t","7707":"o","7708":"g","7709":"g","7710":"l","7711":"e","7712":" ","7713":"{","7714":"\\","7715":"n","7716":" ","7717":" ","7718":" ","7719":" ","7720":"f","7721":"l","7722":"o","7723":"a","7724":"t","7725":":","7726":" ","7727":"r","7728":"i","7729":"g","7730":"h","7731":"t","7732":";","7733":"\\","7734":"n","7735":" ","7736":" ","7737":" ","7738":" ","7739":"m","7740":"a","7741":"r","7742":"g","7743":"i","7744":"n","7745":":","7746":" ","7747":"1","7748":"%","7749":" ","7750":"5","7751":"%","7752":" ","7753":"0","7754":" ","7755":"0","7756":";","7757":"\\","7758":"n","7759":" ","7760":" ","7761":" ","7762":" ","7763":"c","7764":"o","7765":"l","7766":"o","7767":"r","7768":":","7769":" ","7770":"w","7771":"h","7772":"i","7773":"t","7774":"e","7775":";","7776":"\\","7777":"n","7778":" ","7779":" ","7780":"}","7781":"\\","7782":"n","7783":"}","7784":"\\","7785":"n","7786":"\\","7787":"n","7788":".","7789":"r","7790":"e","7791":"s","7792":"u","7793":"l","7794":"t","7795":"s","7796":"-","7797":"m","7798":"a","7799":"i","7800":"n","7801":" ","7802":"{","7803":"\\","7804":"n","7805":" ","7806":" ","7807":"b","7808":"a","7809":"c","7810":"k","7811":"g","7812":"r","7813":"o","7814":"u","7815":"n","7816":"d","7817":"-","7818":"c","7819":"o","7820":"l","7821":"o","7822":"r","7823":":","7824":" ","7825":"#","7826":"2","7827":"3","7828":"2","7829":"3","7830":"2","7831":"3","7832":";","7833":"\\","7834":"n","7835":" ","7836":" ","7837":"c","7838":"o","7839":"l","7840":"o","7841":"r","7842":":","7843":" ","7844":"#","7845":"f","7846":"f","7847":"f","7848":"f","7849":"f","7850":"f","7851":";","7852":"\\","7853":"n","7854":"}","7855":"\\","7856":"n","7857":"\\","7858":"n","7859":"f","7860":"o","7861":"o","7862":"t","7863":"e","7864":"r","7865":" ","7866":"{","7867":"\\","7868":"n","7869":" ","7870":" ","7871":"w","7872":"i","7873":"d","7874":"t","7875":"h","7876":":","7877":" ","7878":"1","7879":"0","7880":"0","7881":"%","7882":";","7883":"\\","7884":"n","7885":" ","7886":" ","7887":"h","7888":"e","7889":"i","7890":"g","7891":"h","7892":"t","7893":":","7894":" ","7895":"1","7896":"0","7897":"v","7898":"h","7899":";","7900":"\\","7901":"n","7902":" ","7903":" ","7904":"b","7905":"a","7906":"c","7907":"k","7908":"g","7909":"r","7910":"o","7911":"u","7912":"n","7913":"d","7914":"-","7915":"c","7916":"o","7917":"l","7918":"o","7919":"r","7920":":","7921":" ","7922":"#","7923":"4","7924":"2","7925":"4","7926":"2","7927":"4","7928":"2","7929":";","7930":"\\","7931":"n","7932":"\\","7933":"n","7934":" ","7935":" ","7936":".","7937":"l","7938":"o","7939":"g","7940":"o","7941":"-","7942":"w","7943":"r","7944":"a","7945":"p","7946":"p","7947":"e","7948":"r","7949":" ","7950":"{","7951":"\\","7952":"n","7953":" ","7954":" ","7955":" ","7956":" ","7957":"p","7958":"o","7959":"s","7960":"i","7961":"t","7962":"i","7963":"o","7964":"n","7965":":","7966":" ","7967":"r","7968":"e","7969":"l","7970":"a","7971":"t","7972":"i","7973":"v","7974":"e","7975":";","7976":"\\","7977":"n","7978":" ","7979":" ","7980":" ","7981":" ","7982":"t","7983":"o","7984":"p","7985":":","7986":" ","7987":"3","7988":"5","7989":"%","7990":";","7991":"\\","7992":"n","7993":" ","7994":" ","7995":"}","7996":"\\","7997":"n","7998":"}","7999":"\\","8000":"n","8001":"\\","8002":"n","8003":".","8004":"e","8005":"m","8006":"p","8007":"t","8008":"y","8009":"-","8010":"l","8011":"i","8012":"s","8013":"t","8014":" ","8015":"{","8016":"\\","8017":"n","8018":" ","8019":" ","8020":"f","8021":"o","8022":"n","8023":"t","8024":"-","8025":"s","8026":"i","8027":"z","8028":"e","8029":":","8030":" ","8031":"3","8032":"e","8033":"m","8034":";","8035":"\\","8036":"n","8037":" ","8038":" ","8039":"d","8040":"i","8041":"s","8042":"p","8043":"l","8044":"a","8045":"y","8046":":","8047":" ","8048":"b","8049":"l","8050":"o","8051":"c","8052":"k","8053":";","8054":"\\","8055":"n","8056":" ","8057":" ","8058":"p","8059":"o","8060":"s","8061":"i","8062":"t","8063":"i","8064":"o","8065":"n","8066":":","8067":" ","8068":"r","8069":"e","8070":"l","8071":"a","8072":"t","8073":"i","8074":"v","8075":"e","8076":";","8077":"\\","8078":"n","8079":" ","8080":" ","8081":"t","8082":"o","8083":"p","8084":":","8085":" ","8086":"2","8087":"5","8088":"%","8089":";","8090":"\\","8091":"n","8092":"}","8093":"\\","8094":"n","8095":"<","8096":"/","8097":"s","8098":"t","8099":"y","8100":"l","8101":"e","8102":">","8103":"\\","8104":"n","8105":"\"","8106":"]","8107":"}"},"_coverageSchema":"1a1c01bbd47fc00a2c39e90264f33305004495a9","hash":"cba2aa55fa6157c04051c727d726d7a7e7c53c27"}
}
