TN:
SF:mocks/movieData.mock.ts
FNF:0
FNH:0
DA:3,3
LF:1
LH:1
BRF:0
BRH:0
end_of_record
TN:
SF:src/assets/anh.png
FNF:0
FNH:0
DA:1,3
LF:1
LH:1
BRF:0
BRH:0
end_of_record
TN:
SF:src/assets/aotc.png
FNF:0
FNH:0
DA:1,1
LF:1
LH:1
BRF:0
BRH:0
end_of_record
TN:
SF:src/assets/rotj.png
FNF:0
FNH:0
DA:1,1
LF:1
LH:1
BRF:0
BRH:0
end_of_record
TN:
SF:src/assets/rots.png
FNF:0
FNH:0
DA:1,1
LF:1
LH:1
BRF:0
BRH:0
end_of_record
TN:
SF:src/assets/tesb.png
FNF:0
FNH:0
DA:1,1
LF:1
LH:1
BRF:0
BRH:0
end_of_record
TN:
SF:src/assets/tpm.png
FNF:0
FNH:0
DA:1,1
LF:1
LH:1
BRF:0
BRH:0
end_of_record
TN:
SF:src/components/MyButton.vue
FN:23,(anonymous_0)
FN:29,(anonymous_1)
FN:37,(anonymous_2)
FN:45,(anonymous_3)
FN:62,render
FN:67,(anonymous_5)
FN:77,(anonymous_6)
FNF:7
FNH:6
FNDA:17,(anonymous_0)
FNDA:17,(anonymous_1)
FNDA:1,(anonymous_2)
FNDA:0,(anonymous_3)
FNDA:17,render
FNDA:1,(anonymous_5)
FNDA:18,(anonymous_6)
DA:3,3
DA:6,3
DA:7,3
DA:24,17
DA:30,17
DA:38,1
DA:44,1
DA:45,0
DA:46,0
DA:47,0
DA:49,0
DA:50,0
DA:52,1
DA:54,1
DA:58,3
DA:59,3
DA:60,3
DA:61,3
DA:63,17
DA:68,1
DA:69,1
DA:70,1
DA:72,1
DA:78,18
DA:86,3
DA:87,3
LF:26
LH:21
BRDA:25,0,0,9
BRDA:25,0,1,8
BRDA:44,1,0,0
BRDA:44,1,1,1
BRDA:65,2,0,17
BRDA:65,2,1,17
BRDA:72,3,0,1
BRDA:72,3,1,1
BRDA:75,4,0,8
BRDA:75,4,1,9
BRDA:76,5,0,9
BRDA:76,5,1,8
BRDA:81,6,0,18
BRDA:81,6,1,0
BRF:14
BRH:12
end_of_record
TN:
SF:src/components/MyLogo.vue
FN:27,render
FNF:1
FNH:1
FNDA:15,render
DA:3,2
DA:6,2
DA:7,2
DA:8,2
DA:17,2
DA:18,2
DA:19,2
DA:20,2
DA:21,2
DA:22,2
DA:23,2
DA:28,15
DA:32,2
DA:33,2
LF:14
LH:14
BRF:0
BRH:0
end_of_record
TN:
SF:src/components/MyMovieCard.vue
FN:18,(anonymous_0)
FN:19,(anonymous_1)
FN:36,render
FN:39,(anonymous_3)
FNF:4
FNH:3
FNDA:43,(anonymous_0)
FNDA:136,(anonymous_1)
FNDA:43,render
FNDA:0,(anonymous_3)
DA:3,2
DA:6,2
DA:7,2
DA:8,2
DA:19,43
DA:20,136
DA:22,43
DA:27,2
DA:28,2
DA:29,2
DA:30,2
DA:31,2
DA:32,2
DA:33,2
DA:34,2
DA:35,2
DA:37,43
DA:39,0
DA:52,2
DA:53,2
LF:20
LH:19
BRDA:39,0,0,43
BRDA:39,0,1,43
BRF:2
BRH:2
end_of_record
TN:
SF:src/components/MyMovieDisplay.vue
FN:3,(anonymous_0)
FN:4,(anonymous_1)
FN:22,(anonymous_2)
FN:45,render
FNF:4
FNH:3
FNDA:2,(anonymous_0)
FNDA:0,(anonymous_1)
FNDA:10,(anonymous_2)
FNDA:10,render
DA:3,2
DA:4,2
DA:5,0
DA:6,0
DA:7,0
DA:9,0
DA:11,2
DA:13,2
DA:16,2
DA:17,2
DA:18,2
DA:19,2
DA:23,10
DA:28,2
DA:29,2
DA:30,2
DA:31,2
DA:32,2
DA:36,2
DA:37,2
DA:38,2
DA:39,2
DA:40,2
DA:41,2
DA:42,2
DA:43,2
DA:44,2
DA:46,10
DA:69,2
DA:70,2
LF:30
LH:26
BRDA:3,0,0,2
BRDA:3,0,1,2
BRDA:3,0,2,2
BRDA:4,1,0,2
BRDA:4,1,1,0
BRDA:7,2,0,0
BRDA:7,2,1,0
BRDA:46,3,0,9
BRDA:46,3,1,1
BRF:9
BRH:6
end_of_record
TN:
SF:src/components/MySearch.vue
FN:3,(anonymous_0)
FN:4,(anonymous_1)
FN:13,(anonymous_2)
FN:29,(anonymous_3)
FN:37,(anonymous_4)
FN:42,(anonymous_5)
FN:52,render
FN:58,(anonymous_7)
FN:61,(anonymous_8)
FNF:9
FNH:8
FNDA:4,(anonymous_0)
FNDA:0,(anonymous_1)
FNDA:2,(anonymous_2)
FNDA:7,(anonymous_3)
FNDA:2,(anonymous_4)
FNDA:4,(anonymous_5)
FNDA:11,render
FNDA:4,(anonymous_7)
FNDA:1,(anonymous_8)
DA:3,2
DA:4,4
DA:5,0
DA:6,0
DA:7,0
DA:9,0
DA:11,4
DA:13,2
DA:14,2
DA:18,2
DA:21,2
DA:22,2
DA:23,2
DA:24,2
DA:30,7
DA:38,2
DA:43,4
DA:48,2
DA:49,2
DA:50,2
DA:51,2
DA:53,11
DA:54,11
DA:58,4
DA:62,1
DA:63,1
DA:64,1
DA:66,1
DA:77,2
DA:78,2
LF:30
LH:26
BRDA:3,0,0,2
BRDA:3,0,1,2
BRDA:3,0,2,2
BRDA:4,1,0,4
BRDA:4,1,1,0
BRDA:7,2,0,0
BRDA:7,2,1,0
BRDA:13,3,0,2
BRDA:13,3,1,2
BRDA:13,3,2,2
BRDA:14,4,0,2
BRDA:14,4,1,0
BRDA:14,5,0,2
BRDA:14,5,1,2
BRDA:58,6,0,11
BRDA:58,6,1,7
BRDA:59,7,0,11
BRDA:59,7,1,7
BRDA:66,8,0,1
BRDA:66,8,1,1
BRF:20
BRH:16
end_of_record
TN:
SF:src/definitions/MainPage.definitions.ts
FN:4,(anonymous_0)
FN:9,(anonymous_1)
FNF:2
FNH:2
FNDA:1,(anonymous_0)
FNDA:1,(anonymous_1)
DA:4,1
DA:5,1
DA:6,1
DA:9,1
DA:10,1
DA:11,1
LF:6
LH:6
BRDA:4,0,0,1
BRDA:4,0,1,1
BRDA:9,1,0,1
BRDA:9,1,1,1
BRF:4
BRH:4
end_of_record
TN:
SF:src/definitions/MyLogo.definitions.ts
FN:1,(anonymous_0)
FNF:1
FNH:1
FNDA:2,(anonymous_0)
DA:1,2
DA:2,2
DA:3,2
DA:4,2
DA:5,2
DA:6,2
LF:6
LH:6
BRDA:1,0,0,2
BRDA:1,0,1,2
BRF:2
BRH:2
end_of_record
TN:
SF:src/mixins/enums.mixin.ts
FN:8,(anonymous_0)
FNF:1
FNH:1
FNDA:7,(anonymous_0)
DA:1,1
DA:5,1
DA:7,1
DA:9,7
LF:4
LH:4
BRF:0
BRH:0
end_of_record
TN:
SF:src/mixins/imageUtils.mixin.ts
FN:3,(anonymous_0)
FNF:1
FNH:1
FNDA:52,(anonymous_0)
DA:1,3
DA:4,52
LF:2
LH:2
BRF:0
BRH:0
end_of_record
TN:
SF:src/pages/Main.page.vue
FN:3,(anonymous_0)
FN:4,(anonymous_1)
FN:13,(anonymous_2)
FN:39,(anonymous_3)
FN:45,(anonymous_4)
FN:53,(anonymous_5)
FN:65,(anonymous_6)
FN:68,(anonymous_7)
FN:74,(anonymous_8)
FN:77,(anonymous_9)
FN:81,(anonymous_10)
FN:106,render
FN:130,(anonymous_12)
FN:172,(anonymous_13)
FNF:14
FNH:10
FNDA:3,(anonymous_0)
FNDA:0,(anonymous_1)
FNDA:5,(anonymous_2)
FNDA:7,(anonymous_3)
FNDA:7,(anonymous_4)
FNDA:7,(anonymous_5)
FNDA:0,(anonymous_6)
FNDA:1,(anonymous_7)
FNDA:0,(anonymous_8)
FNDA:0,(anonymous_9)
FNDA:7,(anonymous_10)
FNDA:7,render
FNDA:1,(anonymous_12)
FNDA:42,(anonymous_13)
DA:3,1
DA:4,3
DA:5,0
DA:6,0
DA:7,0
DA:9,0
DA:11,3
DA:13,1
DA:14,5
DA:18,1
DA:21,1
DA:22,1
DA:23,1
DA:24,1
DA:25,1
DA:26,1
DA:27,1
DA:28,1
DA:29,1
DA:30,1
DA:40,7
DA:46,7
DA:54,7
DA:66,0
DA:69,1
DA:70,1
DA:75,0
DA:78,0
DA:82,7
DA:83,7
DA:84,7
DA:88,1
DA:89,1
DA:90,1
DA:91,1
DA:92,1
DA:93,1
DA:94,1
DA:95,1
DA:96,1
DA:97,1
DA:98,1
DA:99,1
DA:100,1
DA:101,1
DA:102,1
DA:107,7
DA:108,7
DA:109,7
DA:110,7
DA:111,7
DA:112,7
DA:130,1
DA:173,42
DA:191,1
DA:192,1
LF:56
LH:49
BRDA:3,0,0,1
BRDA:3,0,1,1
BRDA:3,0,2,1
BRDA:4,1,0,3
BRDA:4,1,1,0
BRDA:7,2,0,0
BRDA:7,2,1,0
BRDA:13,3,0,1
BRDA:13,3,1,1
BRDA:13,3,2,1
BRDA:14,4,0,5
BRDA:14,4,1,0
BRDA:14,5,0,5
BRDA:14,5,1,5
BRDA:70,6,0,1
BRDA:70,6,1,0
BRDA:126,7,0,5
BRDA:126,7,1,2
BRDA:130,8,0,5
BRDA:130,8,1,5
BRDA:134,9,0,2
BRDA:134,9,1,5
BRDA:168,10,0,7
BRDA:168,10,1,0
BRDA:169,11,0,7
BRDA:169,11,1,0
BRDA:179,12,0,0
BRDA:179,12,1,7
BRF:28
BRH:20
end_of_record
